This file contains any messages produced by compilers while
running configure, to aid debugging if configure makes a mistake.

It was created by usbiputils configure 0.0.1, which was
generated by GNU Autoconf 2.59.  Invocation command line was

  $ ./configure --host=mips-linux-uclibc --enable-shared=no --enable-static=yes --without-PACKAGE

## --------- ##
## Platform. ##
## --------- ##

hostname = rd3linux.tplink
uname -m = i686
uname -r = 2.6.9-5.ELsmp
uname -s = Linux
uname -v = #1 SMP Wed Jan 5 19:30:39 EST 2005

/usr/bin/uname -p = unknown
/bin/uname -X     = unknown

/bin/arch              = i686
/usr/bin/arch -k       = unknown
/usr/convex/getsysinfo = unknown
hostinfo               = unknown
/bin/machine           = unknown
/usr/bin/oslevel       = unknown
/bin/universe          = unknown

PATH: /opt/trendchip/mips-linux-uclibc/usr/bin
PATH: /home/yangxu/bin/bin
PATH: /usr/kerberos/bin
PATH: /usr/local/bin
PATH: /bin
PATH: /usr/bin
PATH: /usr/X11R6/bin
PATH: /sbin


## ----------- ##
## Core tests. ##
## ----------- ##

configure:1554: checking for a BSD-compatible install
configure:1609: result: /usr/bin/install -c
configure:1620: checking whether build environment is sane
configure:1663: result: yes
configure:1728: checking for gawk
configure:1744: found /bin/gawk
configure:1754: result: gawk
configure:1764: checking whether make sets $(MAKE)
configure:1784: result: yes
configure:1860: checking for mips-linux-uclibc-strip
configure:1886: result: mips-linux-uclibc-strip
configure:2036: checking build system type
configure:2054: result: i686-pc-linux-gnu
configure:2062: checking host system type
configure:2076: result: mips-unknown-linux-uclibc
configure:2096: checking for style of include used by make
configure:2124: result: GNU
configure:2157: checking for mips-linux-uclibc-gcc
configure:2183: result: mips-linux-uclibc-gcc
configure:2465: checking for C compiler version
configure:2468: mips-linux-uclibc-gcc --version </dev/null >&5
mips-linux-uclibc-gcc (GCC) 4.3.4
Copyright (C) 2008 Free Software Foundation, Inc.
This is free software; see the source for copying conditions.  There is NO
warranty; not even for MERCHANTABILITY or FITNESS FOR A PARTICULAR PURPOSE.

configure:2471: $? = 0
configure:2473: mips-linux-uclibc-gcc -v </dev/null >&5
Using built-in specs.
Target: mips-linux-uclibc
Configured with: /home/socsw_local/lino/toolchain/tc3262/buildroot-2009.11/output/toolchain/gcc-4.3.4/configure --prefix=/usr --build=i386-pc-linux-gnu --host=i386-pc-linux-gnu --target=mips-linux-uclibc --enable-languages=c,c++ --with-sysroot=/opt/trendchip/mips-linux-uclibc --with-build-time-tools=/opt/trendchip/mips-linux-uclibc/usr/mips-linux-uclibc/bin --disable-__cxa_atexit --enable-target-optspace --with-gnu-ld --disable-libssp --enable-tls --enable-shared --with-gmp=/home/socsw_local/lino/toolchain/tc3262/buildroot-2009.11/output/toolchain/gmp --with-mpfr=/home/socsw_local/lino/toolchain/tc3262/buildroot-2009.11/output/toolchain/mpfr --disable-nls --enable-threads --disable-multilib --disable-decimal-float --with-float=soft --with-abi=32 --with-tune=mips32r2
Thread model: posix
gcc version 4.3.4 (GCC) 
configure:2476: $? = 0
configure:2478: mips-linux-uclibc-gcc -V </dev/null >&5
mips-linux-uclibc-gcc: '-V' option must have argument
configure:2481: $? = 1
configure:2504: checking for C compiler default output file name
configure:2507: mips-linux-uclibc-gcc    conftest.c  >&5
configure:2510: $? = 0
configure:2556: result: a.out
configure:2561: checking whether the C compiler works
configure:2567: ./a.out
./configure: line 2568: ./a.out: cannot execute binary file
configure:2570: $? = 126
configure:2587: result: yes
configure:2594: checking whether we are cross compiling
configure:2596: result: yes
configure:2599: checking for suffix of executables
configure:2601: mips-linux-uclibc-gcc -o conftest    conftest.c  >&5
configure:2604: $? = 0
configure:2629: result: 
configure:2635: checking for suffix of object files
configure:2656: mips-linux-uclibc-gcc -c   conftest.c >&5
configure:2659: $? = 0
configure:2681: result: o
configure:2685: checking whether we are using the GNU C compiler
configure:2709: mips-linux-uclibc-gcc -c   conftest.c >&5
configure:2715: $? = 0
configure:2719: test -z 
			 || test ! -s conftest.err
configure:2722: $? = 0
configure:2725: test -s conftest.o
configure:2728: $? = 0
configure:2741: result: yes
configure:2747: checking whether mips-linux-uclibc-gcc accepts -g
configure:2768: mips-linux-uclibc-gcc -c -g  conftest.c >&5
configure:2774: $? = 0
configure:2778: test -z 
			 || test ! -s conftest.err
configure:2781: $? = 0
configure:2784: test -s conftest.o
configure:2787: $? = 0
configure:2798: result: yes
configure:2815: checking for mips-linux-uclibc-gcc option to accept ANSI C
configure:2885: mips-linux-uclibc-gcc  -c -g -O2  conftest.c >&5
configure:2891: $? = 0
configure:2895: test -z 
			 || test ! -s conftest.err
configure:2898: $? = 0
configure:2901: test -s conftest.o
configure:2904: $? = 0
configure:2922: result: none needed
configure:2940: mips-linux-uclibc-gcc -c -g -O2  conftest.c >&5
conftest.c:2: error: expected '=', ',', ';', 'asm' or '__attribute__' before 'me'
configure:2946: $? = 1
configure: failed program was:
| #ifndef __cplusplus
|   choke me
| #endif
configure:3081: checking dependency style of mips-linux-uclibc-gcc
configure:3171: result: gcc3
configure:3188: checking for a sed that does not truncate output
configure:3242: result: /bin/sed
configure:3245: checking for egrep
configure:3255: result: grep -E
configure:3271: checking for ld used by mips-linux-uclibc-gcc
configure:3338: result: mips-linux-uclibc-ld
configure:3347: checking if the linker (mips-linux-uclibc-ld) is GNU ld
configure:3362: result: yes
configure:3367: checking for mips-linux-uclibc-ld option to reload object files
configure:3374: result: -r
configure:3383: checking for BSD-compatible nm
configure:3425: result: /opt/trendchip/mips-linux-uclibc/usr/bin/mips-linux-uclibc-nm -B
configure:3429: checking whether ln -s works
configure:3433: result: yes
configure:3440: checking how to recognise dependent libraries
configure:3623: result: pass_all
configure:3837: checking how to run the C preprocessor
configure:3872: mips-linux-uclibc-gcc -E  conftest.c
configure:3878: $? = 0
configure:3910: mips-linux-uclibc-gcc -E  conftest.c
conftest.c:11:28: error: ac_nonexistent.h: No such file or directory
configure:3916: $? = 1
configure: failed program was:
| /* confdefs.h.  */
| 
| #define PACKAGE_NAME "usbiputils"
| #define PACKAGE_TARNAME "usbiputils"
| #define PACKAGE_VERSION "0.0.1"
| #define PACKAGE_STRING "usbiputils 0.0.1"
| #define PACKAGE_BUGREPORT "taka-hir@is.naist.jp"
| #define PACKAGE "usbiputils"
| #define VERSION "0.0.1"
| /* end confdefs.h.  */
| #include <ac_nonexistent.h>
configure:3955: result: mips-linux-uclibc-gcc -E
configure:3979: mips-linux-uclibc-gcc -E  conftest.c
configure:3985: $? = 0
configure:4017: mips-linux-uclibc-gcc -E  conftest.c
conftest.c:11:28: error: ac_nonexistent.h: No such file or directory
configure:4023: $? = 1
configure: failed program was:
| /* confdefs.h.  */
| 
| #define PACKAGE_NAME "usbiputils"
| #define PACKAGE_TARNAME "usbiputils"
| #define PACKAGE_VERSION "0.0.1"
| #define PACKAGE_STRING "usbiputils 0.0.1"
| #define PACKAGE_BUGREPORT "taka-hir@is.naist.jp"
| #define PACKAGE "usbiputils"
| #define VERSION "0.0.1"
| /* end confdefs.h.  */
| #include <ac_nonexistent.h>
configure:4067: checking for ANSI C header files
configure:4092: mips-linux-uclibc-gcc -c -g -O2  conftest.c >&5
configure:4098: $? = 0
configure:4102: test -z 
			 || test ! -s conftest.err
configure:4105: $? = 0
configure:4108: test -s conftest.o
configure:4111: $? = 0
configure:4223: result: yes
configure:4247: checking for sys/types.h
configure:4263: mips-linux-uclibc-gcc -c -g -O2  conftest.c >&5
configure:4269: $? = 0
configure:4273: test -z 
			 || test ! -s conftest.err
configure:4276: $? = 0
configure:4279: test -s conftest.o
configure:4282: $? = 0
configure:4293: result: yes
configure:4247: checking for sys/stat.h
configure:4263: mips-linux-uclibc-gcc -c -g -O2  conftest.c >&5
configure:4269: $? = 0
configure:4273: test -z 
			 || test ! -s conftest.err
configure:4276: $? = 0
configure:4279: test -s conftest.o
configure:4282: $? = 0
configure:4293: result: yes
configure:4247: checking for stdlib.h
configure:4263: mips-linux-uclibc-gcc -c -g -O2  conftest.c >&5
configure:4269: $? = 0
configure:4273: test -z 
			 || test ! -s conftest.err
configure:4276: $? = 0
configure:4279: test -s conftest.o
configure:4282: $? = 0
configure:4293: result: yes
configure:4247: checking for string.h
configure:4263: mips-linux-uclibc-gcc -c -g -O2  conftest.c >&5
configure:4269: $? = 0
configure:4273: test -z 
			 || test ! -s conftest.err
configure:4276: $? = 0
configure:4279: test -s conftest.o
configure:4282: $? = 0
configure:4293: result: yes
configure:4247: checking for memory.h
configure:4263: mips-linux-uclibc-gcc -c -g -O2  conftest.c >&5
configure:4269: $? = 0
configure:4273: test -z 
			 || test ! -s conftest.err
configure:4276: $? = 0
configure:4279: test -s conftest.o
configure:4282: $? = 0
configure:4293: result: yes
configure:4247: checking for strings.h
configure:4263: mips-linux-uclibc-gcc -c -g -O2  conftest.c >&5
configure:4269: $? = 0
configure:4273: test -z 
			 || test ! -s conftest.err
configure:4276: $? = 0
configure:4279: test -s conftest.o
configure:4282: $? = 0
configure:4293: result: yes
configure:4247: checking for inttypes.h
configure:4263: mips-linux-uclibc-gcc -c -g -O2  conftest.c >&5
configure:4269: $? = 0
configure:4273: test -z 
			 || test ! -s conftest.err
configure:4276: $? = 0
configure:4279: test -s conftest.o
configure:4282: $? = 0
configure:4293: result: yes
configure:4247: checking for stdint.h
configure:4263: mips-linux-uclibc-gcc -c -g -O2  conftest.c >&5
configure:4269: $? = 0
configure:4273: test -z 
			 || test ! -s conftest.err
configure:4276: $? = 0
configure:4279: test -s conftest.o
configure:4282: $? = 0
configure:4293: result: yes
configure:4247: checking for unistd.h
configure:4263: mips-linux-uclibc-gcc -c -g -O2  conftest.c >&5
configure:4269: $? = 0
configure:4273: test -z 
			 || test ! -s conftest.err
configure:4276: $? = 0
configure:4279: test -s conftest.o
configure:4282: $? = 0
configure:4293: result: yes
configure:4319: checking dlfcn.h usability
configure:4331: mips-linux-uclibc-gcc -c -g -O2  conftest.c >&5
configure:4337: $? = 0
configure:4341: test -z 
			 || test ! -s conftest.err
configure:4344: $? = 0
configure:4347: test -s conftest.o
configure:4350: $? = 0
configure:4360: result: yes
configure:4364: checking dlfcn.h presence
configure:4374: mips-linux-uclibc-gcc -E  conftest.c
configure:4380: $? = 0
configure:4400: result: yes
configure:4435: checking for dlfcn.h
configure:4442: result: yes
configure:4465: checking for mips-linux-uclibc-g++
configure:4481: found /opt/trendchip/mips-linux-uclibc/usr/bin/mips-linux-uclibc-g++
configure:4491: result: mips-linux-uclibc-g++
configure:4549: checking for C++ compiler version
configure:4552: mips-linux-uclibc-g++ --version </dev/null >&5
mips-linux-uclibc-g++ (GCC) 4.3.4
Copyright (C) 2008 Free Software Foundation, Inc.
This is free software; see the source for copying conditions.  There is NO
warranty; not even for MERCHANTABILITY or FITNESS FOR A PARTICULAR PURPOSE.

configure:4555: $? = 0
configure:4557: mips-linux-uclibc-g++ -v </dev/null >&5
Using built-in specs.
Target: mips-linux-uclibc
Configured with: /home/socsw_local/lino/toolchain/tc3262/buildroot-2009.11/output/toolchain/gcc-4.3.4/configure --prefix=/usr --build=i386-pc-linux-gnu --host=i386-pc-linux-gnu --target=mips-linux-uclibc --enable-languages=c,c++ --with-sysroot=/opt/trendchip/mips-linux-uclibc --with-build-time-tools=/opt/trendchip/mips-linux-uclibc/usr/mips-linux-uclibc/bin --disable-__cxa_atexit --enable-target-optspace --with-gnu-ld --disable-libssp --enable-tls --enable-shared --with-gmp=/home/socsw_local/lino/toolchain/tc3262/buildroot-2009.11/output/toolchain/gmp --with-mpfr=/home/socsw_local/lino/toolchain/tc3262/buildroot-2009.11/output/toolchain/mpfr --disable-nls --enable-threads --disable-multilib --disable-decimal-float --with-float=soft --with-abi=32 --with-tune=mips32r2
Thread model: posix
gcc version 4.3.4 (GCC) 
configure:4560: $? = 0
configure:4562: mips-linux-uclibc-g++ -V </dev/null >&5
mips-linux-uclibc-g++: '-V' option must have argument
configure:4565: $? = 1
configure:4568: checking whether we are using the GNU C++ compiler
configure:4592: mips-linux-uclibc-g++ -c   conftest.cc >&5
configure:4598: $? = 0
configure:4602: test -z 
			 || test ! -s conftest.err
configure:4605: $? = 0
configure:4608: test -s conftest.o
configure:4611: $? = 0
configure:4624: result: yes
configure:4630: checking whether mips-linux-uclibc-g++ accepts -g
configure:4651: mips-linux-uclibc-g++ -c -g  conftest.cc >&5
configure:4657: $? = 0
configure:4661: test -z 
			 || test ! -s conftest.err
configure:4664: $? = 0
configure:4667: test -s conftest.o
configure:4670: $? = 0
configure:4681: result: yes
configure:4723: mips-linux-uclibc-g++ -c -g -O2  conftest.cc >&5
configure:4729: $? = 0
configure:4733: test -z 
			 || test ! -s conftest.err
configure:4736: $? = 0
configure:4739: test -s conftest.o
configure:4742: $? = 0
configure:4768: mips-linux-uclibc-g++ -c -g -O2  conftest.cc >&5
conftest.cc: In function 'int main()':
conftest.cc:26: error: 'exit' was not declared in this scope
configure:4774: $? = 1
configure: failed program was:
| /* confdefs.h.  */
| 
| #define PACKAGE_NAME "usbiputils"
| #define PACKAGE_TARNAME "usbiputils"
| #define PACKAGE_VERSION "0.0.1"
| #define PACKAGE_STRING "usbiputils 0.0.1"
| #define PACKAGE_BUGREPORT "taka-hir@is.naist.jp"
| #define PACKAGE "usbiputils"
| #define VERSION "0.0.1"
| #define STDC_HEADERS 1
| #define HAVE_SYS_TYPES_H 1
| #define HAVE_SYS_STAT_H 1
| #define HAVE_STDLIB_H 1
| #define HAVE_STRING_H 1
| #define HAVE_MEMORY_H 1
| #define HAVE_STRINGS_H 1
| #define HAVE_INTTYPES_H 1
| #define HAVE_STDINT_H 1
| #define HAVE_UNISTD_H 1
| #define HAVE_DLFCN_H 1
| /* end confdefs.h.  */
| 
| int
| main ()
| {
| exit (42);
|   ;
|   return 0;
| }
configure:4723: mips-linux-uclibc-g++ -c -g -O2  conftest.cc >&5
conftest.cc:22: error: 'void std::exit(int)' should have been declared inside 'std'
configure:4729: $? = 1
configure: failed program was:
| /* confdefs.h.  */
| 
| #define PACKAGE_NAME "usbiputils"
| #define PACKAGE_TARNAME "usbiputils"
| #define PACKAGE_VERSION "0.0.1"
| #define PACKAGE_STRING "usbiputils 0.0.1"
| #define PACKAGE_BUGREPORT "taka-hir@is.naist.jp"
| #define PACKAGE "usbiputils"
| #define VERSION "0.0.1"
| #define STDC_HEADERS 1
| #define HAVE_SYS_TYPES_H 1
| #define HAVE_SYS_STAT_H 1
| #define HAVE_STDLIB_H 1
| #define HAVE_STRING_H 1
| #define HAVE_MEMORY_H 1
| #define HAVE_STRINGS_H 1
| #define HAVE_INTTYPES_H 1
| #define HAVE_STDINT_H 1
| #define HAVE_UNISTD_H 1
| #define HAVE_DLFCN_H 1
| /* end confdefs.h.  */
| extern "C" void std::exit (int) throw (); using std::exit;
| #include <stdlib.h>
| int
| main ()
| {
| exit (42);
|   ;
|   return 0;
| }
configure:4723: mips-linux-uclibc-g++ -c -g -O2  conftest.cc >&5
conftest.cc:22: error: 'void std::exit(int)' should have been declared inside 'std'
In file included from conftest.cc:23:
/opt/trendchip/mips-linux-uclibc/usr/include/stdlib.h:520: error: declaration of 'void std::exit(int) throw ()' throws different exceptions
conftest.cc:22: error: from previous declaration 'void std::exit(int)'
configure:4729: $? = 1
configure: failed program was:
| /* confdefs.h.  */
| 
| #define PACKAGE_NAME "usbiputils"
| #define PACKAGE_TARNAME "usbiputils"
| #define PACKAGE_VERSION "0.0.1"
| #define PACKAGE_STRING "usbiputils 0.0.1"
| #define PACKAGE_BUGREPORT "taka-hir@is.naist.jp"
| #define PACKAGE "usbiputils"
| #define VERSION "0.0.1"
| #define STDC_HEADERS 1
| #define HAVE_SYS_TYPES_H 1
| #define HAVE_SYS_STAT_H 1
| #define HAVE_STDLIB_H 1
| #define HAVE_STRING_H 1
| #define HAVE_MEMORY_H 1
| #define HAVE_STRINGS_H 1
| #define HAVE_INTTYPES_H 1
| #define HAVE_STDINT_H 1
| #define HAVE_UNISTD_H 1
| #define HAVE_DLFCN_H 1
| /* end confdefs.h.  */
| extern "C" void std::exit (int); using std::exit;
| #include <stdlib.h>
| int
| main ()
| {
| exit (42);
|   ;
|   return 0;
| }
configure:4723: mips-linux-uclibc-g++ -c -g -O2  conftest.cc >&5
configure:4729: $? = 0
configure:4733: test -z 
			 || test ! -s conftest.err
configure:4736: $? = 0
configure:4739: test -s conftest.o
configure:4742: $? = 0
configure:4768: mips-linux-uclibc-g++ -c -g -O2  conftest.cc >&5
configure:4774: $? = 0
configure:4778: test -z 
			 || test ! -s conftest.err
configure:4781: $? = 0
configure:4784: test -s conftest.o
configure:4787: $? = 0
configure:4812: checking dependency style of mips-linux-uclibc-g++
configure:4902: result: gcc3
configure:4924: checking how to run the C++ preprocessor
configure:4955: mips-linux-uclibc-g++ -E  conftest.cc
configure:4961: $? = 0
configure:4993: mips-linux-uclibc-g++ -E  conftest.cc
conftest.cc:25:28: error: ac_nonexistent.h: No such file or directory
configure:4999: $? = 1
configure: failed program was:
| /* confdefs.h.  */
| 
| #define PACKAGE_NAME "usbiputils"
| #define PACKAGE_TARNAME "usbiputils"
| #define PACKAGE_VERSION "0.0.1"
| #define PACKAGE_STRING "usbiputils 0.0.1"
| #define PACKAGE_BUGREPORT "taka-hir@is.naist.jp"
| #define PACKAGE "usbiputils"
| #define VERSION "0.0.1"
| #define STDC_HEADERS 1
| #define HAVE_SYS_TYPES_H 1
| #define HAVE_SYS_STAT_H 1
| #define HAVE_STDLIB_H 1
| #define HAVE_STRING_H 1
| #define HAVE_MEMORY_H 1
| #define HAVE_STRINGS_H 1
| #define HAVE_INTTYPES_H 1
| #define HAVE_STDINT_H 1
| #define HAVE_UNISTD_H 1
| #define HAVE_DLFCN_H 1
| #ifdef __cplusplus
| extern "C" void exit (int) throw ();
| #endif
| /* end confdefs.h.  */
| #include <ac_nonexistent.h>
configure:5038: result: mips-linux-uclibc-g++ -E
configure:5062: mips-linux-uclibc-g++ -E  conftest.cc
configure:5068: $? = 0
configure:5100: mips-linux-uclibc-g++ -E  conftest.cc
conftest.cc:25:28: error: ac_nonexistent.h: No such file or directory
configure:5106: $? = 1
configure: failed program was:
| /* confdefs.h.  */
| 
| #define PACKAGE_NAME "usbiputils"
| #define PACKAGE_TARNAME "usbiputils"
| #define PACKAGE_VERSION "0.0.1"
| #define PACKAGE_STRING "usbiputils 0.0.1"
| #define PACKAGE_BUGREPORT "taka-hir@is.naist.jp"
| #define PACKAGE "usbiputils"
| #define VERSION "0.0.1"
| #define STDC_HEADERS 1
| #define HAVE_SYS_TYPES_H 1
| #define HAVE_SYS_STAT_H 1
| #define HAVE_STDLIB_H 1
| #define HAVE_STRING_H 1
| #define HAVE_MEMORY_H 1
| #define HAVE_STRINGS_H 1
| #define HAVE_INTTYPES_H 1
| #define HAVE_STDINT_H 1
| #define HAVE_UNISTD_H 1
| #define HAVE_DLFCN_H 1
| #ifdef __cplusplus
| extern "C" void exit (int) throw ();
| #endif
| /* end confdefs.h.  */
| #include <ac_nonexistent.h>
configure:5159: checking for mips-linux-uclibc-g77
configure:5188: result: no
configure:5159: checking for mips-linux-uclibc-f77
configure:5188: result: no
configure:5159: checking for mips-linux-uclibc-xlf
configure:5188: result: no
configure:5159: checking for mips-linux-uclibc-frt
configure:5188: result: no
configure:5159: checking for mips-linux-uclibc-pgf77
configure:5188: result: no
configure:5159: checking for mips-linux-uclibc-fort77
configure:5188: result: no
configure:5159: checking for mips-linux-uclibc-fl32
configure:5188: result: no
configure:5159: checking for mips-linux-uclibc-af77
configure:5188: result: no
configure:5159: checking for mips-linux-uclibc-f90
configure:5188: result: no
configure:5159: checking for mips-linux-uclibc-xlf90
configure:5188: result: no
configure:5159: checking for mips-linux-uclibc-pgf90
configure:5188: result: no
configure:5159: checking for mips-linux-uclibc-epcf90
configure:5188: result: no
configure:5159: checking for mips-linux-uclibc-f95
configure:5188: result: no
configure:5159: checking for mips-linux-uclibc-fort
configure:5188: result: no
configure:5159: checking for mips-linux-uclibc-xlf95
configure:5188: result: no
configure:5159: checking for mips-linux-uclibc-ifc
configure:5188: result: no
configure:5159: checking for mips-linux-uclibc-efc
configure:5188: result: no
configure:5159: checking for mips-linux-uclibc-pgf95
configure:5188: result: no
configure:5159: checking for mips-linux-uclibc-lf95
configure:5188: result: no
configure:5159: checking for mips-linux-uclibc-gfortran
configure:5188: result: no
configure:5201: checking for g77
configure:5217: found /usr/bin/g77
configure:5227: result: g77
configure:5242: checking for Fortran 77 compiler version
configure:5245: g77 --version </dev/null >&5
GNU Fortran (GCC) 3.4.3 20041212 (Red Hat 3.4.3-9.EL4)
Copyright (C) 2004 Free Software Foundation, Inc.

GNU Fortran comes with NO WARRANTY, to the extent permitted by law.
You may redistribute copies of GNU Fortran
under the terms of the GNU General Public License.
For more information about these matters, see the file named COPYING
or type the command `info -f g77 Copying'.
configure:5248: $? = 0
configure:5250: g77 -v </dev/null >&5
Reading specs from /usr/lib/gcc/i386-redhat-linux/3.4.3/specs
Configured with: ../configure --prefix=/usr --mandir=/usr/share/man --infodir=/usr/share/info --enable-shared --enable-threads=posix --disable-checking --with-system-zlib --enable-__cxa_atexit --disable-libunwind-exceptions --enable-java-awt=gtk --host=i386-redhat-linux
Thread model: posix
gcc version 3.4.3 20041212 (Red Hat 3.4.3-9.EL4)
configure:5253: $? = 0
configure:5255: g77 -V </dev/null >&5
g77: `-V' option must have argument
configure:5258: $? = 1
configure:5266: checking whether we are using the GNU Fortran 77 compiler
configure:5280: g77 -c  conftest.F >&5
configure:5286: $? = 0
configure:5290: test -z 
			 || test ! -s conftest.err
configure:5293: $? = 0
configure:5296: test -s conftest.o
configure:5299: $? = 0
configure:5312: result: yes
configure:5318: checking whether g77 accepts -g
configure:5330: g77 -c -g conftest.f >&5
configure:5336: $? = 0
configure:5340: test -z 
			 || test ! -s conftest.err
configure:5343: $? = 0
configure:5346: test -s conftest.o
configure:5349: $? = 0
configure:5361: result: yes
configure:5391: checking the maximum length of command line arguments
configure:5456: result: 32768
configure:5467: checking command to parse /opt/trendchip/mips-linux-uclibc/usr/bin/mips-linux-uclibc-nm -B output from mips-linux-uclibc-gcc object
configure:5556: mips-linux-uclibc-gcc -c -g -O2  conftest.c >&5
configure:5559: $? = 0
configure:5563: /opt/trendchip/mips-linux-uclibc/usr/bin/mips-linux-uclibc-nm -B conftest.o \| sed -n -e 's/^.*[ 	]\([ABCDGIRSTW][ABCDGIRSTW]*\)[ 	][ 	]*\(\)\([_A-Za-z][_A-Za-z0-9]*\)$/\1 \2\3 \3/p' \> conftest.nm
configure:5566: $? = 0
configure:5618: mips-linux-uclibc-gcc -o conftest -g -O2   conftest.c conftstm.o >&5
configure:5621: $? = 0
configure:5659: result: ok
configure:5663: checking for objdir
configure:5678: result: .libs
configure:5730: checking for mips-linux-uclibc-ar
configure:5756: result: mips-linux-uclibc-ar
configure:5810: checking for mips-linux-uclibc-ranlib
configure:5836: result: mips-linux-uclibc-ranlib
configure:5890: checking for mips-linux-uclibc-strip
configure:5916: result: mips-linux-uclibc-strip
configure:6217: checking if mips-linux-uclibc-gcc static flag  works
configure:6240: result: yes
configure:6258: checking if mips-linux-uclibc-gcc supports -fno-rtti -fno-exceptions
configure:6276: mips-linux-uclibc-gcc -c -g -O2  -fno-rtti -fno-exceptions conftest.c >&5
cc1: warning: command line option "-fno-rtti" is valid for C++/ObjC++ but not for C
configure:6280: $? = 0
configure:6291: result: no
configure:6306: checking for mips-linux-uclibc-gcc option to produce PIC
configure:6483: result: -fPIC
configure:6491: checking if mips-linux-uclibc-gcc PIC flag -fPIC works
configure:6509: mips-linux-uclibc-gcc -c -g -O2  -fPIC -DPIC conftest.c >&5
configure:6513: $? = 0
configure:6524: result: yes
configure:6548: checking if mips-linux-uclibc-gcc supports -c -o file.o
configure:6569: mips-linux-uclibc-gcc -c -g -O2  -o out/conftest2.o conftest.c >&5
configure:6573: $? = 0
configure:6593: result: yes
configure:6619: checking whether the mips-linux-uclibc-gcc linker (mips-linux-uclibc-ld) supports shared libraries
configure:7467: result: yes
configure:7538: checking dynamic linker characteristics
configure:8099: result: GNU/Linux ld.so
configure:8103: checking how to hardcode library paths into programs
configure:8128: result: immediate
configure:8142: checking whether stripping libraries is possible
configure:8147: result: yes
configure:8977: checking if libtool supports shared libraries
configure:8979: result: yes
configure:8982: checking whether to build shared libraries
configure:9040: result: no
configure:9043: checking whether to build static libraries
configure:9047: result: yes
configure:9139: creating libtool
configure:9686: checking for ld used by mips-linux-uclibc-g++
configure:9753: result: mips-linux-uclibc-ld
configure:9762: checking if the linker (mips-linux-uclibc-ld) is GNU ld
configure:9777: result: yes
configure:9828: checking whether the mips-linux-uclibc-g++ linker (mips-linux-uclibc-ld) supports shared libraries
configure:10656: result: yes
configure:10674: mips-linux-uclibc-g++ -c -g -O2  conftest.cc >&5
configure:10677: $? = 0
configure:10773: checking for mips-linux-uclibc-g++ option to produce PIC
configure:11025: result: -fPIC
configure:11033: checking if mips-linux-uclibc-g++ PIC flag -fPIC works
configure:11051: mips-linux-uclibc-g++ -c -g -O2  -fPIC -DPIC conftest.cc >&5
configure:11055: $? = 0
configure:11066: result: yes
configure:11090: checking if mips-linux-uclibc-g++ supports -c -o file.o
configure:11111: mips-linux-uclibc-g++ -c -g -O2  -o out/conftest2.o conftest.cc >&5
configure:11115: $? = 0
configure:11135: result: yes
configure:11161: checking whether the mips-linux-uclibc-g++ linker (mips-linux-uclibc-ld) supports shared libraries
configure:11186: result: yes
configure:11257: checking dynamic linker characteristics
configure:11818: result: GNU/Linux ld.so
configure:11822: checking how to hardcode library paths into programs
configure:11847: result: immediate
configure:11861: checking whether stripping libraries is possible
configure:11866: result: yes
configure:13173: checking if libtool supports shared libraries
configure:13175: result: yes
configure:13178: checking whether to build shared libraries
configure:13196: result: no
configure:13199: checking whether to build static libraries
configure:13203: result: yes
configure:13215: checking for g77 option to produce PIC
configure:13392: result: -fPIC
configure:13400: checking if g77 PIC flag -fPIC works
configure:13418: g77 -c -g -O2 -fPIC conftest.f >&5
configure:13422: $? = 0
configure:13433: result: yes
configure:13457: checking if g77 supports -c -o file.o
configure:13478: g77 -c -g -O2 -o out/conftest2.o conftest.f >&5
configure:13482: $? = 0
configure:13502: result: yes
configure:13528: checking whether the g77 linker (mips-linux-uclibc-ld) supports shared libraries
configure:14356: result: yes
configure:14427: checking dynamic linker characteristics
configure:14988: result: GNU/Linux ld.so
configure:14992: checking how to hardcode library paths into programs
configure:15017: result: immediate
configure:15031: checking whether stripping libraries is possible
configure:15036: result: yes
configure:19153: checking for mips-linux-uclibc-gcc
configure:19179: result: mips-linux-uclibc-gcc
configure:19461: checking for C compiler version
configure:19464: mips-linux-uclibc-gcc --version </dev/null >&5
mips-linux-uclibc-gcc (GCC) 4.3.4
Copyright (C) 2008 Free Software Foundation, Inc.
This is free software; see the source for copying conditions.  There is NO
warranty; not even for MERCHANTABILITY or FITNESS FOR A PARTICULAR PURPOSE.

configure:19467: $? = 0
configure:19469: mips-linux-uclibc-gcc -v </dev/null >&5
Using built-in specs.
Target: mips-linux-uclibc
Configured with: /home/socsw_local/lino/toolchain/tc3262/buildroot-2009.11/output/toolchain/gcc-4.3.4/configure --prefix=/usr --build=i386-pc-linux-gnu --host=i386-pc-linux-gnu --target=mips-linux-uclibc --enable-languages=c,c++ --with-sysroot=/opt/trendchip/mips-linux-uclibc --with-build-time-tools=/opt/trendchip/mips-linux-uclibc/usr/mips-linux-uclibc/bin --disable-__cxa_atexit --enable-target-optspace --with-gnu-ld --disable-libssp --enable-tls --enable-shared --with-gmp=/home/socsw_local/lino/toolchain/tc3262/buildroot-2009.11/output/toolchain/gmp --with-mpfr=/home/socsw_local/lino/toolchain/tc3262/buildroot-2009.11/output/toolchain/mpfr --disable-nls --enable-threads --disable-multilib --disable-decimal-float --with-float=soft --with-abi=32 --with-tune=mips32r2
Thread model: posix
gcc version 4.3.4 (GCC) 
configure:19472: $? = 0
configure:19474: mips-linux-uclibc-gcc -V </dev/null >&5
mips-linux-uclibc-gcc: '-V' option must have argument
configure:19477: $? = 1
configure:19480: checking whether we are using the GNU C compiler
configure:19536: result: yes
configure:19542: checking whether mips-linux-uclibc-gcc accepts -g
configure:19593: result: yes
configure:19610: checking for mips-linux-uclibc-gcc option to accept ANSI C
configure:19717: result: none needed
configure:19735: mips-linux-uclibc-gcc -c -g -O2  conftest.c >&5
conftest.c:2: error: expected '=', ',', ';', 'asm' or '__attribute__' before 'me'
configure:19741: $? = 1
configure: failed program was:
| #ifndef __cplusplus
|   choke me
| #endif
configure:19876: checking dependency style of mips-linux-uclibc-gcc
configure:19966: result: gcc3
configure:19996: checking for a BSD-compatible install
configure:20051: result: /usr/bin/install -c
configure:20074: checking for dirent.h that defines DIR
configure:20098: mips-linux-uclibc-gcc -c -g -O2  conftest.c >&5
configure:20104: $? = 0
configure:20108: test -z 
			 || test ! -s conftest.err
configure:20111: $? = 0
configure:20114: test -s conftest.o
configure:20117: $? = 0
configure:20128: result: yes
configure:20141: checking for library containing opendir
configure:20171: mips-linux-uclibc-gcc -o conftest -g -O2   conftest.c  >&5
configure:20177: $? = 0
configure:20181: test -z 
			 || test ! -s conftest.err
configure:20184: $? = 0
configure:20187: test -s conftest
configure:20190: $? = 0
configure:20260: result: none required
configure:20396: checking for ANSI C header files
configure:20552: result: yes
configure:20584: checking fcntl.h usability
configure:20596: mips-linux-uclibc-gcc -c -g -O2  conftest.c >&5
configure:20602: $? = 0
configure:20606: test -z 
			 || test ! -s conftest.err
configure:20609: $? = 0
configure:20612: test -s conftest.o
configure:20615: $? = 0
configure:20625: result: yes
configure:20629: checking fcntl.h presence
configure:20639: mips-linux-uclibc-gcc -E  conftest.c
configure:20645: $? = 0
configure:20665: result: yes
configure:20700: checking for fcntl.h
configure:20707: result: yes
configure:20584: checking netdb.h usability
configure:20596: mips-linux-uclibc-gcc -c -g -O2  conftest.c >&5
configure:20602: $? = 0
configure:20606: test -z 
			 || test ! -s conftest.err
configure:20609: $? = 0
configure:20612: test -s conftest.o
configure:20615: $? = 0
configure:20625: result: yes
configure:20629: checking netdb.h presence
configure:20639: mips-linux-uclibc-gcc -E  conftest.c
configure:20645: $? = 0
configure:20665: result: yes
configure:20700: checking for netdb.h
configure:20707: result: yes
configure:20575: checking for stdint.h
configure:20580: result: yes
configure:20575: checking for stdlib.h
configure:20580: result: yes
configure:20575: checking for string.h
configure:20580: result: yes
configure:20575: checking for strings.h
configure:20580: result: yes
configure:20584: checking sys/socket.h usability
configure:20596: mips-linux-uclibc-gcc -c -g -O2  conftest.c >&5
configure:20602: $? = 0
configure:20606: test -z 
			 || test ! -s conftest.err
configure:20609: $? = 0
configure:20612: test -s conftest.o
configure:20615: $? = 0
configure:20625: result: yes
configure:20629: checking sys/socket.h presence
configure:20639: mips-linux-uclibc-gcc -E  conftest.c
configure:20645: $? = 0
configure:20665: result: yes
configure:20700: checking for sys/socket.h
configure:20707: result: yes
configure:20584: checking syslog.h usability
configure:20596: mips-linux-uclibc-gcc -c -g -O2  conftest.c >&5
configure:20602: $? = 0
configure:20606: test -z 
			 || test ! -s conftest.err
configure:20609: $? = 0
configure:20612: test -s conftest.o
configure:20615: $? = 0
configure:20625: result: yes
configure:20629: checking syslog.h presence
configure:20639: mips-linux-uclibc-gcc -E  conftest.c
configure:20645: $? = 0
configure:20665: result: yes
configure:20700: checking for syslog.h
configure:20707: result: yes
configure:20575: checking for unistd.h
configure:20580: result: yes
configure:20722: checking for an ANSI C-conforming const
configure:20789: mips-linux-uclibc-gcc -c -g -O2  conftest.c >&5
configure:20795: $? = 0
configure:20799: test -z 
			 || test ! -s conftest.err
configure:20802: $? = 0
configure:20805: test -s conftest.o
configure:20808: $? = 0
configure:20819: result: yes
configure:20829: checking for size_t
configure:20853: mips-linux-uclibc-gcc -c -g -O2  conftest.c >&5
configure:20859: $? = 0
configure:20863: test -z 
			 || test ! -s conftest.err
configure:20866: $? = 0
configure:20869: test -s conftest.o
configure:20872: $? = 0
configure:20883: result: yes
configure:20902: checking for stdlib.h
configure:20907: result: yes
configure:21047: checking for GNU libc compatible malloc
configure:21098: result: no
configure:21133: checking for stdlib.h
configure:21138: result: yes
configure:21278: checking for GNU libc compatible realloc
configure:21329: result: no
configure:21368: checking for bzero
configure:21425: mips-linux-uclibc-gcc -o conftest -g -O2   conftest.c  >&5
conftest.c:66: warning: conflicting types for built-in function 'bzero'
configure:21431: $? = 0
configure:21435: test -z 
			 || test ! -s conftest.err
configure:21438: $? = 0
configure:21441: test -s conftest
configure:21444: $? = 0
configure:21456: result: yes
configure:21368: checking for memset
configure:21425: mips-linux-uclibc-gcc -o conftest -g -O2   conftest.c  >&5
conftest.c:67: warning: conflicting types for built-in function 'memset'
configure:21431: $? = 0
configure:21435: test -z 
			 || test ! -s conftest.err
configure:21438: $? = 0
configure:21441: test -s conftest
configure:21444: $? = 0
configure:21456: result: yes
configure:21368: checking for strchr
configure:21425: mips-linux-uclibc-gcc -o conftest -g -O2   conftest.c  >&5
conftest.c:68: warning: conflicting types for built-in function 'strchr'
configure:21431: $? = 0
configure:21435: test -z 
			 || test ! -s conftest.err
configure:21438: $? = 0
configure:21441: test -s conftest
configure:21444: $? = 0
configure:21456: result: yes
configure:21368: checking for strerror
configure:21425: mips-linux-uclibc-gcc -o conftest -g -O2   conftest.c  >&5
configure:21431: $? = 0
configure:21435: test -z 
			 || test ! -s conftest.err
configure:21438: $? = 0
configure:21441: test -s conftest
configure:21444: $? = 0
configure:21456: result: yes
configure:21368: checking for strstr
configure:21425: mips-linux-uclibc-gcc -o conftest -g -O2   conftest.c  >&5
conftest.c:70: warning: conflicting types for built-in function 'strstr'
configure:21431: $? = 0
configure:21435: test -z 
			 || test ! -s conftest.err
configure:21438: $? = 0
configure:21441: test -s conftest
configure:21444: $? = 0
configure:21456: result: yes
configure:21368: checking for strtoul
configure:21425: mips-linux-uclibc-gcc -o conftest -g -O2   conftest.c  >&5
configure:21431: $? = 0
configure:21435: test -z 
			 || test ! -s conftest.err
configure:21438: $? = 0
configure:21441: test -s conftest
configure:21444: $? = 0
configure:21456: result: yes
configure:21476: checking whether to use the libwrap (TCP wrappers) library
configure:21550: result: (default)
configure:21552: checking for hosts_access in -lwrap
configure:21572: mips-linux-uclibc-gcc -o conftest -g -O2   conftest.c -lwrap  >&5
/opt/trendchip/mips-linux-uclibc/usr/bin/../lib/gcc/mips-linux-uclibc/4.3.4/../../../../mips-linux-uclibc/bin/ld: cannot find -lwrap
collect2: ld returned 1 exit status
configure:21578: $? = 1
configure: failed program was:
| /* confdefs.h.  */
| 
| #define PACKAGE_NAME "usbiputils"
| #define PACKAGE_TARNAME "usbiputils"
| #define PACKAGE_VERSION "0.0.1"
| #define PACKAGE_STRING "usbiputils 0.0.1"
| #define PACKAGE_BUGREPORT "taka-hir@is.naist.jp"
| #define PACKAGE "usbiputils"
| #define VERSION "0.0.1"
| #define STDC_HEADERS 1
| #define HAVE_SYS_TYPES_H 1
| #define HAVE_SYS_STAT_H 1
| #define HAVE_STDLIB_H 1
| #define HAVE_STRING_H 1
| #define HAVE_MEMORY_H 1
| #define HAVE_STRINGS_H 1
| #define HAVE_INTTYPES_H 1
| #define HAVE_STDINT_H 1
| #define HAVE_UNISTD_H 1
| #define HAVE_DLFCN_H 1
| #ifdef __cplusplus
| extern "C" void exit (int) throw ();
| #endif
| #define HAVE_DIRENT_H 1
| #define STDC_HEADERS 1
| #define HAVE_FCNTL_H 1
| #define HAVE_NETDB_H 1
| #define HAVE_STDINT_H 1
| #define HAVE_STDLIB_H 1
| #define HAVE_STRING_H 1
| #define HAVE_STRINGS_H 1
| #define HAVE_SYS_SOCKET_H 1
| #define HAVE_SYSLOG_H 1
| #define HAVE_UNISTD_H 1
| #define HAVE_STDLIB_H 1
| #define HAVE_MALLOC 0
| #define malloc rpl_malloc
| #define HAVE_STDLIB_H 1
| #define HAVE_REALLOC 0
| #define realloc rpl_realloc
| #define HAVE_BZERO 1
| #define HAVE_MEMSET 1
| #define HAVE_STRCHR 1
| #define HAVE_STRERROR 1
| #define HAVE_STRSTR 1
| #define HAVE_STRTOUL 1
| /* end confdefs.h.  */
| int hosts_access(); int allow_severity, deny_severity;
| int
| main ()
| {
| hosts_access()
|   ;
|   return 0;
| }
configure:21603: result: no
configure:21738: creating ./config.status

## ---------------------- ##
## Running config.status. ##
## ---------------------- ##

This file was extended by usbiputils config.status 0.0.1, which was
generated by GNU Autoconf 2.59.  Invocation command line was

  CONFIG_FILES    = 
  CONFIG_HEADERS  = 
  CONFIG_LINKS    = 
  CONFIG_COMMANDS = 
  $ ./config.status 

on rd3linux.tplink

config.status:717: creating Makefile
config.status:717: creating lib/Makefile
config.status:717: creating cmd/Makefile
config.status:821: creating config.h
config.status:993: config.h is unchanged
config.status:1173: executing depfiles commands

## ---------------- ##
## Cache variables. ##
## ---------------- ##

ac_cv_build=i686-pc-linux-gnu
ac_cv_build_alias=i686-pc-linux-gnu
ac_cv_c_compiler_gnu=yes
ac_cv_c_const=yes
ac_cv_cxx_compiler_gnu=yes
ac_cv_env_CC_set=set
ac_cv_env_CC_value=mips-linux-uclibc-gcc
ac_cv_env_CFLAGS_set=
ac_cv_env_CFLAGS_value=
ac_cv_env_CPPFLAGS_set=
ac_cv_env_CPPFLAGS_value=
ac_cv_env_CPP_set=
ac_cv_env_CPP_value=
ac_cv_env_CXXCPP_set=
ac_cv_env_CXXCPP_value=
ac_cv_env_CXXFLAGS_set=
ac_cv_env_CXXFLAGS_value=
ac_cv_env_CXX_set=
ac_cv_env_CXX_value=
ac_cv_env_F77_set=
ac_cv_env_F77_value=
ac_cv_env_FFLAGS_set=
ac_cv_env_FFLAGS_value=
ac_cv_env_LDFLAGS_set=
ac_cv_env_LDFLAGS_value=
ac_cv_env_build_alias_set=
ac_cv_env_build_alias_value=
ac_cv_env_host_alias_set=set
ac_cv_env_host_alias_value=mips-linux-uclibc
ac_cv_env_target_alias_set=
ac_cv_env_target_alias_value=
ac_cv_exeext=
ac_cv_f77_compiler_gnu=yes
ac_cv_func_bzero=yes
ac_cv_func_malloc_0_nonnull=no
ac_cv_func_memset=yes
ac_cv_func_realloc_0_nonnull=no
ac_cv_func_strchr=yes
ac_cv_func_strerror=yes
ac_cv_func_strstr=yes
ac_cv_func_strtoul=yes
ac_cv_header_dirent_dirent_h=yes
ac_cv_header_dlfcn_h=yes
ac_cv_header_fcntl_h=yes
ac_cv_header_inttypes_h=yes
ac_cv_header_memory_h=yes
ac_cv_header_netdb_h=yes
ac_cv_header_stdc=yes
ac_cv_header_stdint_h=yes
ac_cv_header_stdlib_h=yes
ac_cv_header_string_h=yes
ac_cv_header_strings_h=yes
ac_cv_header_sys_socket_h=yes
ac_cv_header_sys_stat_h=yes
ac_cv_header_sys_types_h=yes
ac_cv_header_syslog_h=yes
ac_cv_header_unistd_h=yes
ac_cv_host=mips-unknown-linux-uclibc
ac_cv_host_alias=mips-linux-uclibc
ac_cv_objext=o
ac_cv_path_install='/usr/bin/install -c'
ac_cv_prog_AR=mips-linux-uclibc-ar
ac_cv_prog_AWK=gawk
ac_cv_prog_CC=mips-linux-uclibc-gcc
ac_cv_prog_CPP='mips-linux-uclibc-gcc -E'
ac_cv_prog_CXX=mips-linux-uclibc-g++
ac_cv_prog_CXXCPP='mips-linux-uclibc-g++ -E'
ac_cv_prog_RANLIB=mips-linux-uclibc-ranlib
ac_cv_prog_STRIP=mips-linux-uclibc-strip
ac_cv_prog_ac_ct_F77=g77
ac_cv_prog_cc_g=yes
ac_cv_prog_cc_stdc=
ac_cv_prog_cxx_g=yes
ac_cv_prog_egrep='grep -E'
ac_cv_prog_f77_g=yes
ac_cv_prog_make_make_set=yes
ac_cv_search_opendir='none required'
ac_cv_type_size_t=yes
am_cv_CC_dependencies_compiler_type=gcc3
am_cv_CXX_dependencies_compiler_type=gcc3
lt_cv_deplibs_check_method=pass_all
lt_cv_file_magic_cmd='$MAGIC_CMD'
lt_cv_file_magic_test_file='/lib/libc.so.6 /lib/libc-2.3.4.so'
lt_cv_ld_reload_flag=-r
lt_cv_objdir=.libs
lt_cv_path_LD=mips-linux-uclibc-ld
lt_cv_path_LDCXX=mips-linux-uclibc-ld
lt_cv_path_NM='/opt/trendchip/mips-linux-uclibc/usr/bin/mips-linux-uclibc-nm -B'
lt_cv_path_SED=/bin/sed
lt_cv_prog_compiler_c_o=yes
lt_cv_prog_compiler_c_o_CXX=yes
lt_cv_prog_compiler_c_o_F77=yes
lt_cv_prog_compiler_rtti_exceptions=no
lt_cv_prog_gnu_ld=yes
lt_cv_prog_gnu_ldcxx=yes
lt_cv_sys_global_symbol_pipe='sed -n -e '\''s/^.*[ 	]\([ABCDGIRSTW][ABCDGIRSTW]*\)[ 	][ 	]*\(\)\([_A-Za-z][_A-Za-z0-9]*\)$/\1 \2\3 \3/p'\'''
lt_cv_sys_global_symbol_to_c_name_address='sed -n -e '\''s/^: \([^ ]*\) $/  {\"\1\", (lt_ptr) 0},/p'\'' -e '\''s/^[BCDEGRST] \([^ ]*\) \([^ ]*\)$/  {"\2", (lt_ptr) \&\2},/p'\'''
lt_cv_sys_global_symbol_to_cdecl='sed -n -e '\''s/^. .* \(.*\)$/extern int \1;/p'\'''
lt_cv_sys_max_cmd_len=32768
lt_lt_cv_prog_compiler_c_o='"yes"'
lt_lt_cv_prog_compiler_c_o_CXX='"yes"'
lt_lt_cv_prog_compiler_c_o_F77='"yes"'
lt_lt_cv_sys_global_symbol_pipe='"sed -n -e '\''s/^.*[ 	]\\([ABCDGIRSTW][ABCDGIRSTW]*\\)[ 	][ 	]*\\(\\)\\([_A-Za-z][_A-Za-z0-9]*\\)\$/\\1 \\2\\3 \\3/p'\''"'
lt_lt_cv_sys_global_symbol_to_c_name_address='"sed -n -e '\''s/^: \\([^ ]*\\) \$/  {\\\"\\1\\\", (lt_ptr) 0},/p'\'' -e '\''s/^[BCDEGRST] \\([^ ]*\\) \\([^ ]*\\)\$/  {\"\\2\", (lt_ptr) \\&\\2},/p'\''"'
lt_lt_cv_sys_global_symbol_to_cdecl='"sed -n -e '\''s/^. .* \\(.*\\)\$/extern int \\1;/p'\''"'

## ----------------- ##
## Output variables. ##
## ----------------- ##

ACLOCAL='${SHELL} /home/yangxu/tplink/lettuce/apps/public/usbip-0.1.7/src/missing --run aclocal-1.9'
AMDEPBACKSLASH='\'
AMDEP_FALSE='#'
AMDEP_TRUE=''
AMTAR='${SHELL} /home/yangxu/tplink/lettuce/apps/public/usbip-0.1.7/src/missing --run tar'
AR='mips-linux-uclibc-ar'
AUTOCONF='${SHELL} /home/yangxu/tplink/lettuce/apps/public/usbip-0.1.7/src/missing --run autoconf'
AUTOHEADER='${SHELL} /home/yangxu/tplink/lettuce/apps/public/usbip-0.1.7/src/missing --run autoheader'
AUTOMAKE='${SHELL} /home/yangxu/tplink/lettuce/apps/public/usbip-0.1.7/src/missing --run automake-1.9'
AWK='gawk'
CC='mips-linux-uclibc-gcc'
CCDEPMODE='depmode=gcc3'
CFLAGS='-g -O2'
CPP='mips-linux-uclibc-gcc -E'
CPPFLAGS=''
CXX='mips-linux-uclibc-g++'
CXXCPP='mips-linux-uclibc-g++ -E'
CXXDEPMODE='depmode=gcc3'
CXXFLAGS='-g -O2'
CYGPATH_W='echo'
DEFS='-DHAVE_CONFIG_H'
DEPDIR='.deps'
ECHO='echo'
ECHO_C=''
ECHO_N='-n'
ECHO_T=''
EGREP='grep -E'
EXEEXT=''
EXTRA_CFLAGS=''
F77='g77'
FFLAGS='-g -O2'
INSTALL_DATA='${INSTALL} -m 644'
INSTALL_PROGRAM='${INSTALL}'
INSTALL_SCRIPT='${INSTALL}'
INSTALL_STRIP_PROGRAM='${SHELL} $(install_sh) -c -s'
LDFLAGS=''
LIBOBJS=' malloc$U.o realloc$U.o'
LIBS=''
LIBTOOL='$(SHELL) $(top_builddir)/libtool'
LN_S='ln -s'
LTLIBOBJS=' malloc$U.lo realloc$U.lo'
MAKEINFO='${SHELL} /home/yangxu/tplink/lettuce/apps/public/usbip-0.1.7/src/missing --run makeinfo'
OBJEXT='o'
PACKAGE='usbiputils'
PACKAGE_BUGREPORT='taka-hir@is.naist.jp'
PACKAGE_NAME='usbiputils'
PACKAGE_STRING='usbiputils 0.0.1'
PACKAGE_TARNAME='usbiputils'
PACKAGE_VERSION='0.0.1'
PATH_SEPARATOR=':'
RANLIB='mips-linux-uclibc-ranlib'
SET_MAKE=''
SHELL='/bin/sh'
STRIP='mips-linux-uclibc-strip'
VERSION='0.0.1'
ac_ct_AR=''
ac_ct_CC=''
ac_ct_CXX=''
ac_ct_F77='g77'
ac_ct_RANLIB=''
ac_ct_STRIP=''
am__fastdepCC_FALSE='#'
am__fastdepCC_TRUE=''
am__fastdepCXX_FALSE='#'
am__fastdepCXX_TRUE=''
am__include='include'
am__leading_dot='.'
am__quote=''
am__tar='${AMTAR} chof - "$$tardir"'
am__untar='${AMTAR} xf -'
bindir='${exec_prefix}/bin'
build='i686-pc-linux-gnu'
build_alias=''
build_cpu='i686'
build_os='linux-gnu'
build_vendor='pc'
datadir='${prefix}/share'
exec_prefix='${prefix}'
host='mips-unknown-linux-uclibc'
host_alias='mips-linux-uclibc'
host_cpu='mips'
host_os='linux-uclibc'
host_vendor='unknown'
includedir='${prefix}/include'
infodir='${prefix}/info'
install_sh='/home/yangxu/tplink/lettuce/apps/public/usbip-0.1.7/src/install-sh'
libdir='${exec_prefix}/lib'
libexecdir='${exec_prefix}/libexec'
localstatedir='${prefix}/var'
mandir='${prefix}/man'
mkdir_p='mkdir -p --'
oldincludedir='/usr/include'
prefix='/usr/local'
program_transform_name='s,x,x,'
sbindir='${exec_prefix}/sbin'
sharedstatedir='${prefix}/com'
sysconfdir='${prefix}/etc'
target_alias=''

## ----------- ##
## confdefs.h. ##
## ----------- ##

#define HAVE_BZERO 1
#define HAVE_DIRENT_H 1
#define HAVE_DLFCN_H 1
#define HAVE_FCNTL_H 1
#define HAVE_INTTYPES_H 1
#define HAVE_MALLOC 0
#define HAVE_MEMORY_H 1
#define HAVE_MEMSET 1
#define HAVE_NETDB_H 1
#define HAVE_REALLOC 0
#define HAVE_STDINT_H 1
#define HAVE_STDINT_H 1
#define HAVE_STDLIB_H 1
#define HAVE_STDLIB_H 1
#define HAVE_STDLIB_H 1
#define HAVE_STDLIB_H 1
#define HAVE_STRCHR 1
#define HAVE_STRERROR 1
#define HAVE_STRINGS_H 1
#define HAVE_STRINGS_H 1
#define HAVE_STRING_H 1
#define HAVE_STRING_H 1
#define HAVE_STRSTR 1
#define HAVE_STRTOUL 1
#define HAVE_SYSLOG_H 1
#define HAVE_SYS_SOCKET_H 1
#define HAVE_SYS_STAT_H 1
#define HAVE_SYS_TYPES_H 1
#define HAVE_UNISTD_H 1
#define HAVE_UNISTD_H 1
#define PACKAGE "usbiputils"
#define PACKAGE_BUGREPORT "taka-hir@is.naist.jp"
#define PACKAGE_NAME "usbiputils"
#define PACKAGE_STRING "usbiputils 0.0.1"
#define PACKAGE_TARNAME "usbiputils"
#define PACKAGE_VERSION "0.0.1"
#define STDC_HEADERS 1
#define STDC_HEADERS 1
#define VERSION "0.0.1"
#define malloc rpl_malloc
#define realloc rpl_realloc
#endif
#ifdef __cplusplus
extern "C" void exit (int) throw ();

configure: exit 0
