This file contains any messages produced by compilers while
running configure, to aid debugging if configure makes a mistake.

It was created by configure, which was
generated by GNU Autoconf 2.68.  Invocation command line was

  $ ./configure --host=mips-openwrt-linux-uclibc ac_cv_header_libintl_h=no --sbindir=/usr/sbin --enable-bcrelay host_alias=mips-openwrt-linux-uclibc CC=mips-openwrt-linux-uclibc-gcc --no-create --no-recursion

## --------- ##
## Platform. ##
## --------- ##

hostname = localhost.localdomain
uname -m = i686
uname -r = 2.6.35.6-45.fc14.i686
uname -s = Linux
uname -v = #1 SMP Mon Oct 18 23:56:17 UTC 2010

/usr/bin/uname -p = unknown
/bin/uname -X     = unknown

/bin/arch              = i686
/usr/bin/arch -k       = unknown
/usr/convex/getsysinfo = unknown
/usr/bin/hostinfo      = unknown
/bin/machine           = unknown
/usr/bin/oslevel       = unknown
/bin/universe          = unknown

PATH: /home/dev/newUIv2/build/../lantiq/staging_dir/host/bin
PATH: /home/dev/newUIv2/build/../lantiq/staging_dir/toolchain-mips_r2_gcc-4.3.3+cs_uClibc-0.9.30.1/usr/bin
PATH: /usr/lib/qt-3.3/bin
PATH: /usr/lib/ccache
PATH: /usr/local/bin
PATH: /bin
PATH: /usr/bin
PATH: /usr/local/sbin
PATH: /usr/sbin
PATH: /sbin
PATH: /home/swd/bin


## ----------- ##
## Core tests. ##
## ----------- ##

configure:2231: checking for a BSD-compatible install
configure:2299: result: /usr/bin/install -c
configure:2310: checking whether build environment is sane
configure:2360: result: yes
configure:2409: checking for mips-openwrt-linux-uclibc-strip
configure:2436: result: mips-openwrt-linux-uclibc-strip
configure:2501: checking for a thread-safe mkdir -p
configure:2540: result: /bin/mkdir -p
configure:2553: checking for gawk
configure:2569: found /bin/gawk
configure:2580: result: gawk
configure:2591: checking whether make sets $(MAKE)
configure:2613: result: yes
configure:2698: checking command line for use of BSD PPP
configure:2728: result: default standard pppd
configure:2733: checking command line for use of SLIRP
configure:2763: result: default no
configure:2768: checking command line for syslog facility name
configure:2782: result: default LOG_DAEMON
configure:2792: checking command line for bcrelay build
configure:2799: result: yes
configure:2824: checking command line for VRF build
configure:2847: result: default no
configure:2861: checking for mips-openwrt-linux-uclibc-gcc
configure:2888: result: mips-openwrt-linux-uclibc-gcc
configure:3157: checking for C compiler version
configure:3166: mips-openwrt-linux-uclibc-gcc --version >&5
mips-openwrt-linux-uclibc-gcc (GCC) 4.3.3
Copyright (C) 2008 Free Software Foundation, Inc.
This is free software; see the source for copying conditions.  There is NO
warranty; not even for MERCHANTABILITY or FITNESS FOR A PARTICULAR PURPOSE.

configure:3177: $? = 0
configure:3166: mips-openwrt-linux-uclibc-gcc -v >&5
Using built-in specs.
Target: mips-openwrt-linux-uclibc
Configured with: /home/dev/newUIv2/lantiq/build_dir/toolchain-mips_r2_gcc-4.3.3+cs_uClibc-0.9.30.1/gcc-4.3.3/configure --prefix=/home/dev/newUIv2/lantiq/staging_dir/toolchain-mips_r2_gcc-4.3.3+cs_uClibc-0.9.30.1/usr --build=i686-redhat-linux --host=i686-redhat-linux --target=mips-openwrt-linux-uclibc --with-gnu-ld --enable-target-optspace --disable-libgomp --disable-libmudflap --disable-multilib --disable-nls --with-float=soft --enable-poison-system-directories --with-gmp=/home/dev/newUIv2/lantiq/staging_dir/host --with-mpfr=/home/dev/newUIv2/lantiq/staging_dir/host --disable-decimal-float --disable-libssp --disable-__cxa_atexit --enable-languages=c,c++ --enable-shared --enable-threads --with-slibdir=/home/dev/newUIv2/lantiq/staging_dir/toolchain-mips_r2_gcc-4.3.3+cs_uClibc-0.9.30.1/lib --disable-tls
Thread model: posix
gcc version 4.3.3 (GCC) 
configure:3177: $? = 0
configure:3166: mips-openwrt-linux-uclibc-gcc -V >&5
mips-openwrt-linux-uclibc-gcc: '-V' option must have argument
configure:3177: $? = 1
configure:3166: mips-openwrt-linux-uclibc-gcc -qversion >&5
mips-openwrt-linux-uclibc-gcc: unrecognized option '-qversion'
mips-openwrt-linux-uclibc-gcc: no input files
configure:3177: $? = 1
configure:3197: checking whether the C compiler works
configure:3219: mips-openwrt-linux-uclibc-gcc    conftest.c  >&5
configure:3223: $? = 0
configure:3271: result: yes
configure:3274: checking for C compiler default output file name
configure:3276: result: a.out
configure:3282: checking for suffix of executables
configure:3289: mips-openwrt-linux-uclibc-gcc -o conftest    conftest.c  >&5
configure:3293: $? = 0
configure:3315: result: 
configure:3337: checking whether we are cross compiling
configure:3345: mips-openwrt-linux-uclibc-gcc -o conftest    conftest.c  >&5
configure:3349: $? = 0
configure:3356: ./conftest
./configure: line 3358: ./conftest: cannot execute binary file
configure:3360: $? = 126
configure:3375: result: yes
configure:3380: checking for suffix of object files
configure:3402: mips-openwrt-linux-uclibc-gcc -c   conftest.c >&5
configure:3406: $? = 0
configure:3427: result: o
configure:3431: checking whether we are using the GNU C compiler
configure:3450: mips-openwrt-linux-uclibc-gcc -c   conftest.c >&5
configure:3450: $? = 0
configure:3459: result: yes
configure:3468: checking whether mips-openwrt-linux-uclibc-gcc accepts -g
configure:3488: mips-openwrt-linux-uclibc-gcc -c -g  conftest.c >&5
configure:3488: $? = 0
configure:3529: result: yes
configure:3546: checking for mips-openwrt-linux-uclibc-gcc option to accept ISO C89
configure:3610: mips-openwrt-linux-uclibc-gcc  -c -g -O2  conftest.c >&5
configure:3610: $? = 0
configure:3623: result: none needed
configure:3654: checking for style of include used by make
configure:3682: result: GNU
configure:3707: checking dependency style of mips-openwrt-linux-uclibc-gcc
configure:3817: result: none
configure:3835: checking for mips-openwrt-linux-uclibc-ranlib
configure:3862: result: mips-openwrt-linux-uclibc-ranlib
configure:3925: checking whether ln -s works
configure:3929: result: yes
configure:3936: checking whether make sets $(MAKE)
configure:3958: result: yes
configure:3969: checking for an ANSI C-conforming const
configure:4034: mips-openwrt-linux-uclibc-gcc -c -g -O2  conftest.c >&5
configure:4034: $? = 0
configure:4041: result: yes
configure:4049: checking for inline
configure:4065: mips-openwrt-linux-uclibc-gcc -c -g -O2  conftest.c >&5
configure:4065: $? = 0
configure:4073: result: inline
configure:4094: checking whether #! works in shell scripts
configure:4111: result: yes
configure:4119: checking for setsid
configure:4119: mips-openwrt-linux-uclibc-gcc -o conftest -g -O2   conftest.c  >&5
configure:4119: $? = 0
configure:4119: result: yes
configure:4119: checking for daemon
configure:4119: mips-openwrt-linux-uclibc-gcc -o conftest -g -O2   conftest.c  >&5
configure:4119: $? = 0
configure:4119: result: yes
configure:4119: checking for setproctitle
configure:4119: mips-openwrt-linux-uclibc-gcc -o conftest -g -O2   conftest.c  >&5
/tmp/ccTN09rU.o: In function `main':
/home/dev/newUIv2/apps/public/pptpd-1.4.0/conftest.c:50: undefined reference to `setproctitle'
collect2: ld returned 1 exit status
configure:4119: $? = 1
configure: failed program was:
| /* confdefs.h */
| #define PACKAGE_NAME ""
| #define PACKAGE_TARNAME ""
| #define PACKAGE_VERSION ""
| #define PACKAGE_STRING ""
| #define PACKAGE_BUGREPORT ""
| #define PACKAGE_URL ""
| #define PACKAGE "pptpd"
| #define VERSION "1.4.0"
| #define PPP_BINARY "/usr/sbin/pppd"
| #define PPTP_FACILITY LOG_DAEMON
| #define BCRELAY 1
| #define HAVE_SETSID 1
| #define HAVE_DAEMON 1
| /* end confdefs.h.  */
| /* Define setproctitle to an innocuous variant, in case <limits.h> declares setproctitle.
|    For example, HP-UX 11i <limits.h> declares gettimeofday.  */
| #define setproctitle innocuous_setproctitle
| 
| /* System header to define __stub macros and hopefully few prototypes,
|     which can conflict with char setproctitle (); below.
|     Prefer <limits.h> to <assert.h> if __STDC__ is defined, since
|     <limits.h> exists even on freestanding compilers.  */
| 
| #ifdef __STDC__
| # include <limits.h>
| #else
| # include <assert.h>
| #endif
| 
| #undef setproctitle
| 
| /* Override any GCC internal prototype to avoid an error.
|    Use char because int might match the return type of a GCC
|    builtin and then its argument prototype would still apply.  */
| #ifdef __cplusplus
| extern "C"
| #endif
| char setproctitle ();
| /* The GNU C library defines this for functions which it implements
|     to always fail with ENOSYS.  Some functions are actually named
|     something starting with __ and the normal name is an alias.  */
| #if defined __stub_setproctitle || defined __stub___setproctitle
| choke me
| #endif
| 
| int
| main ()
| {
| return setproctitle ();
|   ;
|   return 0;
| }
configure:4119: result: no
configure:4119: checking for getservbyname
configure:4119: mips-openwrt-linux-uclibc-gcc -o conftest -g -O2   conftest.c  >&5
configure:4119: $? = 0
configure:4119: result: yes
configure:4119: checking for strlcpy
configure:4119: mips-openwrt-linux-uclibc-gcc -o conftest -g -O2   conftest.c  >&5
configure:4119: $? = 0
configure:4119: result: yes
configure:4119: checking for fork
configure:4119: mips-openwrt-linux-uclibc-gcc -o conftest -g -O2   conftest.c  >&5
conftest.c:41: warning: conflicting types for built-in function 'fork'
configure:4119: $? = 0
configure:4119: result: yes
configure:4119: checking for memmove
configure:4119: mips-openwrt-linux-uclibc-gcc -o conftest -g -O2   conftest.c  >&5
conftest.c:42: warning: conflicting types for built-in function 'memmove'
configure:4119: $? = 0
configure:4119: result: yes
configure:4119: checking for strerror
configure:4119: mips-openwrt-linux-uclibc-gcc -o conftest -g -O2   conftest.c  >&5
configure:4119: $? = 0
configure:4119: result: yes
configure:4119: checking for writev
configure:4119: mips-openwrt-linux-uclibc-gcc -o conftest -g -O2   conftest.c  >&5
configure:4119: $? = 0
configure:4119: result: yes
configure:4134: checking how to run the C preprocessor
configure:4165: mips-openwrt-linux-uclibc-gcc -E  conftest.c
configure:4165: $? = 0
configure:4179: mips-openwrt-linux-uclibc-gcc -E  conftest.c
conftest.c:22:28: error: ac_nonexistent.h: No such file or directory
configure:4179: $? = 1
configure: failed program was:
| /* confdefs.h */
| #define PACKAGE_NAME ""
| #define PACKAGE_TARNAME ""
| #define PACKAGE_VERSION ""
| #define PACKAGE_STRING ""
| #define PACKAGE_BUGREPORT ""
| #define PACKAGE_URL ""
| #define PACKAGE "pptpd"
| #define VERSION "1.4.0"
| #define PPP_BINARY "/usr/sbin/pppd"
| #define PPTP_FACILITY LOG_DAEMON
| #define BCRELAY 1
| #define HAVE_SETSID 1
| #define HAVE_DAEMON 1
| #define HAVE_GETSERVBYNAME 1
| #define HAVE_STRLCPY 1
| #define HAVE_FORK 1
| #define HAVE_MEMMOVE 1
| #define HAVE_STRERROR 1
| #define HAVE_WRITEV 1
| /* end confdefs.h.  */
| #include <ac_nonexistent.h>
configure:4204: result: mips-openwrt-linux-uclibc-gcc -E
configure:4224: mips-openwrt-linux-uclibc-gcc -E  conftest.c
configure:4224: $? = 0
configure:4238: mips-openwrt-linux-uclibc-gcc -E  conftest.c
conftest.c:22:28: error: ac_nonexistent.h: No such file or directory
configure:4238: $? = 1
configure: failed program was:
| /* confdefs.h */
| #define PACKAGE_NAME ""
| #define PACKAGE_TARNAME ""
| #define PACKAGE_VERSION ""
| #define PACKAGE_STRING ""
| #define PACKAGE_BUGREPORT ""
| #define PACKAGE_URL ""
| #define PACKAGE "pptpd"
| #define VERSION "1.4.0"
| #define PPP_BINARY "/usr/sbin/pppd"
| #define PPTP_FACILITY LOG_DAEMON
| #define BCRELAY 1
| #define HAVE_SETSID 1
| #define HAVE_DAEMON 1
| #define HAVE_GETSERVBYNAME 1
| #define HAVE_STRLCPY 1
| #define HAVE_FORK 1
| #define HAVE_MEMMOVE 1
| #define HAVE_STRERROR 1
| #define HAVE_WRITEV 1
| /* end confdefs.h.  */
| #include <ac_nonexistent.h>
configure:4267: checking for grep that handles long lines and -e
configure:4325: result: /bin/grep
configure:4330: checking for egrep
configure:4392: result: /bin/grep -E
configure:4397: checking for ANSI C header files
configure:4417: mips-openwrt-linux-uclibc-gcc -c -g -O2  conftest.c >&5
configure:4417: $? = 0
configure:4501: result: yes
configure:4514: checking for sys/types.h
configure:4514: mips-openwrt-linux-uclibc-gcc -c -g -O2  conftest.c >&5
configure:4514: $? = 0
configure:4514: result: yes
configure:4514: checking for sys/stat.h
configure:4514: mips-openwrt-linux-uclibc-gcc -c -g -O2  conftest.c >&5
configure:4514: $? = 0
configure:4514: result: yes
configure:4514: checking for stdlib.h
configure:4514: mips-openwrt-linux-uclibc-gcc -c -g -O2  conftest.c >&5
configure:4514: $? = 0
configure:4514: result: yes
configure:4514: checking for string.h
configure:4514: mips-openwrt-linux-uclibc-gcc -c -g -O2  conftest.c >&5
configure:4514: $? = 0
configure:4514: result: yes
configure:4514: checking for memory.h
configure:4514: mips-openwrt-linux-uclibc-gcc -c -g -O2  conftest.c >&5
configure:4514: $? = 0
configure:4514: result: yes
configure:4514: checking for strings.h
configure:4514: mips-openwrt-linux-uclibc-gcc -c -g -O2  conftest.c >&5
configure:4514: $? = 0
configure:4514: result: yes
configure:4514: checking for inttypes.h
configure:4514: mips-openwrt-linux-uclibc-gcc -c -g -O2  conftest.c >&5
configure:4514: $? = 0
configure:4514: result: yes
configure:4514: checking for stdint.h
configure:4514: mips-openwrt-linux-uclibc-gcc -c -g -O2  conftest.c >&5
configure:4514: $? = 0
configure:4514: result: yes
configure:4514: checking for unistd.h
configure:4514: mips-openwrt-linux-uclibc-gcc -c -g -O2  conftest.c >&5
configure:4514: $? = 0
configure:4514: result: yes
configure:4528: checking pty.h usability
configure:4528: mips-openwrt-linux-uclibc-gcc -c -g -O2  conftest.c >&5
configure:4528: $? = 0
configure:4528: result: yes
configure:4528: checking pty.h presence
configure:4528: mips-openwrt-linux-uclibc-gcc -E  conftest.c
configure:4528: $? = 0
configure:4528: result: yes
configure:4528: checking for pty.h
configure:4528: result: yes
configure:4540: checking for string.h
configure:4540: result: yes
configure:4552: checking syslog.h usability
configure:4552: mips-openwrt-linux-uclibc-gcc -c -g -O2  conftest.c >&5
configure:4552: $? = 0
configure:4552: result: yes
configure:4552: checking syslog.h presence
configure:4552: mips-openwrt-linux-uclibc-gcc -E  conftest.c
configure:4552: $? = 0
configure:4552: result: yes
configure:4552: checking for syslog.h
configure:4552: result: yes
configure:4564: checking for libintl.h
configure:4564: result: no
configure:4576: checking libutil.h usability
configure:4576: mips-openwrt-linux-uclibc-gcc -c -g -O2  conftest.c >&5
conftest.c:68:21: error: libutil.h: No such file or directory
configure:4576: $? = 1
configure: failed program was:
| /* confdefs.h */
| #define PACKAGE_NAME ""
| #define PACKAGE_TARNAME ""
| #define PACKAGE_VERSION ""
| #define PACKAGE_STRING ""
| #define PACKAGE_BUGREPORT ""
| #define PACKAGE_URL ""
| #define PACKAGE "pptpd"
| #define VERSION "1.4.0"
| #define PPP_BINARY "/usr/sbin/pppd"
| #define PPTP_FACILITY LOG_DAEMON
| #define BCRELAY 1
| #define HAVE_SETSID 1
| #define HAVE_DAEMON 1
| #define HAVE_GETSERVBYNAME 1
| #define HAVE_STRLCPY 1
| #define HAVE_FORK 1
| #define HAVE_MEMMOVE 1
| #define HAVE_STRERROR 1
| #define HAVE_WRITEV 1
| #define STDC_HEADERS 1
| #define HAVE_SYS_TYPES_H 1
| #define HAVE_SYS_STAT_H 1
| #define HAVE_STDLIB_H 1
| #define HAVE_STRING_H 1
| #define HAVE_MEMORY_H 1
| #define HAVE_STRINGS_H 1
| #define HAVE_INTTYPES_H 1
| #define HAVE_STDINT_H 1
| #define HAVE_UNISTD_H 1
| #define HAVE_PTY_H 1
| #define HAVE_STRING_H 1
| #define HAVE_SYSLOG_H 1
| /* end confdefs.h.  */
| #include <stdio.h>
| #ifdef HAVE_SYS_TYPES_H
| # include <sys/types.h>
| #endif
| #ifdef HAVE_SYS_STAT_H
| # include <sys/stat.h>
| #endif
| #ifdef STDC_HEADERS
| # include <stdlib.h>
| # include <stddef.h>
| #else
| # ifdef HAVE_STDLIB_H
| #  include <stdlib.h>
| # endif
| #endif
| #ifdef HAVE_STRING_H
| # if !defined STDC_HEADERS && defined HAVE_MEMORY_H
| #  include <memory.h>
| # endif
| # include <string.h>
| #endif
| #ifdef HAVE_STRINGS_H
| # include <strings.h>
| #endif
| #ifdef HAVE_INTTYPES_H
| # include <inttypes.h>
| #endif
| #ifdef HAVE_STDINT_H
| # include <stdint.h>
| #endif
| #ifdef HAVE_UNISTD_H
| # include <unistd.h>
| #endif
| #include <libutil.h>
configure:4576: result: no
configure:4576: checking libutil.h presence
configure:4576: mips-openwrt-linux-uclibc-gcc -E  conftest.c
conftest.c:35:21: error: libutil.h: No such file or directory
configure:4576: $? = 1
configure: failed program was:
| /* confdefs.h */
| #define PACKAGE_NAME ""
| #define PACKAGE_TARNAME ""
| #define PACKAGE_VERSION ""
| #define PACKAGE_STRING ""
| #define PACKAGE_BUGREPORT ""
| #define PACKAGE_URL ""
| #define PACKAGE "pptpd"
| #define VERSION "1.4.0"
| #define PPP_BINARY "/usr/sbin/pppd"
| #define PPTP_FACILITY LOG_DAEMON
| #define BCRELAY 1
| #define HAVE_SETSID 1
| #define HAVE_DAEMON 1
| #define HAVE_GETSERVBYNAME 1
| #define HAVE_STRLCPY 1
| #define HAVE_FORK 1
| #define HAVE_MEMMOVE 1
| #define HAVE_STRERROR 1
| #define HAVE_WRITEV 1
| #define STDC_HEADERS 1
| #define HAVE_SYS_TYPES_H 1
| #define HAVE_SYS_STAT_H 1
| #define HAVE_STDLIB_H 1
| #define HAVE_STRING_H 1
| #define HAVE_MEMORY_H 1
| #define HAVE_STRINGS_H 1
| #define HAVE_INTTYPES_H 1
| #define HAVE_STDINT_H 1
| #define HAVE_UNISTD_H 1
| #define HAVE_PTY_H 1
| #define HAVE_STRING_H 1
| #define HAVE_SYSLOG_H 1
| /* end confdefs.h.  */
| #include <libutil.h>
configure:4576: result: no
configure:4576: checking for libutil.h
configure:4576: result: no
configure:4588: checking sys/uio.h usability
configure:4588: mips-openwrt-linux-uclibc-gcc -c -g -O2  conftest.c >&5
configure:4588: $? = 0
configure:4588: result: yes
configure:4588: checking sys/uio.h presence
configure:4588: mips-openwrt-linux-uclibc-gcc -E  conftest.c
configure:4588: $? = 0
configure:4588: result: yes
configure:4588: checking for sys/uio.h
configure:4588: result: yes
configure:4599: checking for size_t
configure:4599: mips-openwrt-linux-uclibc-gcc -c -g -O2  conftest.c >&5
configure:4599: $? = 0
configure:4599: mips-openwrt-linux-uclibc-gcc -c -g -O2  conftest.c >&5
conftest.c: In function 'main':
conftest.c:72: error: expected expression before ')' token
configure:4599: $? = 1
configure: failed program was:
| /* confdefs.h */
| #define PACKAGE_NAME ""
| #define PACKAGE_TARNAME ""
| #define PACKAGE_VERSION ""
| #define PACKAGE_STRING ""
| #define PACKAGE_BUGREPORT ""
| #define PACKAGE_URL ""
| #define PACKAGE "pptpd"
| #define VERSION "1.4.0"
| #define PPP_BINARY "/usr/sbin/pppd"
| #define PPTP_FACILITY LOG_DAEMON
| #define BCRELAY 1
| #define HAVE_SETSID 1
| #define HAVE_DAEMON 1
| #define HAVE_GETSERVBYNAME 1
| #define HAVE_STRLCPY 1
| #define HAVE_FORK 1
| #define HAVE_MEMMOVE 1
| #define HAVE_STRERROR 1
| #define HAVE_WRITEV 1
| #define STDC_HEADERS 1
| #define HAVE_SYS_TYPES_H 1
| #define HAVE_SYS_STAT_H 1
| #define HAVE_STDLIB_H 1
| #define HAVE_STRING_H 1
| #define HAVE_MEMORY_H 1
| #define HAVE_STRINGS_H 1
| #define HAVE_INTTYPES_H 1
| #define HAVE_STDINT_H 1
| #define HAVE_UNISTD_H 1
| #define HAVE_PTY_H 1
| #define HAVE_STRING_H 1
| #define HAVE_SYSLOG_H 1
| #define HAVE_SYS_UIO_H 1
| /* end confdefs.h.  */
| #include <stdio.h>
| #ifdef HAVE_SYS_TYPES_H
| # include <sys/types.h>
| #endif
| #ifdef HAVE_SYS_STAT_H
| # include <sys/stat.h>
| #endif
| #ifdef STDC_HEADERS
| # include <stdlib.h>
| # include <stddef.h>
| #else
| # ifdef HAVE_STDLIB_H
| #  include <stdlib.h>
| # endif
| #endif
| #ifdef HAVE_STRING_H
| # if !defined STDC_HEADERS && defined HAVE_MEMORY_H
| #  include <memory.h>
| # endif
| # include <string.h>
| #endif
| #ifdef HAVE_STRINGS_H
| # include <strings.h>
| #endif
| #ifdef HAVE_INTTYPES_H
| # include <inttypes.h>
| #endif
| #ifdef HAVE_STDINT_H
| # include <stdint.h>
| #endif
| #ifdef HAVE_UNISTD_H
| # include <unistd.h>
| #endif
| int
| main ()
| {
| if (sizeof ((size_t)))
| 	    return 0;
|   ;
|   return 0;
| }
configure:4599: result: yes
configure:4610: checking for ssize_t
configure:4610: mips-openwrt-linux-uclibc-gcc -c -g -O2  conftest.c >&5
configure:4610: $? = 0
configure:4610: mips-openwrt-linux-uclibc-gcc -c -g -O2  conftest.c >&5
conftest.c: In function 'main':
conftest.c:72: error: expected expression before ')' token
configure:4610: $? = 1
configure: failed program was:
| /* confdefs.h */
| #define PACKAGE_NAME ""
| #define PACKAGE_TARNAME ""
| #define PACKAGE_VERSION ""
| #define PACKAGE_STRING ""
| #define PACKAGE_BUGREPORT ""
| #define PACKAGE_URL ""
| #define PACKAGE "pptpd"
| #define VERSION "1.4.0"
| #define PPP_BINARY "/usr/sbin/pppd"
| #define PPTP_FACILITY LOG_DAEMON
| #define BCRELAY 1
| #define HAVE_SETSID 1
| #define HAVE_DAEMON 1
| #define HAVE_GETSERVBYNAME 1
| #define HAVE_STRLCPY 1
| #define HAVE_FORK 1
| #define HAVE_MEMMOVE 1
| #define HAVE_STRERROR 1
| #define HAVE_WRITEV 1
| #define STDC_HEADERS 1
| #define HAVE_SYS_TYPES_H 1
| #define HAVE_SYS_STAT_H 1
| #define HAVE_STDLIB_H 1
| #define HAVE_STRING_H 1
| #define HAVE_MEMORY_H 1
| #define HAVE_STRINGS_H 1
| #define HAVE_INTTYPES_H 1
| #define HAVE_STDINT_H 1
| #define HAVE_UNISTD_H 1
| #define HAVE_PTY_H 1
| #define HAVE_STRING_H 1
| #define HAVE_SYSLOG_H 1
| #define HAVE_SYS_UIO_H 1
| /* end confdefs.h.  */
| #include <stdio.h>
| #ifdef HAVE_SYS_TYPES_H
| # include <sys/types.h>
| #endif
| #ifdef HAVE_SYS_STAT_H
| # include <sys/stat.h>
| #endif
| #ifdef STDC_HEADERS
| # include <stdlib.h>
| # include <stddef.h>
| #else
| # ifdef HAVE_STDLIB_H
| #  include <stdlib.h>
| # endif
| #endif
| #ifdef HAVE_STRING_H
| # if !defined STDC_HEADERS && defined HAVE_MEMORY_H
| #  include <memory.h>
| # endif
| # include <string.h>
| #endif
| #ifdef HAVE_STRINGS_H
| # include <strings.h>
| #endif
| #ifdef HAVE_INTTYPES_H
| # include <inttypes.h>
| #endif
| #ifdef HAVE_STDINT_H
| # include <stdint.h>
| #endif
| #ifdef HAVE_UNISTD_H
| # include <unistd.h>
| #endif
| int
| main ()
| {
| if (sizeof ((ssize_t)))
| 	    return 0;
|   ;
|   return 0;
| }
configure:4610: result: yes
configure:4621: checking for u_int8_t
configure:4621: mips-openwrt-linux-uclibc-gcc -c -g -O2  conftest.c >&5
configure:4621: $? = 0
configure:4621: mips-openwrt-linux-uclibc-gcc -c -g -O2  conftest.c >&5
conftest.c: In function 'main':
conftest.c:72: error: expected expression before ')' token
configure:4621: $? = 1
configure: failed program was:
| /* confdefs.h */
| #define PACKAGE_NAME ""
| #define PACKAGE_TARNAME ""
| #define PACKAGE_VERSION ""
| #define PACKAGE_STRING ""
| #define PACKAGE_BUGREPORT ""
| #define PACKAGE_URL ""
| #define PACKAGE "pptpd"
| #define VERSION "1.4.0"
| #define PPP_BINARY "/usr/sbin/pppd"
| #define PPTP_FACILITY LOG_DAEMON
| #define BCRELAY 1
| #define HAVE_SETSID 1
| #define HAVE_DAEMON 1
| #define HAVE_GETSERVBYNAME 1
| #define HAVE_STRLCPY 1
| #define HAVE_FORK 1
| #define HAVE_MEMMOVE 1
| #define HAVE_STRERROR 1
| #define HAVE_WRITEV 1
| #define STDC_HEADERS 1
| #define HAVE_SYS_TYPES_H 1
| #define HAVE_SYS_STAT_H 1
| #define HAVE_STDLIB_H 1
| #define HAVE_STRING_H 1
| #define HAVE_MEMORY_H 1
| #define HAVE_STRINGS_H 1
| #define HAVE_INTTYPES_H 1
| #define HAVE_STDINT_H 1
| #define HAVE_UNISTD_H 1
| #define HAVE_PTY_H 1
| #define HAVE_STRING_H 1
| #define HAVE_SYSLOG_H 1
| #define HAVE_SYS_UIO_H 1
| /* end confdefs.h.  */
| #include <stdio.h>
| #ifdef HAVE_SYS_TYPES_H
| # include <sys/types.h>
| #endif
| #ifdef HAVE_SYS_STAT_H
| # include <sys/stat.h>
| #endif
| #ifdef STDC_HEADERS
| # include <stdlib.h>
| # include <stddef.h>
| #else
| # ifdef HAVE_STDLIB_H
| #  include <stdlib.h>
| # endif
| #endif
| #ifdef HAVE_STRING_H
| # if !defined STDC_HEADERS && defined HAVE_MEMORY_H
| #  include <memory.h>
| # endif
| # include <string.h>
| #endif
| #ifdef HAVE_STRINGS_H
| # include <strings.h>
| #endif
| #ifdef HAVE_INTTYPES_H
| # include <inttypes.h>
| #endif
| #ifdef HAVE_STDINT_H
| # include <stdint.h>
| #endif
| #ifdef HAVE_UNISTD_H
| # include <unistd.h>
| #endif
| int
| main ()
| {
| if (sizeof ((u_int8_t)))
| 	    return 0;
|   ;
|   return 0;
| }
configure:4621: result: yes
configure:4632: checking for u_int16_t
configure:4632: mips-openwrt-linux-uclibc-gcc -c -g -O2  conftest.c >&5
configure:4632: $? = 0
configure:4632: mips-openwrt-linux-uclibc-gcc -c -g -O2  conftest.c >&5
conftest.c: In function 'main':
conftest.c:72: error: expected expression before ')' token
configure:4632: $? = 1
configure: failed program was:
| /* confdefs.h */
| #define PACKAGE_NAME ""
| #define PACKAGE_TARNAME ""
| #define PACKAGE_VERSION ""
| #define PACKAGE_STRING ""
| #define PACKAGE_BUGREPORT ""
| #define PACKAGE_URL ""
| #define PACKAGE "pptpd"
| #define VERSION "1.4.0"
| #define PPP_BINARY "/usr/sbin/pppd"
| #define PPTP_FACILITY LOG_DAEMON
| #define BCRELAY 1
| #define HAVE_SETSID 1
| #define HAVE_DAEMON 1
| #define HAVE_GETSERVBYNAME 1
| #define HAVE_STRLCPY 1
| #define HAVE_FORK 1
| #define HAVE_MEMMOVE 1
| #define HAVE_STRERROR 1
| #define HAVE_WRITEV 1
| #define STDC_HEADERS 1
| #define HAVE_SYS_TYPES_H 1
| #define HAVE_SYS_STAT_H 1
| #define HAVE_STDLIB_H 1
| #define HAVE_STRING_H 1
| #define HAVE_MEMORY_H 1
| #define HAVE_STRINGS_H 1
| #define HAVE_INTTYPES_H 1
| #define HAVE_STDINT_H 1
| #define HAVE_UNISTD_H 1
| #define HAVE_PTY_H 1
| #define HAVE_STRING_H 1
| #define HAVE_SYSLOG_H 1
| #define HAVE_SYS_UIO_H 1
| /* end confdefs.h.  */
| #include <stdio.h>
| #ifdef HAVE_SYS_TYPES_H
| # include <sys/types.h>
| #endif
| #ifdef HAVE_SYS_STAT_H
| # include <sys/stat.h>
| #endif
| #ifdef STDC_HEADERS
| # include <stdlib.h>
| # include <stddef.h>
| #else
| # ifdef HAVE_STDLIB_H
| #  include <stdlib.h>
| # endif
| #endif
| #ifdef HAVE_STRING_H
| # if !defined STDC_HEADERS && defined HAVE_MEMORY_H
| #  include <memory.h>
| # endif
| # include <string.h>
| #endif
| #ifdef HAVE_STRINGS_H
| # include <strings.h>
| #endif
| #ifdef HAVE_INTTYPES_H
| # include <inttypes.h>
| #endif
| #ifdef HAVE_STDINT_H
| # include <stdint.h>
| #endif
| #ifdef HAVE_UNISTD_H
| # include <unistd.h>
| #endif
| int
| main ()
| {
| if (sizeof ((u_int16_t)))
| 	    return 0;
|   ;
|   return 0;
| }
configure:4632: result: yes
configure:4643: checking for u_int32_t
configure:4643: mips-openwrt-linux-uclibc-gcc -c -g -O2  conftest.c >&5
configure:4643: $? = 0
configure:4643: mips-openwrt-linux-uclibc-gcc -c -g -O2  conftest.c >&5
conftest.c: In function 'main':
conftest.c:72: error: expected expression before ')' token
configure:4643: $? = 1
configure: failed program was:
| /* confdefs.h */
| #define PACKAGE_NAME ""
| #define PACKAGE_TARNAME ""
| #define PACKAGE_VERSION ""
| #define PACKAGE_STRING ""
| #define PACKAGE_BUGREPORT ""
| #define PACKAGE_URL ""
| #define PACKAGE "pptpd"
| #define VERSION "1.4.0"
| #define PPP_BINARY "/usr/sbin/pppd"
| #define PPTP_FACILITY LOG_DAEMON
| #define BCRELAY 1
| #define HAVE_SETSID 1
| #define HAVE_DAEMON 1
| #define HAVE_GETSERVBYNAME 1
| #define HAVE_STRLCPY 1
| #define HAVE_FORK 1
| #define HAVE_MEMMOVE 1
| #define HAVE_STRERROR 1
| #define HAVE_WRITEV 1
| #define STDC_HEADERS 1
| #define HAVE_SYS_TYPES_H 1
| #define HAVE_SYS_STAT_H 1
| #define HAVE_STDLIB_H 1
| #define HAVE_STRING_H 1
| #define HAVE_MEMORY_H 1
| #define HAVE_STRINGS_H 1
| #define HAVE_INTTYPES_H 1
| #define HAVE_STDINT_H 1
| #define HAVE_UNISTD_H 1
| #define HAVE_PTY_H 1
| #define HAVE_STRING_H 1
| #define HAVE_SYSLOG_H 1
| #define HAVE_SYS_UIO_H 1
| /* end confdefs.h.  */
| #include <stdio.h>
| #ifdef HAVE_SYS_TYPES_H
| # include <sys/types.h>
| #endif
| #ifdef HAVE_SYS_STAT_H
| # include <sys/stat.h>
| #endif
| #ifdef STDC_HEADERS
| # include <stdlib.h>
| # include <stddef.h>
| #else
| # ifdef HAVE_STDLIB_H
| #  include <stdlib.h>
| # endif
| #endif
| #ifdef HAVE_STRING_H
| # if !defined STDC_HEADERS && defined HAVE_MEMORY_H
| #  include <memory.h>
| # endif
| # include <string.h>
| #endif
| #ifdef HAVE_STRINGS_H
| # include <strings.h>
| #endif
| #ifdef HAVE_INTTYPES_H
| # include <inttypes.h>
| #endif
| #ifdef HAVE_STDINT_H
| # include <stdint.h>
| #endif
| #ifdef HAVE_UNISTD_H
| # include <unistd.h>
| #endif
| int
| main ()
| {
| if (sizeof ((u_int32_t)))
| 	    return 0;
|   ;
|   return 0;
| }
configure:4643: result: yes
configure:4655: checking for socklen_t
configure:4680: result: yes
configure:4755: checking for accept in -lc
configure:4780: mips-openwrt-linux-uclibc-gcc -o conftest -g -O2   conftest.c -lc   >&5
configure:4780: $? = 0
configure:4789: result: yes
configure:4800: checking for gethostbyname in -lc
configure:4825: mips-openwrt-linux-uclibc-gcc -o conftest -g -O2   conftest.c -lc  -lc  >&5
configure:4825: $? = 0
configure:4834: result: yes
configure:4845: checking for openpty in -lc
configure:4870: mips-openwrt-linux-uclibc-gcc -o conftest -g -O2   conftest.c -lc  -lc -lc  >&5
/tmp/ccae097F.o: In function `main':
/home/dev/newUIv2/apps/public/pptpd-1.4.0/conftest.c:49: undefined reference to `openpty'
collect2: ld returned 1 exit status
configure:4870: $? = 1
configure: failed program was:
| /* confdefs.h */
| #define PACKAGE_NAME ""
| #define PACKAGE_TARNAME ""
| #define PACKAGE_VERSION ""
| #define PACKAGE_STRING ""
| #define PACKAGE_BUGREPORT ""
| #define PACKAGE_URL ""
| #define PACKAGE "pptpd"
| #define VERSION "1.4.0"
| #define PPP_BINARY "/usr/sbin/pppd"
| #define PPTP_FACILITY LOG_DAEMON
| #define BCRELAY 1
| #define HAVE_SETSID 1
| #define HAVE_DAEMON 1
| #define HAVE_GETSERVBYNAME 1
| #define HAVE_STRLCPY 1
| #define HAVE_FORK 1
| #define HAVE_MEMMOVE 1
| #define HAVE_STRERROR 1
| #define HAVE_WRITEV 1
| #define STDC_HEADERS 1
| #define HAVE_SYS_TYPES_H 1
| #define HAVE_SYS_STAT_H 1
| #define HAVE_STDLIB_H 1
| #define HAVE_STRING_H 1
| #define HAVE_MEMORY_H 1
| #define HAVE_STRINGS_H 1
| #define HAVE_INTTYPES_H 1
| #define HAVE_STDINT_H 1
| #define HAVE_UNISTD_H 1
| #define HAVE_PTY_H 1
| #define HAVE_STRING_H 1
| #define HAVE_SYSLOG_H 1
| #define HAVE_SYS_UIO_H 1
| #define HAVE_LIBC 1
| #define HAVE_LIBC 1
| /* end confdefs.h.  */
| 
| /* Override any GCC internal prototype to avoid an error.
|    Use char because int might match the return type of a GCC
|    builtin and then its argument prototype would still apply.  */
| #ifdef __cplusplus
| extern "C"
| #endif
| char openpty ();
| int
| main ()
| {
| return openpty ();
|   ;
|   return 0;
| }
configure:4879: result: no
configure:4890: checking for gettext in -lc
configure:4915: mips-openwrt-linux-uclibc-gcc -o conftest -g -O2   conftest.c -lc  -lc -lc  >&5
conftest.c:45: warning: conflicting types for built-in function 'gettext'
/tmp/cce8r1zL.o: In function `main':
/home/dev/newUIv2/apps/public/pptpd-1.4.0/conftest.c:49: undefined reference to `gettext'
collect2: ld returned 1 exit status
configure:4915: $? = 1
configure: failed program was:
| /* confdefs.h */
| #define PACKAGE_NAME ""
| #define PACKAGE_TARNAME ""
| #define PACKAGE_VERSION ""
| #define PACKAGE_STRING ""
| #define PACKAGE_BUGREPORT ""
| #define PACKAGE_URL ""
| #define PACKAGE "pptpd"
| #define VERSION "1.4.0"
| #define PPP_BINARY "/usr/sbin/pppd"
| #define PPTP_FACILITY LOG_DAEMON
| #define BCRELAY 1
| #define HAVE_SETSID 1
| #define HAVE_DAEMON 1
| #define HAVE_GETSERVBYNAME 1
| #define HAVE_STRLCPY 1
| #define HAVE_FORK 1
| #define HAVE_MEMMOVE 1
| #define HAVE_STRERROR 1
| #define HAVE_WRITEV 1
| #define STDC_HEADERS 1
| #define HAVE_SYS_TYPES_H 1
| #define HAVE_SYS_STAT_H 1
| #define HAVE_STDLIB_H 1
| #define HAVE_STRING_H 1
| #define HAVE_MEMORY_H 1
| #define HAVE_STRINGS_H 1
| #define HAVE_INTTYPES_H 1
| #define HAVE_STDINT_H 1
| #define HAVE_UNISTD_H 1
| #define HAVE_PTY_H 1
| #define HAVE_STRING_H 1
| #define HAVE_SYSLOG_H 1
| #define HAVE_SYS_UIO_H 1
| #define HAVE_LIBC 1
| #define HAVE_LIBC 1
| /* end confdefs.h.  */
| 
| /* Override any GCC internal prototype to avoid an error.
|    Use char because int might match the return type of a GCC
|    builtin and then its argument prototype would still apply.  */
| #ifdef __cplusplus
| extern "C"
| #endif
| char gettext ();
| int
| main ()
| {
| return gettext ();
|   ;
|   return 0;
| }
configure:4924: result: no
configure:4935: checking for accept in -lsocket
configure:4960: mips-openwrt-linux-uclibc-gcc -o conftest -g -O2   conftest.c -lsocket  -lc -lc  >&5
/home/dev/newUIv2/lantiq/staging_dir/toolchain-mips_r2_gcc-4.3.3+cs_uClibc-0.9.30.1/usr/lib/gcc/mips-openwrt-linux-uclibc/4.3.3/../../../../mips-openwrt-linux-uclibc/bin/ld: cannot find -lsocket
collect2: ld returned 1 exit status
configure:4960: $? = 1
configure: failed program was:
| /* confdefs.h */
| #define PACKAGE_NAME ""
| #define PACKAGE_TARNAME ""
| #define PACKAGE_VERSION ""
| #define PACKAGE_STRING ""
| #define PACKAGE_BUGREPORT ""
| #define PACKAGE_URL ""
| #define PACKAGE "pptpd"
| #define VERSION "1.4.0"
| #define PPP_BINARY "/usr/sbin/pppd"
| #define PPTP_FACILITY LOG_DAEMON
| #define BCRELAY 1
| #define HAVE_SETSID 1
| #define HAVE_DAEMON 1
| #define HAVE_GETSERVBYNAME 1
| #define HAVE_STRLCPY 1
| #define HAVE_FORK 1
| #define HAVE_MEMMOVE 1
| #define HAVE_STRERROR 1
| #define HAVE_WRITEV 1
| #define STDC_HEADERS 1
| #define HAVE_SYS_TYPES_H 1
| #define HAVE_SYS_STAT_H 1
| #define HAVE_STDLIB_H 1
| #define HAVE_STRING_H 1
| #define HAVE_MEMORY_H 1
| #define HAVE_STRINGS_H 1
| #define HAVE_INTTYPES_H 1
| #define HAVE_STDINT_H 1
| #define HAVE_UNISTD_H 1
| #define HAVE_PTY_H 1
| #define HAVE_STRING_H 1
| #define HAVE_SYSLOG_H 1
| #define HAVE_SYS_UIO_H 1
| #define HAVE_LIBC 1
| #define HAVE_LIBC 1
| /* end confdefs.h.  */
| 
| /* Override any GCC internal prototype to avoid an error.
|    Use char because int might match the return type of a GCC
|    builtin and then its argument prototype would still apply.  */
| #ifdef __cplusplus
| extern "C"
| #endif
| char accept ();
| int
| main ()
| {
| return accept ();
|   ;
|   return 0;
| }
configure:4969: result: no
configure:4980: checking for gethostbyname in -lnsl
configure:5005: mips-openwrt-linux-uclibc-gcc -o conftest -g -O2   conftest.c -lnsl  -lc -lc  >&5
configure:5005: $? = 0
configure:5014: result: yes
configure:5025: checking for openpty in -lutil
configure:5050: mips-openwrt-linux-uclibc-gcc -o conftest -g -O2   conftest.c -lutil  -lnsl -lc -lc  >&5
configure:5050: $? = 0
configure:5059: result: yes
configure:5070: checking for gettext in -lintl
configure:5095: mips-openwrt-linux-uclibc-gcc -o conftest -g -O2   conftest.c -lintl  -lutil -lnsl -lc -lc  >&5
conftest.c:47: warning: conflicting types for built-in function 'gettext'
/home/dev/newUIv2/lantiq/staging_dir/toolchain-mips_r2_gcc-4.3.3+cs_uClibc-0.9.30.1/usr/lib/gcc/mips-openwrt-linux-uclibc/4.3.3/../../../../mips-openwrt-linux-uclibc/bin/ld: cannot find -lintl
collect2: ld returned 1 exit status
configure:5095: $? = 1
configure: failed program was:
| /* confdefs.h */
| #define PACKAGE_NAME ""
| #define PACKAGE_TARNAME ""
| #define PACKAGE_VERSION ""
| #define PACKAGE_STRING ""
| #define PACKAGE_BUGREPORT ""
| #define PACKAGE_URL ""
| #define PACKAGE "pptpd"
| #define VERSION "1.4.0"
| #define PPP_BINARY "/usr/sbin/pppd"
| #define PPTP_FACILITY LOG_DAEMON
| #define BCRELAY 1
| #define HAVE_SETSID 1
| #define HAVE_DAEMON 1
| #define HAVE_GETSERVBYNAME 1
| #define HAVE_STRLCPY 1
| #define HAVE_FORK 1
| #define HAVE_MEMMOVE 1
| #define HAVE_STRERROR 1
| #define HAVE_WRITEV 1
| #define STDC_HEADERS 1
| #define HAVE_SYS_TYPES_H 1
| #define HAVE_SYS_STAT_H 1
| #define HAVE_STDLIB_H 1
| #define HAVE_STRING_H 1
| #define HAVE_MEMORY_H 1
| #define HAVE_STRINGS_H 1
| #define HAVE_INTTYPES_H 1
| #define HAVE_STDINT_H 1
| #define HAVE_UNISTD_H 1
| #define HAVE_PTY_H 1
| #define HAVE_STRING_H 1
| #define HAVE_SYSLOG_H 1
| #define HAVE_SYS_UIO_H 1
| #define HAVE_LIBC 1
| #define HAVE_LIBC 1
| #define HAVE_LIBNSL 1
| #define HAVE_LIBUTIL 1
| /* end confdefs.h.  */
| 
| /* Override any GCC internal prototype to avoid an error.
|    Use char because int might match the return type of a GCC
|    builtin and then its argument prototype would still apply.  */
| #ifdef __cplusplus
| extern "C"
| #endif
| char gettext ();
| int
| main ()
| {
| return gettext ();
|   ;
|   return 0;
| }
configure:5104: result: no
configure:5488: creating ./config.status

## ---------------- ##
## Cache variables. ##
## ---------------- ##

ac_cv_c_compiler_gnu=yes
ac_cv_c_const=yes
ac_cv_c_inline=inline
ac_cv_env_CC_set=set
ac_cv_env_CC_value=mips-openwrt-linux-uclibc-gcc
ac_cv_env_CFLAGS_set=
ac_cv_env_CFLAGS_value=
ac_cv_env_CPPFLAGS_set=
ac_cv_env_CPPFLAGS_value=
ac_cv_env_CPP_set=
ac_cv_env_CPP_value=
ac_cv_env_LDFLAGS_set=
ac_cv_env_LDFLAGS_value=
ac_cv_env_LIBS_set=
ac_cv_env_LIBS_value=
ac_cv_env_build_alias_set=
ac_cv_env_build_alias_value=
ac_cv_env_host_alias_set=set
ac_cv_env_host_alias_value=mips-openwrt-linux-uclibc
ac_cv_env_target_alias_set=
ac_cv_env_target_alias_value=
ac_cv_func_daemon=yes
ac_cv_func_fork=yes
ac_cv_func_getservbyname=yes
ac_cv_func_memmove=yes
ac_cv_func_setproctitle=no
ac_cv_func_setsid=yes
ac_cv_func_strerror=yes
ac_cv_func_strlcpy=yes
ac_cv_func_writev=yes
ac_cv_header_inttypes_h=yes
ac_cv_header_libintl_h=no
ac_cv_header_libutil_h=no
ac_cv_header_memory_h=yes
ac_cv_header_pty_h=yes
ac_cv_header_stdc=yes
ac_cv_header_stdint_h=yes
ac_cv_header_stdlib_h=yes
ac_cv_header_string_h=yes
ac_cv_header_strings_h=yes
ac_cv_header_sys_stat_h=yes
ac_cv_header_sys_types_h=yes
ac_cv_header_sys_uio_h=yes
ac_cv_header_syslog_h=yes
ac_cv_header_unistd_h=yes
ac_cv_lib_c_accept=yes
ac_cv_lib_c_gethostbyname=yes
ac_cv_lib_c_gettext=no
ac_cv_lib_c_openpty=no
ac_cv_lib_intl_gettext=no
ac_cv_lib_nsl_gethostbyname=yes
ac_cv_lib_socket_accept=no
ac_cv_lib_util_openpty=yes
ac_cv_objext=o
ac_cv_path_EGREP='/bin/grep -E'
ac_cv_path_GREP=/bin/grep
ac_cv_path_install='/usr/bin/install -c'
ac_cv_path_mkdir=/bin/mkdir
ac_cv_prog_AWK=gawk
ac_cv_prog_CC=mips-openwrt-linux-uclibc-gcc
ac_cv_prog_CPP='mips-openwrt-linux-uclibc-gcc -E'
ac_cv_prog_RANLIB=mips-openwrt-linux-uclibc-ranlib
ac_cv_prog_STRIP=mips-openwrt-linux-uclibc-strip
ac_cv_prog_cc_c89=
ac_cv_prog_cc_g=yes
ac_cv_prog_make_make_set=yes
ac_cv_sys_interpreter=yes
ac_cv_type_size_t=yes
ac_cv_type_socklen_t=yes
ac_cv_type_ssize_t=yes
ac_cv_type_u_int16_t=yes
ac_cv_type_u_int32_t=yes
ac_cv_type_u_int8_t=yes
am_cv_CC_dependencies_compiler_type=none

## ----------------- ##
## Output variables. ##
## ----------------- ##

ACLOCAL='${SHELL} /home/dev/newUIv2/apps/public/pptpd-1.4.0/missing --run aclocal-1.11'
AMDEPBACKSLASH='\'
AMDEP_FALSE='#'
AMDEP_TRUE=''
AMTAR='${SHELL} /home/dev/newUIv2/apps/public/pptpd-1.4.0/missing --run tar'
AUTOCONF='${SHELL} /home/dev/newUIv2/apps/public/pptpd-1.4.0/missing --run autoconf'
AUTOHEADER='${SHELL} /home/dev/newUIv2/apps/public/pptpd-1.4.0/missing --run autoheader'
AUTOMAKE='${SHELL} /home/dev/newUIv2/apps/public/pptpd-1.4.0/missing --run automake-1.11'
AWK='gawk'
CC='mips-openwrt-linux-uclibc-gcc'
CCDEPMODE='depmode=none'
CFLAGS='-g -O2'
CPP='mips-openwrt-linux-uclibc-gcc -E'
CPPFLAGS=''
CYGPATH_W='echo'
DEFS='-DHAVE_CONFIG_H'
DEPDIR='.deps'
ECHO_C=''
ECHO_N='-n'
ECHO_T=''
EGREP='/bin/grep -E'
EXEEXT=''
GREP='/bin/grep'
HAVE_OPENPTY=''
INSTALL_DATA='${INSTALL} -m 644'
INSTALL_PROGRAM='${INSTALL}'
INSTALL_SCRIPT='${INSTALL}'
INSTALL_STRIP_PROGRAM='$(install_sh) -c -s'
LDFLAGS=''
LIBOBJS=''
LIBS=''
LN_S='ln -s'
LTLIBOBJS=''
MAKEINFO='${SHELL} /home/dev/newUIv2/apps/public/pptpd-1.4.0/missing --run makeinfo'
MKDIR_P='/bin/mkdir -p'
OBJEXT='o'
PACKAGE='pptpd'
PACKAGE_BUGREPORT=''
PACKAGE_NAME=''
PACKAGE_STRING=''
PACKAGE_TARNAME=''
PACKAGE_URL=''
PACKAGE_VERSION=''
PATH_SEPARATOR=':'
RANLIB='mips-openwrt-linux-uclibc-ranlib'
SET_MAKE=''
SHELL='/bin/sh'
STRIP='mips-openwrt-linux-uclibc-strip'
VERSION='1.4.0'
XTRALIBS_CTRL='-lutil'
XTRALIBS_MGR=''
XTRA_PROG='bcrelay'
ac_ct_CC=''
am__EXEEXT_FALSE=''
am__EXEEXT_TRUE='#'
am__fastdepCC_FALSE=''
am__fastdepCC_TRUE='#'
am__include='include'
am__isrc=''
am__leading_dot='.'
am__quote=''
am__tar='${AMTAR} chof - "$$tardir"'
am__untar='${AMTAR} xf -'
bindir='${exec_prefix}/bin'
build_alias=''
datadir='${datarootdir}'
datarootdir='${prefix}/share'
docdir='${datarootdir}/doc/${PACKAGE}'
dvidir='${docdir}'
exec_prefix='${prefix}'
host_alias='mips-openwrt-linux-uclibc'
htmldir='${docdir}'
includedir='${prefix}/include'
infodir='${datarootdir}/info'
install_sh='${SHELL} /home/dev/newUIv2/apps/public/pptpd-1.4.0/install-sh'
libdir='${exec_prefix}/lib'
libexecdir='${exec_prefix}/libexec'
localedir='${datarootdir}/locale'
localstatedir='${prefix}/var'
mandir='${datarootdir}/man'
mkdir_p='/bin/mkdir -p'
oldincludedir='/usr/include'
pdfdir='${docdir}'
prefix='/usr/local'
program_transform_name='s,x,x,'
psdir='${docdir}'
sbindir='/usr/sbin'
sharedstatedir='${prefix}/com'
sysconfdir='${prefix}/etc'
target_alias=''

## ----------- ##
## confdefs.h. ##
## ----------- ##

/* confdefs.h */
#define PACKAGE_NAME ""
#define PACKAGE_TARNAME ""
#define PACKAGE_VERSION ""
#define PACKAGE_STRING ""
#define PACKAGE_BUGREPORT ""
#define PACKAGE_URL ""
#define PACKAGE "pptpd"
#define VERSION "1.4.0"
#define PPP_BINARY "/usr/sbin/pppd"
#define PPTP_FACILITY LOG_DAEMON
#define BCRELAY 1
#define HAVE_SETSID 1
#define HAVE_DAEMON 1
#define HAVE_GETSERVBYNAME 1
#define HAVE_STRLCPY 1
#define HAVE_FORK 1
#define HAVE_MEMMOVE 1
#define HAVE_STRERROR 1
#define HAVE_WRITEV 1
#define STDC_HEADERS 1
#define HAVE_SYS_TYPES_H 1
#define HAVE_SYS_STAT_H 1
#define HAVE_STDLIB_H 1
#define HAVE_STRING_H 1
#define HAVE_MEMORY_H 1
#define HAVE_STRINGS_H 1
#define HAVE_INTTYPES_H 1
#define HAVE_STDINT_H 1
#define HAVE_UNISTD_H 1
#define HAVE_PTY_H 1
#define HAVE_STRING_H 1
#define HAVE_SYSLOG_H 1
#define HAVE_SYS_UIO_H 1
#define HAVE_LIBC 1
#define HAVE_LIBC 1
#define HAVE_LIBNSL 1
#define HAVE_LIBUTIL 1
#define HAVE_OPENPTY 1

configure: exit 0

## ---------------------- ##
## Running config.status. ##
## ---------------------- ##

This file was extended by config.status, which was
generated by GNU Autoconf 2.68.  Invocation command line was

  CONFIG_FILES    = 
  CONFIG_HEADERS  = 
  CONFIG_LINKS    = 
  CONFIG_COMMANDS = 
  $ ./config.status 

on localhost.localdomain

config.status:885: creating Makefile
config.status:885: creating config.h
config.status:1066: config.h is unchanged
config.status:1114: executing depfiles commands

## ---------------------- ##
## Running config.status. ##
## ---------------------- ##

This file was extended by config.status, which was
generated by GNU Autoconf 2.68.  Invocation command line was

  CONFIG_FILES    = 
  CONFIG_HEADERS  = 
  CONFIG_LINKS    = 
  CONFIG_COMMANDS = 
  $ ./config.status config.h

on localhost.localdomain

config.status:885: creating config.h
config.status:1066: config.h is unchanged
