This file contains any messages produced by compilers while
running configure, to aid debugging if configure makes a mistake.

It was created by configure, which was
generated by GNU Autoconf 2.59.  Invocation command line was

  $ ./configure --host=mips-linux --disable-ipv6 --disable-bgpd --disable-ripngd --disable-ospfd --disable-ospf6d

## --------- ##
## Platform. ##
## --------- ##

hostname = localhost.localdomain
uname -m = i686
uname -r = 2.6.18-8.el5
uname -s = Linux
uname -v = #1 SMP Fri Jan 26 14:15:21 EST 2007

/usr/bin/uname -p = unknown
/bin/uname -X     = unknown

/bin/arch              = i686
/usr/bin/arch -k       = unknown
/usr/convex/getsysinfo = unknown
hostinfo               = unknown
/bin/machine           = unknown
/usr/bin/oslevel       = unknown
/bin/universe          = unknown

PATH: /usr/kerberos/sbin
PATH: /usr/kerberos/bin
PATH: /usr/local/sbin
PATH: /usr/local/bin
PATH: /sbin
PATH: /bin
PATH: /usr/sbin
PATH: /usr/bin
PATH: /root/bin
PATH: /opt/trendchip/mips-linux26/bin/


## ----------- ##
## Core tests. ##
## ----------- ##

configure:1367: checking for a BSD-compatible install
configure:1422: result: /usr/bin/install -c
configure:1433: checking whether build environment is sane
configure:1476: result: yes
configure:1509: checking for gawk
configure:1525: found /bin/gawk
configure:1535: result: gawk
configure:1545: checking whether make sets $(MAKE)
configure:1565: result: yes
configure:1625: checking for mips-linux-strip
configure:1641: found /opt/trendchip/mips-linux26/bin//mips-linux-strip
configure:1651: result: mips-linux-strip
configure:1723: checking build system type
configure:1741: result: i686-pc-linux-gnu
configure:1749: checking host system type
configure:1763: result: mips-mips-linux-gnu
configure:1802: checking for mips-linux-gcc
configure:1818: found /opt/trendchip/mips-linux26/bin//mips-linux-gcc
configure:1828: result: mips-linux-gcc
configure:2110: checking for C compiler version
configure:2113: mips-linux-gcc --version </dev/null >&5
mips-linux-gcc (GCC) 3.3.2
Copyright (C) 2003 Free Software Foundation, Inc.
This is free software; see the source for copying conditions.  There is NO
warranty; not even for MERCHANTABILITY or FITNESS FOR A PARTICULAR PURPOSE.

configure:2116: $? = 0
configure:2118: mips-linux-gcc -v </dev/null >&5
Reading specs from /opt/trendchip/mips-linux26/lib/gcc-lib/mips-linux/3.3.2/specs
Configured with: ../../src/gcc-3.3.2/configure --prefix=/opt/trendchip/mips-linux26 --target=mips-linux --enable-shared --enable-languages=c,c++ --nfp --without-fp --with-gnu-as --with-gnu-ld
Thread model: posix
gcc version 3.3.2
configure:2121: $? = 0
configure:2123: mips-linux-gcc -V </dev/null >&5
mips-linux-gcc: `-V' option must have argument
configure:2126: $? = 1
configure:2149: checking for C compiler default output file name
configure:2152: mips-linux-gcc    conftest.c  >&5
configure:2155: $? = 0
configure:2201: result: a.out
configure:2206: checking whether the C compiler works
configure:2212: ./a.out
./configure: line 2213: ./a.out: cannot execute binary file
configure:2215: $? = 126
configure:2232: result: yes
configure:2239: checking whether we are cross compiling
configure:2241: result: yes
configure:2244: checking for suffix of executables
configure:2246: mips-linux-gcc -o conftest    conftest.c  >&5
configure:2249: $? = 0
configure:2274: result: 
configure:2280: checking for suffix of object files
configure:2301: mips-linux-gcc -c   conftest.c >&5
configure:2304: $? = 0
configure:2326: result: o
configure:2330: checking whether we are using the GNU C compiler
configure:2354: mips-linux-gcc -c   conftest.c >&5
configure:2360: $? = 0
configure:2364: test -z 
			 || test ! -s conftest.err
configure:2367: $? = 0
configure:2370: test -s conftest.o
configure:2373: $? = 0
configure:2386: result: yes
configure:2392: checking whether mips-linux-gcc accepts -g
configure:2413: mips-linux-gcc -c -g  conftest.c >&5
configure:2419: $? = 0
configure:2423: test -z 
			 || test ! -s conftest.err
configure:2426: $? = 0
configure:2429: test -s conftest.o
configure:2432: $? = 0
configure:2443: result: yes
configure:2460: checking for mips-linux-gcc option to accept ANSI C
configure:2530: mips-linux-gcc  -c -g -O2  conftest.c >&5
configure:2536: $? = 0
configure:2540: test -z 
			 || test ! -s conftest.err
configure:2543: $? = 0
configure:2546: test -s conftest.o
configure:2549: $? = 0
configure:2567: result: none needed
configure:2585: mips-linux-gcc -c -g -O2  conftest.c >&5
conftest.c:2: error: parse error before "me"
configure:2591: $? = 1
configure: failed program was:
| #ifndef __cplusplus
|   choke me
| #endif
configure:2743: checking for style of include used by make
configure:2771: result: GNU
configure:2799: checking dependency style of mips-linux-gcc
configure:2861: result: gcc3
configure:2881: checking how to run the C preprocessor
configure:2916: mips-linux-gcc -E  conftest.c
configure:2922: $? = 0
configure:2954: mips-linux-gcc -E  conftest.c
conftest.c:11:28: ac_nonexistent.h: No such file or directory
configure:2960: $? = 1
configure: failed program was:
| /* confdefs.h.  */
| 
| #define PACKAGE_NAME ""
| #define PACKAGE_TARNAME ""
| #define PACKAGE_VERSION ""
| #define PACKAGE_STRING ""
| #define PACKAGE_BUGREPORT ""
| #define PACKAGE "zebra"
| #define VERSION "0.95"
| /* end confdefs.h.  */
| #include <ac_nonexistent.h>
configure:2999: result: mips-linux-gcc -E
configure:3023: mips-linux-gcc -E  conftest.c
configure:3029: $? = 0
configure:3061: mips-linux-gcc -E  conftest.c
conftest.c:11:28: ac_nonexistent.h: No such file or directory
configure:3067: $? = 1
configure: failed program was:
| /* confdefs.h.  */
| 
| #define PACKAGE_NAME ""
| #define PACKAGE_TARNAME ""
| #define PACKAGE_VERSION ""
| #define PACKAGE_STRING ""
| #define PACKAGE_BUGREPORT ""
| #define PACKAGE "zebra"
| #define VERSION "0.95"
| /* end confdefs.h.  */
| #include <ac_nonexistent.h>
configure:3123: checking for a BSD-compatible install
configure:3178: result: /usr/bin/install -c
configure:3189: checking whether make sets $(MAKE)
configure:3209: result: yes
configure:3221: checking for mips-linux-ar
configure:3237: found /opt/trendchip/mips-linux26/bin//mips-linux-ar
configure:3247: result: mips-linux-ar
configure:3300: checking for mips-linux-ranlib
configure:3316: found /opt/trendchip/mips-linux26/bin//mips-linux-ranlib
configure:3326: result: mips-linux-ranlib
configure:3380: checking for egrep
configure:3390: result: grep -E
configure:3396: checking for AIX
configure:3418: result: no
configure:3604: checking for ANSI C header files
configure:3629: mips-linux-gcc -c -g -O2 -Wall  conftest.c >&5
configure:3635: $? = 0
configure:3639: test -z 
			 || test ! -s conftest.err
configure:3642: $? = 0
configure:3645: test -s conftest.o
configure:3648: $? = 0
configure:3760: result: yes
configure:3784: checking for sys/types.h
configure:3800: mips-linux-gcc -c -g -O2 -Wall  conftest.c >&5
configure:3806: $? = 0
configure:3810: test -z 
			 || test ! -s conftest.err
configure:3813: $? = 0
configure:3816: test -s conftest.o
configure:3819: $? = 0
configure:3830: result: yes
configure:3784: checking for sys/stat.h
configure:3800: mips-linux-gcc -c -g -O2 -Wall  conftest.c >&5
configure:3806: $? = 0
configure:3810: test -z 
			 || test ! -s conftest.err
configure:3813: $? = 0
configure:3816: test -s conftest.o
configure:3819: $? = 0
configure:3830: result: yes
configure:3784: checking for stdlib.h
configure:3800: mips-linux-gcc -c -g -O2 -Wall  conftest.c >&5
configure:3806: $? = 0
configure:3810: test -z 
			 || test ! -s conftest.err
configure:3813: $? = 0
configure:3816: test -s conftest.o
configure:3819: $? = 0
configure:3830: result: yes
configure:3784: checking for string.h
configure:3800: mips-linux-gcc -c -g -O2 -Wall  conftest.c >&5
configure:3806: $? = 0
configure:3810: test -z 
			 || test ! -s conftest.err
configure:3813: $? = 0
configure:3816: test -s conftest.o
configure:3819: $? = 0
configure:3830: result: yes
configure:3784: checking for memory.h
configure:3800: mips-linux-gcc -c -g -O2 -Wall  conftest.c >&5
configure:3806: $? = 0
configure:3810: test -z 
			 || test ! -s conftest.err
configure:3813: $? = 0
configure:3816: test -s conftest.o
configure:3819: $? = 0
configure:3830: result: yes
configure:3784: checking for strings.h
configure:3800: mips-linux-gcc -c -g -O2 -Wall  conftest.c >&5
configure:3806: $? = 0
configure:3810: test -z 
			 || test ! -s conftest.err
configure:3813: $? = 0
configure:3816: test -s conftest.o
configure:3819: $? = 0
configure:3830: result: yes
configure:3784: checking for inttypes.h
configure:3800: mips-linux-gcc -c -g -O2 -Wall  conftest.c >&5
configure:3806: $? = 0
configure:3810: test -z 
			 || test ! -s conftest.err
configure:3813: $? = 0
configure:3816: test -s conftest.o
configure:3819: $? = 0
configure:3830: result: yes
configure:3784: checking for stdint.h
configure:3800: mips-linux-gcc -c -g -O2 -Wall  conftest.c >&5
configure:3806: $? = 0
configure:3810: test -z 
			 || test ! -s conftest.err
configure:3813: $? = 0
configure:3816: test -s conftest.o
configure:3819: $? = 0
configure:3830: result: yes
configure:3784: checking for unistd.h
configure:3800: mips-linux-gcc -c -g -O2 -Wall  conftest.c >&5
configure:3806: $? = 0
configure:3810: test -z 
			 || test ! -s conftest.err
configure:3813: $? = 0
configure:3816: test -s conftest.o
configure:3819: $? = 0
configure:3830: result: yes
configure:3871: checking for string.h
configure:3876: result: yes
configure:3880: checking stropts.h usability
configure:3892: mips-linux-gcc -c -g -O2 -Wall  conftest.c >&5
conftest.c:56:21: stropts.h: No such file or directory
configure:3898: $? = 1
configure: failed program was:
| /* confdefs.h.  */
| 
| #define PACKAGE_NAME ""
| #define PACKAGE_TARNAME ""
| #define PACKAGE_VERSION ""
| #define PACKAGE_STRING ""
| #define PACKAGE_BUGREPORT ""
| #define PACKAGE "zebra"
| #define VERSION "0.95"
| #define STDC_HEADERS 1
| #define HAVE_SYS_TYPES_H 1
| #define HAVE_SYS_STAT_H 1
| #define HAVE_STDLIB_H 1
| #define HAVE_STRING_H 1
| #define HAVE_MEMORY_H 1
| #define HAVE_STRINGS_H 1
| #define HAVE_INTTYPES_H 1
| #define HAVE_STDINT_H 1
| #define HAVE_UNISTD_H 1
| #define HAVE_STRING_H 1
| /* end confdefs.h.  */
| #include <stdio.h>
| #if HAVE_SYS_TYPES_H
| # include <sys/types.h>
| #endif
| #if HAVE_SYS_STAT_H
| # include <sys/stat.h>
| #endif
| #if STDC_HEADERS
| # include <stdlib.h>
| # include <stddef.h>
| #else
| # if HAVE_STDLIB_H
| #  include <stdlib.h>
| # endif
| #endif
| #if HAVE_STRING_H
| # if !STDC_HEADERS && HAVE_MEMORY_H
| #  include <memory.h>
| # endif
| # include <string.h>
| #endif
| #if HAVE_STRINGS_H
| # include <strings.h>
| #endif
| #if HAVE_INTTYPES_H
| # include <inttypes.h>
| #else
| # if HAVE_STDINT_H
| #  include <stdint.h>
| # endif
| #endif
| #if HAVE_UNISTD_H
| # include <unistd.h>
| #endif
| #include <stropts.h>
configure:3921: result: no
configure:3925: checking stropts.h presence
configure:3935: mips-linux-gcc -E  conftest.c
conftest.c:22:21: stropts.h: No such file or directory
configure:3941: $? = 1
configure: failed program was:
| /* confdefs.h.  */
| 
| #define PACKAGE_NAME ""
| #define PACKAGE_TARNAME ""
| #define PACKAGE_VERSION ""
| #define PACKAGE_STRING ""
| #define PACKAGE_BUGREPORT ""
| #define PACKAGE "zebra"
| #define VERSION "0.95"
| #define STDC_HEADERS 1
| #define HAVE_SYS_TYPES_H 1
| #define HAVE_SYS_STAT_H 1
| #define HAVE_STDLIB_H 1
| #define HAVE_STRING_H 1
| #define HAVE_MEMORY_H 1
| #define HAVE_STRINGS_H 1
| #define HAVE_INTTYPES_H 1
| #define HAVE_STDINT_H 1
| #define HAVE_UNISTD_H 1
| #define HAVE_STRING_H 1
| /* end confdefs.h.  */
| #include <stropts.h>
configure:3961: result: no
configure:3996: checking for stropts.h
configure:4003: result: no
configure:3880: checking sys/conf.h usability
configure:3892: mips-linux-gcc -c -g -O2 -Wall  conftest.c >&5
conftest.c:56:22: sys/conf.h: No such file or directory
configure:3898: $? = 1
configure: failed program was:
| /* confdefs.h.  */
| 
| #define PACKAGE_NAME ""
| #define PACKAGE_TARNAME ""
| #define PACKAGE_VERSION ""
| #define PACKAGE_STRING ""
| #define PACKAGE_BUGREPORT ""
| #define PACKAGE "zebra"
| #define VERSION "0.95"
| #define STDC_HEADERS 1
| #define HAVE_SYS_TYPES_H 1
| #define HAVE_SYS_STAT_H 1
| #define HAVE_STDLIB_H 1
| #define HAVE_STRING_H 1
| #define HAVE_MEMORY_H 1
| #define HAVE_STRINGS_H 1
| #define HAVE_INTTYPES_H 1
| #define HAVE_STDINT_H 1
| #define HAVE_UNISTD_H 1
| #define HAVE_STRING_H 1
| /* end confdefs.h.  */
| #include <stdio.h>
| #if HAVE_SYS_TYPES_H
| # include <sys/types.h>
| #endif
| #if HAVE_SYS_STAT_H
| # include <sys/stat.h>
| #endif
| #if STDC_HEADERS
| # include <stdlib.h>
| # include <stddef.h>
| #else
| # if HAVE_STDLIB_H
| #  include <stdlib.h>
| # endif
| #endif
| #if HAVE_STRING_H
| # if !STDC_HEADERS && HAVE_MEMORY_H
| #  include <memory.h>
| # endif
| # include <string.h>
| #endif
| #if HAVE_STRINGS_H
| # include <strings.h>
| #endif
| #if HAVE_INTTYPES_H
| # include <inttypes.h>
| #else
| # if HAVE_STDINT_H
| #  include <stdint.h>
| # endif
| #endif
| #if HAVE_UNISTD_H
| # include <unistd.h>
| #endif
| #include <sys/conf.h>
configure:3921: result: no
configure:3925: checking sys/conf.h presence
configure:3935: mips-linux-gcc -E  conftest.c
conftest.c:22:22: sys/conf.h: No such file or directory
configure:3941: $? = 1
configure: failed program was:
| /* confdefs.h.  */
| 
| #define PACKAGE_NAME ""
| #define PACKAGE_TARNAME ""
| #define PACKAGE_VERSION ""
| #define PACKAGE_STRING ""
| #define PACKAGE_BUGREPORT ""
| #define PACKAGE "zebra"
| #define VERSION "0.95"
| #define STDC_HEADERS 1
| #define HAVE_SYS_TYPES_H 1
| #define HAVE_SYS_STAT_H 1
| #define HAVE_STDLIB_H 1
| #define HAVE_STRING_H 1
| #define HAVE_MEMORY_H 1
| #define HAVE_STRINGS_H 1
| #define HAVE_INTTYPES_H 1
| #define HAVE_STDINT_H 1
| #define HAVE_UNISTD_H 1
| #define HAVE_STRING_H 1
| /* end confdefs.h.  */
| #include <sys/conf.h>
configure:3961: result: no
configure:3996: checking for sys/conf.h
configure:4003: result: no
configure:3880: checking sys/ksym.h usability
configure:3892: mips-linux-gcc -c -g -O2 -Wall  conftest.c >&5
conftest.c:56:22: sys/ksym.h: No such file or directory
configure:3898: $? = 1
configure: failed program was:
| /* confdefs.h.  */
| 
| #define PACKAGE_NAME ""
| #define PACKAGE_TARNAME ""
| #define PACKAGE_VERSION ""
| #define PACKAGE_STRING ""
| #define PACKAGE_BUGREPORT ""
| #define PACKAGE "zebra"
| #define VERSION "0.95"
| #define STDC_HEADERS 1
| #define HAVE_SYS_TYPES_H 1
| #define HAVE_SYS_STAT_H 1
| #define HAVE_STDLIB_H 1
| #define HAVE_STRING_H 1
| #define HAVE_MEMORY_H 1
| #define HAVE_STRINGS_H 1
| #define HAVE_INTTYPES_H 1
| #define HAVE_STDINT_H 1
| #define HAVE_UNISTD_H 1
| #define HAVE_STRING_H 1
| /* end confdefs.h.  */
| #include <stdio.h>
| #if HAVE_SYS_TYPES_H
| # include <sys/types.h>
| #endif
| #if HAVE_SYS_STAT_H
| # include <sys/stat.h>
| #endif
| #if STDC_HEADERS
| # include <stdlib.h>
| # include <stddef.h>
| #else
| # if HAVE_STDLIB_H
| #  include <stdlib.h>
| # endif
| #endif
| #if HAVE_STRING_H
| # if !STDC_HEADERS && HAVE_MEMORY_H
| #  include <memory.h>
| # endif
| # include <string.h>
| #endif
| #if HAVE_STRINGS_H
| # include <strings.h>
| #endif
| #if HAVE_INTTYPES_H
| # include <inttypes.h>
| #else
| # if HAVE_STDINT_H
| #  include <stdint.h>
| # endif
| #endif
| #if HAVE_UNISTD_H
| # include <unistd.h>
| #endif
| #include <sys/ksym.h>
configure:3921: result: no
configure:3925: checking sys/ksym.h presence
configure:3935: mips-linux-gcc -E  conftest.c
conftest.c:22:22: sys/ksym.h: No such file or directory
configure:3941: $? = 1
configure: failed program was:
| /* confdefs.h.  */
| 
| #define PACKAGE_NAME ""
| #define PACKAGE_TARNAME ""
| #define PACKAGE_VERSION ""
| #define PACKAGE_STRING ""
| #define PACKAGE_BUGREPORT ""
| #define PACKAGE "zebra"
| #define VERSION "0.95"
| #define STDC_HEADERS 1
| #define HAVE_SYS_TYPES_H 1
| #define HAVE_SYS_STAT_H 1
| #define HAVE_STDLIB_H 1
| #define HAVE_STRING_H 1
| #define HAVE_MEMORY_H 1
| #define HAVE_STRINGS_H 1
| #define HAVE_INTTYPES_H 1
| #define HAVE_STDINT_H 1
| #define HAVE_UNISTD_H 1
| #define HAVE_STRING_H 1
| /* end confdefs.h.  */
| #include <sys/ksym.h>
configure:3961: result: no
configure:3996: checking for sys/ksym.h
configure:4003: result: no
configure:3880: checking sys/time.h usability
configure:3892: mips-linux-gcc -c -g -O2 -Wall  conftest.c >&5
configure:3898: $? = 0
configure:3902: test -z 
			 || test ! -s conftest.err
configure:3905: $? = 0
configure:3908: test -s conftest.o
configure:3911: $? = 0
configure:3921: result: yes
configure:3925: checking sys/time.h presence
configure:3935: mips-linux-gcc -E  conftest.c
configure:3941: $? = 0
configure:3961: result: yes
configure:3996: checking for sys/time.h
configure:4003: result: yes
configure:3880: checking sys/times.h usability
configure:3892: mips-linux-gcc -c -g -O2 -Wall  conftest.c >&5
configure:3898: $? = 0
configure:3902: test -z 
			 || test ! -s conftest.err
configure:3905: $? = 0
configure:3908: test -s conftest.o
configure:3911: $? = 0
configure:3921: result: yes
configure:3925: checking sys/times.h presence
configure:3935: mips-linux-gcc -E  conftest.c
configure:3941: $? = 0
configure:3961: result: yes
configure:3996: checking for sys/times.h
configure:4003: result: yes
configure:3880: checking sys/select.h usability
configure:3892: mips-linux-gcc -c -g -O2 -Wall  conftest.c >&5
configure:3898: $? = 0
configure:3902: test -z 
			 || test ! -s conftest.err
configure:3905: $? = 0
configure:3908: test -s conftest.o
configure:3911: $? = 0
configure:3921: result: yes
configure:3925: checking sys/select.h presence
configure:3935: mips-linux-gcc -E  conftest.c
configure:3941: $? = 0
configure:3961: result: yes
configure:3996: checking for sys/select.h
configure:4003: result: yes
configure:3880: checking sys/sysctl.h usability
configure:3892: mips-linux-gcc -c -g -O2 -Wall  conftest.c >&5
configure:3898: $? = 0
configure:3902: test -z 
			 || test ! -s conftest.err
configure:3905: $? = 0
configure:3908: test -s conftest.o
configure:3911: $? = 0
configure:3921: result: yes
configure:3925: checking sys/sysctl.h presence
configure:3935: mips-linux-gcc -E  conftest.c
configure:3941: $? = 0
configure:3961: result: yes
configure:3996: checking for sys/sysctl.h
configure:4003: result: yes
configure:3880: checking sys/sockio.h usability
configure:3892: mips-linux-gcc -c -g -O2 -Wall  conftest.c >&5
conftest.c:60:24: sys/sockio.h: No such file or directory
configure:3898: $? = 1
configure: failed program was:
| /* confdefs.h.  */
| 
| #define PACKAGE_NAME ""
| #define PACKAGE_TARNAME ""
| #define PACKAGE_VERSION ""
| #define PACKAGE_STRING ""
| #define PACKAGE_BUGREPORT ""
| #define PACKAGE "zebra"
| #define VERSION "0.95"
| #define STDC_HEADERS 1
| #define HAVE_SYS_TYPES_H 1
| #define HAVE_SYS_STAT_H 1
| #define HAVE_STDLIB_H 1
| #define HAVE_STRING_H 1
| #define HAVE_MEMORY_H 1
| #define HAVE_STRINGS_H 1
| #define HAVE_INTTYPES_H 1
| #define HAVE_STDINT_H 1
| #define HAVE_UNISTD_H 1
| #define HAVE_STRING_H 1
| #define HAVE_SYS_TIME_H 1
| #define HAVE_SYS_TIMES_H 1
| #define HAVE_SYS_SELECT_H 1
| #define HAVE_SYS_SYSCTL_H 1
| /* end confdefs.h.  */
| #include <stdio.h>
| #if HAVE_SYS_TYPES_H
| # include <sys/types.h>
| #endif
| #if HAVE_SYS_STAT_H
| # include <sys/stat.h>
| #endif
| #if STDC_HEADERS
| # include <stdlib.h>
| # include <stddef.h>
| #else
| # if HAVE_STDLIB_H
| #  include <stdlib.h>
| # endif
| #endif
| #if HAVE_STRING_H
| # if !STDC_HEADERS && HAVE_MEMORY_H
| #  include <memory.h>
| # endif
| # include <string.h>
| #endif
| #if HAVE_STRINGS_H
| # include <strings.h>
| #endif
| #if HAVE_INTTYPES_H
| # include <inttypes.h>
| #else
| # if HAVE_STDINT_H
| #  include <stdint.h>
| # endif
| #endif
| #if HAVE_UNISTD_H
| # include <unistd.h>
| #endif
| #include <sys/sockio.h>
configure:3921: result: no
configure:3925: checking sys/sockio.h presence
configure:3935: mips-linux-gcc -E  conftest.c
conftest.c:26:24: sys/sockio.h: No such file or directory
configure:3941: $? = 1
configure: failed program was:
| /* confdefs.h.  */
| 
| #define PACKAGE_NAME ""
| #define PACKAGE_TARNAME ""
| #define PACKAGE_VERSION ""
| #define PACKAGE_STRING ""
| #define PACKAGE_BUGREPORT ""
| #define PACKAGE "zebra"
| #define VERSION "0.95"
| #define STDC_HEADERS 1
| #define HAVE_SYS_TYPES_H 1
| #define HAVE_SYS_STAT_H 1
| #define HAVE_STDLIB_H 1
| #define HAVE_STRING_H 1
| #define HAVE_MEMORY_H 1
| #define HAVE_STRINGS_H 1
| #define HAVE_INTTYPES_H 1
| #define HAVE_STDINT_H 1
| #define HAVE_UNISTD_H 1
| #define HAVE_STRING_H 1
| #define HAVE_SYS_TIME_H 1
| #define HAVE_SYS_TIMES_H 1
| #define HAVE_SYS_SELECT_H 1
| #define HAVE_SYS_SYSCTL_H 1
| /* end confdefs.h.  */
| #include <sys/sockio.h>
configure:3961: result: no
configure:3996: checking for sys/sockio.h
configure:4003: result: no
configure:3871: checking for sys/types.h
configure:3876: result: yes
configure:3880: checking net/if_dl.h usability
configure:3892: mips-linux-gcc -c -g -O2 -Wall  conftest.c >&5
conftest.c:61:23: net/if_dl.h: No such file or directory
configure:3898: $? = 1
configure: failed program was:
| /* confdefs.h.  */
| 
| #define PACKAGE_NAME ""
| #define PACKAGE_TARNAME ""
| #define PACKAGE_VERSION ""
| #define PACKAGE_STRING ""
| #define PACKAGE_BUGREPORT ""
| #define PACKAGE "zebra"
| #define VERSION "0.95"
| #define STDC_HEADERS 1
| #define HAVE_SYS_TYPES_H 1
| #define HAVE_SYS_STAT_H 1
| #define HAVE_STDLIB_H 1
| #define HAVE_STRING_H 1
| #define HAVE_MEMORY_H 1
| #define HAVE_STRINGS_H 1
| #define HAVE_INTTYPES_H 1
| #define HAVE_STDINT_H 1
| #define HAVE_UNISTD_H 1
| #define HAVE_STRING_H 1
| #define HAVE_SYS_TIME_H 1
| #define HAVE_SYS_TIMES_H 1
| #define HAVE_SYS_SELECT_H 1
| #define HAVE_SYS_SYSCTL_H 1
| #define HAVE_SYS_TYPES_H 1
| /* end confdefs.h.  */
| #include <stdio.h>
| #if HAVE_SYS_TYPES_H
| # include <sys/types.h>
| #endif
| #if HAVE_SYS_STAT_H
| # include <sys/stat.h>
| #endif
| #if STDC_HEADERS
| # include <stdlib.h>
| # include <stddef.h>
| #else
| # if HAVE_STDLIB_H
| #  include <stdlib.h>
| # endif
| #endif
| #if HAVE_STRING_H
| # if !STDC_HEADERS && HAVE_MEMORY_H
| #  include <memory.h>
| # endif
| # include <string.h>
| #endif
| #if HAVE_STRINGS_H
| # include <strings.h>
| #endif
| #if HAVE_INTTYPES_H
| # include <inttypes.h>
| #else
| # if HAVE_STDINT_H
| #  include <stdint.h>
| # endif
| #endif
| #if HAVE_UNISTD_H
| # include <unistd.h>
| #endif
| #include <net/if_dl.h>
configure:3921: result: no
configure:3925: checking net/if_dl.h presence
configure:3935: mips-linux-gcc -E  conftest.c
conftest.c:27:23: net/if_dl.h: No such file or directory
configure:3941: $? = 1
configure: failed program was:
| /* confdefs.h.  */
| 
| #define PACKAGE_NAME ""
| #define PACKAGE_TARNAME ""
| #define PACKAGE_VERSION ""
| #define PACKAGE_STRING ""
| #define PACKAGE_BUGREPORT ""
| #define PACKAGE "zebra"
| #define VERSION "0.95"
| #define STDC_HEADERS 1
| #define HAVE_SYS_TYPES_H 1
| #define HAVE_SYS_STAT_H 1
| #define HAVE_STDLIB_H 1
| #define HAVE_STRING_H 1
| #define HAVE_MEMORY_H 1
| #define HAVE_STRINGS_H 1
| #define HAVE_INTTYPES_H 1
| #define HAVE_STDINT_H 1
| #define HAVE_UNISTD_H 1
| #define HAVE_STRING_H 1
| #define HAVE_SYS_TIME_H 1
| #define HAVE_SYS_TIMES_H 1
| #define HAVE_SYS_SELECT_H 1
| #define HAVE_SYS_SYSCTL_H 1
| #define HAVE_SYS_TYPES_H 1
| /* end confdefs.h.  */
| #include <net/if_dl.h>
configure:3961: result: no
configure:3996: checking for net/if_dl.h
configure:4003: result: no
configure:3880: checking net/if_var.h usability
configure:3892: mips-linux-gcc -c -g -O2 -Wall  conftest.c >&5
conftest.c:61:24: net/if_var.h: No such file or directory
configure:3898: $? = 1
configure: failed program was:
| /* confdefs.h.  */
| 
| #define PACKAGE_NAME ""
| #define PACKAGE_TARNAME ""
| #define PACKAGE_VERSION ""
| #define PACKAGE_STRING ""
| #define PACKAGE_BUGREPORT ""
| #define PACKAGE "zebra"
| #define VERSION "0.95"
| #define STDC_HEADERS 1
| #define HAVE_SYS_TYPES_H 1
| #define HAVE_SYS_STAT_H 1
| #define HAVE_STDLIB_H 1
| #define HAVE_STRING_H 1
| #define HAVE_MEMORY_H 1
| #define HAVE_STRINGS_H 1
| #define HAVE_INTTYPES_H 1
| #define HAVE_STDINT_H 1
| #define HAVE_UNISTD_H 1
| #define HAVE_STRING_H 1
| #define HAVE_SYS_TIME_H 1
| #define HAVE_SYS_TIMES_H 1
| #define HAVE_SYS_SELECT_H 1
| #define HAVE_SYS_SYSCTL_H 1
| #define HAVE_SYS_TYPES_H 1
| /* end confdefs.h.  */
| #include <stdio.h>
| #if HAVE_SYS_TYPES_H
| # include <sys/types.h>
| #endif
| #if HAVE_SYS_STAT_H
| # include <sys/stat.h>
| #endif
| #if STDC_HEADERS
| # include <stdlib.h>
| # include <stddef.h>
| #else
| # if HAVE_STDLIB_H
| #  include <stdlib.h>
| # endif
| #endif
| #if HAVE_STRING_H
| # if !STDC_HEADERS && HAVE_MEMORY_H
| #  include <memory.h>
| # endif
| # include <string.h>
| #endif
| #if HAVE_STRINGS_H
| # include <strings.h>
| #endif
| #if HAVE_INTTYPES_H
| # include <inttypes.h>
| #else
| # if HAVE_STDINT_H
| #  include <stdint.h>
| # endif
| #endif
| #if HAVE_UNISTD_H
| # include <unistd.h>
| #endif
| #include <net/if_var.h>
configure:3921: result: no
configure:3925: checking net/if_var.h presence
configure:3935: mips-linux-gcc -E  conftest.c
conftest.c:27:24: net/if_var.h: No such file or directory
configure:3941: $? = 1
configure: failed program was:
| /* confdefs.h.  */
| 
| #define PACKAGE_NAME ""
| #define PACKAGE_TARNAME ""
| #define PACKAGE_VERSION ""
| #define PACKAGE_STRING ""
| #define PACKAGE_BUGREPORT ""
| #define PACKAGE "zebra"
| #define VERSION "0.95"
| #define STDC_HEADERS 1
| #define HAVE_SYS_TYPES_H 1
| #define HAVE_SYS_STAT_H 1
| #define HAVE_STDLIB_H 1
| #define HAVE_STRING_H 1
| #define HAVE_MEMORY_H 1
| #define HAVE_STRINGS_H 1
| #define HAVE_INTTYPES_H 1
| #define HAVE_STDINT_H 1
| #define HAVE_UNISTD_H 1
| #define HAVE_STRING_H 1
| #define HAVE_SYS_TIME_H 1
| #define HAVE_SYS_TIMES_H 1
| #define HAVE_SYS_SELECT_H 1
| #define HAVE_SYS_SYSCTL_H 1
| #define HAVE_SYS_TYPES_H 1
| /* end confdefs.h.  */
| #include <net/if_var.h>
configure:3961: result: no
configure:3996: checking for net/if_var.h
configure:4003: result: no
configure:3880: checking linux/version.h usability
configure:3892: mips-linux-gcc -c -g -O2 -Wall  conftest.c >&5
configure:3898: $? = 0
configure:3902: test -z 
			 || test ! -s conftest.err
configure:3905: $? = 0
configure:3908: test -s conftest.o
configure:3911: $? = 0
configure:3921: result: yes
configure:3925: checking linux/version.h presence
configure:3935: mips-linux-gcc -E  conftest.c
configure:3941: $? = 0
configure:3961: result: yes
configure:3996: checking for linux/version.h
configure:4003: result: yes
configure:3880: checking kvm.h usability
configure:3892: mips-linux-gcc -c -g -O2 -Wall  conftest.c >&5
conftest.c:62:17: kvm.h: No such file or directory
configure:3898: $? = 1
configure: failed program was:
| /* confdefs.h.  */
| 
| #define PACKAGE_NAME ""
| #define PACKAGE_TARNAME ""
| #define PACKAGE_VERSION ""
| #define PACKAGE_STRING ""
| #define PACKAGE_BUGREPORT ""
| #define PACKAGE "zebra"
| #define VERSION "0.95"
| #define STDC_HEADERS 1
| #define HAVE_SYS_TYPES_H 1
| #define HAVE_SYS_STAT_H 1
| #define HAVE_STDLIB_H 1
| #define HAVE_STRING_H 1
| #define HAVE_MEMORY_H 1
| #define HAVE_STRINGS_H 1
| #define HAVE_INTTYPES_H 1
| #define HAVE_STDINT_H 1
| #define HAVE_UNISTD_H 1
| #define HAVE_STRING_H 1
| #define HAVE_SYS_TIME_H 1
| #define HAVE_SYS_TIMES_H 1
| #define HAVE_SYS_SELECT_H 1
| #define HAVE_SYS_SYSCTL_H 1
| #define HAVE_SYS_TYPES_H 1
| #define HAVE_LINUX_VERSION_H 1
| /* end confdefs.h.  */
| #include <stdio.h>
| #if HAVE_SYS_TYPES_H
| # include <sys/types.h>
| #endif
| #if HAVE_SYS_STAT_H
| # include <sys/stat.h>
| #endif
| #if STDC_HEADERS
| # include <stdlib.h>
| # include <stddef.h>
| #else
| # if HAVE_STDLIB_H
| #  include <stdlib.h>
| # endif
| #endif
| #if HAVE_STRING_H
| # if !STDC_HEADERS && HAVE_MEMORY_H
| #  include <memory.h>
| # endif
| # include <string.h>
| #endif
| #if HAVE_STRINGS_H
| # include <strings.h>
| #endif
| #if HAVE_INTTYPES_H
| # include <inttypes.h>
| #else
| # if HAVE_STDINT_H
| #  include <stdint.h>
| # endif
| #endif
| #if HAVE_UNISTD_H
| # include <unistd.h>
| #endif
| #include <kvm.h>
configure:3921: result: no
configure:3925: checking kvm.h presence
configure:3935: mips-linux-gcc -E  conftest.c
conftest.c:28:17: kvm.h: No such file or directory
configure:3941: $? = 1
configure: failed program was:
| /* confdefs.h.  */
| 
| #define PACKAGE_NAME ""
| #define PACKAGE_TARNAME ""
| #define PACKAGE_VERSION ""
| #define PACKAGE_STRING ""
| #define PACKAGE_BUGREPORT ""
| #define PACKAGE "zebra"
| #define VERSION "0.95"
| #define STDC_HEADERS 1
| #define HAVE_SYS_TYPES_H 1
| #define HAVE_SYS_STAT_H 1
| #define HAVE_STDLIB_H 1
| #define HAVE_STRING_H 1
| #define HAVE_MEMORY_H 1
| #define HAVE_STRINGS_H 1
| #define HAVE_INTTYPES_H 1
| #define HAVE_STDINT_H 1
| #define HAVE_UNISTD_H 1
| #define HAVE_STRING_H 1
| #define HAVE_SYS_TIME_H 1
| #define HAVE_SYS_TIMES_H 1
| #define HAVE_SYS_SELECT_H 1
| #define HAVE_SYS_SYSCTL_H 1
| #define HAVE_SYS_TYPES_H 1
| #define HAVE_LINUX_VERSION_H 1
| /* end confdefs.h.  */
| #include <kvm.h>
configure:3961: result: no
configure:3996: checking for kvm.h
configure:4003: result: no
configure:3880: checking netdb.h usability
configure:3892: mips-linux-gcc -c -g -O2 -Wall  conftest.c >&5
configure:3898: $? = 0
configure:3902: test -z 
			 || test ! -s conftest.err
configure:3905: $? = 0
configure:3908: test -s conftest.o
configure:3911: $? = 0
configure:3921: result: yes
configure:3925: checking netdb.h presence
configure:3935: mips-linux-gcc -E  conftest.c
configure:3941: $? = 0
configure:3961: result: yes
configure:3996: checking for netdb.h
configure:4003: result: yes
configure:3880: checking netinet/in.h usability
configure:3892: mips-linux-gcc -c -g -O2 -Wall  conftest.c >&5
configure:3898: $? = 0
configure:3902: test -z 
			 || test ! -s conftest.err
configure:3905: $? = 0
configure:3908: test -s conftest.o
configure:3911: $? = 0
configure:3921: result: yes
configure:3925: checking netinet/in.h presence
configure:3935: mips-linux-gcc -E  conftest.c
configure:3941: $? = 0
configure:3961: result: yes
configure:3996: checking for netinet/in.h
configure:4003: result: yes
configure:3880: checking net/netopt.h usability
configure:3892: mips-linux-gcc -c -g -O2 -Wall  conftest.c >&5
conftest.c:64:24: net/netopt.h: No such file or directory
configure:3898: $? = 1
configure: failed program was:
| /* confdefs.h.  */
| 
| #define PACKAGE_NAME ""
| #define PACKAGE_TARNAME ""
| #define PACKAGE_VERSION ""
| #define PACKAGE_STRING ""
| #define PACKAGE_BUGREPORT ""
| #define PACKAGE "zebra"
| #define VERSION "0.95"
| #define STDC_HEADERS 1
| #define HAVE_SYS_TYPES_H 1
| #define HAVE_SYS_STAT_H 1
| #define HAVE_STDLIB_H 1
| #define HAVE_STRING_H 1
| #define HAVE_MEMORY_H 1
| #define HAVE_STRINGS_H 1
| #define HAVE_INTTYPES_H 1
| #define HAVE_STDINT_H 1
| #define HAVE_UNISTD_H 1
| #define HAVE_STRING_H 1
| #define HAVE_SYS_TIME_H 1
| #define HAVE_SYS_TIMES_H 1
| #define HAVE_SYS_SELECT_H 1
| #define HAVE_SYS_SYSCTL_H 1
| #define HAVE_SYS_TYPES_H 1
| #define HAVE_LINUX_VERSION_H 1
| #define HAVE_NETDB_H 1
| #define HAVE_NETINET_IN_H 1
| /* end confdefs.h.  */
| #include <stdio.h>
| #if HAVE_SYS_TYPES_H
| # include <sys/types.h>
| #endif
| #if HAVE_SYS_STAT_H
| # include <sys/stat.h>
| #endif
| #if STDC_HEADERS
| # include <stdlib.h>
| # include <stddef.h>
| #else
| # if HAVE_STDLIB_H
| #  include <stdlib.h>
| # endif
| #endif
| #if HAVE_STRING_H
| # if !STDC_HEADERS && HAVE_MEMORY_H
| #  include <memory.h>
| # endif
| # include <string.h>
| #endif
| #if HAVE_STRINGS_H
| # include <strings.h>
| #endif
| #if HAVE_INTTYPES_H
| # include <inttypes.h>
| #else
| # if HAVE_STDINT_H
| #  include <stdint.h>
| # endif
| #endif
| #if HAVE_UNISTD_H
| # include <unistd.h>
| #endif
| #include <net/netopt.h>
configure:3921: result: no
configure:3925: checking net/netopt.h presence
configure:3935: mips-linux-gcc -E  conftest.c
conftest.c:30:24: net/netopt.h: No such file or directory
configure:3941: $? = 1
configure: failed program was:
| /* confdefs.h.  */
| 
| #define PACKAGE_NAME ""
| #define PACKAGE_TARNAME ""
| #define PACKAGE_VERSION ""
| #define PACKAGE_STRING ""
| #define PACKAGE_BUGREPORT ""
| #define PACKAGE "zebra"
| #define VERSION "0.95"
| #define STDC_HEADERS 1
| #define HAVE_SYS_TYPES_H 1
| #define HAVE_SYS_STAT_H 1
| #define HAVE_STDLIB_H 1
| #define HAVE_STRING_H 1
| #define HAVE_MEMORY_H 1
| #define HAVE_STRINGS_H 1
| #define HAVE_INTTYPES_H 1
| #define HAVE_STDINT_H 1
| #define HAVE_UNISTD_H 1
| #define HAVE_STRING_H 1
| #define HAVE_SYS_TIME_H 1
| #define HAVE_SYS_TIMES_H 1
| #define HAVE_SYS_SELECT_H 1
| #define HAVE_SYS_SYSCTL_H 1
| #define HAVE_SYS_TYPES_H 1
| #define HAVE_LINUX_VERSION_H 1
| #define HAVE_NETDB_H 1
| #define HAVE_NETINET_IN_H 1
| /* end confdefs.h.  */
| #include <net/netopt.h>
configure:3961: result: no
configure:3996: checking for net/netopt.h
configure:4003: result: no
configure:3880: checking netinet/in_var.h usability
configure:3892: mips-linux-gcc -c -g -O2 -Wall  conftest.c >&5
conftest.c:64:28: netinet/in_var.h: No such file or directory
configure:3898: $? = 1
configure: failed program was:
| /* confdefs.h.  */
| 
| #define PACKAGE_NAME ""
| #define PACKAGE_TARNAME ""
| #define PACKAGE_VERSION ""
| #define PACKAGE_STRING ""
| #define PACKAGE_BUGREPORT ""
| #define PACKAGE "zebra"
| #define VERSION "0.95"
| #define STDC_HEADERS 1
| #define HAVE_SYS_TYPES_H 1
| #define HAVE_SYS_STAT_H 1
| #define HAVE_STDLIB_H 1
| #define HAVE_STRING_H 1
| #define HAVE_MEMORY_H 1
| #define HAVE_STRINGS_H 1
| #define HAVE_INTTYPES_H 1
| #define HAVE_STDINT_H 1
| #define HAVE_UNISTD_H 1
| #define HAVE_STRING_H 1
| #define HAVE_SYS_TIME_H 1
| #define HAVE_SYS_TIMES_H 1
| #define HAVE_SYS_SELECT_H 1
| #define HAVE_SYS_SYSCTL_H 1
| #define HAVE_SYS_TYPES_H 1
| #define HAVE_LINUX_VERSION_H 1
| #define HAVE_NETDB_H 1
| #define HAVE_NETINET_IN_H 1
| /* end confdefs.h.  */
| #include <stdio.h>
| #if HAVE_SYS_TYPES_H
| # include <sys/types.h>
| #endif
| #if HAVE_SYS_STAT_H
| # include <sys/stat.h>
| #endif
| #if STDC_HEADERS
| # include <stdlib.h>
| # include <stddef.h>
| #else
| # if HAVE_STDLIB_H
| #  include <stdlib.h>
| # endif
| #endif
| #if HAVE_STRING_H
| # if !STDC_HEADERS && HAVE_MEMORY_H
| #  include <memory.h>
| # endif
| # include <string.h>
| #endif
| #if HAVE_STRINGS_H
| # include <strings.h>
| #endif
| #if HAVE_INTTYPES_H
| # include <inttypes.h>
| #else
| # if HAVE_STDINT_H
| #  include <stdint.h>
| # endif
| #endif
| #if HAVE_UNISTD_H
| # include <unistd.h>
| #endif
| #include <netinet/in_var.h>
configure:3921: result: no
configure:3925: checking netinet/in_var.h presence
configure:3935: mips-linux-gcc -E  conftest.c
conftest.c:30:28: netinet/in_var.h: No such file or directory
configure:3941: $? = 1
configure: failed program was:
| /* confdefs.h.  */
| 
| #define PACKAGE_NAME ""
| #define PACKAGE_TARNAME ""
| #define PACKAGE_VERSION ""
| #define PACKAGE_STRING ""
| #define PACKAGE_BUGREPORT ""
| #define PACKAGE "zebra"
| #define VERSION "0.95"
| #define STDC_HEADERS 1
| #define HAVE_SYS_TYPES_H 1
| #define HAVE_SYS_STAT_H 1
| #define HAVE_STDLIB_H 1
| #define HAVE_STRING_H 1
| #define HAVE_MEMORY_H 1
| #define HAVE_STRINGS_H 1
| #define HAVE_INTTYPES_H 1
| #define HAVE_STDINT_H 1
| #define HAVE_UNISTD_H 1
| #define HAVE_STRING_H 1
| #define HAVE_SYS_TIME_H 1
| #define HAVE_SYS_TIMES_H 1
| #define HAVE_SYS_SELECT_H 1
| #define HAVE_SYS_SYSCTL_H 1
| #define HAVE_SYS_TYPES_H 1
| #define HAVE_LINUX_VERSION_H 1
| #define HAVE_NETDB_H 1
| #define HAVE_NETINET_IN_H 1
| /* end confdefs.h.  */
| #include <netinet/in_var.h>
configure:3961: result: no
configure:3996: checking for netinet/in_var.h
configure:4003: result: no
configure:3880: checking netinet/in6_var.h usability
configure:3892: mips-linux-gcc -c -g -O2 -Wall  conftest.c >&5
conftest.c:64:29: netinet/in6_var.h: No such file or directory
configure:3898: $? = 1
configure: failed program was:
| /* confdefs.h.  */
| 
| #define PACKAGE_NAME ""
| #define PACKAGE_TARNAME ""
| #define PACKAGE_VERSION ""
| #define PACKAGE_STRING ""
| #define PACKAGE_BUGREPORT ""
| #define PACKAGE "zebra"
| #define VERSION "0.95"
| #define STDC_HEADERS 1
| #define HAVE_SYS_TYPES_H 1
| #define HAVE_SYS_STAT_H 1
| #define HAVE_STDLIB_H 1
| #define HAVE_STRING_H 1
| #define HAVE_MEMORY_H 1
| #define HAVE_STRINGS_H 1
| #define HAVE_INTTYPES_H 1
| #define HAVE_STDINT_H 1
| #define HAVE_UNISTD_H 1
| #define HAVE_STRING_H 1
| #define HAVE_SYS_TIME_H 1
| #define HAVE_SYS_TIMES_H 1
| #define HAVE_SYS_SELECT_H 1
| #define HAVE_SYS_SYSCTL_H 1
| #define HAVE_SYS_TYPES_H 1
| #define HAVE_LINUX_VERSION_H 1
| #define HAVE_NETDB_H 1
| #define HAVE_NETINET_IN_H 1
| /* end confdefs.h.  */
| #include <stdio.h>
| #if HAVE_SYS_TYPES_H
| # include <sys/types.h>
| #endif
| #if HAVE_SYS_STAT_H
| # include <sys/stat.h>
| #endif
| #if STDC_HEADERS
| # include <stdlib.h>
| # include <stddef.h>
| #else
| # if HAVE_STDLIB_H
| #  include <stdlib.h>
| # endif
| #endif
| #if HAVE_STRING_H
| # if !STDC_HEADERS && HAVE_MEMORY_H
| #  include <memory.h>
| # endif
| # include <string.h>
| #endif
| #if HAVE_STRINGS_H
| # include <strings.h>
| #endif
| #if HAVE_INTTYPES_H
| # include <inttypes.h>
| #else
| # if HAVE_STDINT_H
| #  include <stdint.h>
| # endif
| #endif
| #if HAVE_UNISTD_H
| # include <unistd.h>
| #endif
| #include <netinet/in6_var.h>
configure:3921: result: no
configure:3925: checking netinet/in6_var.h presence
configure:3935: mips-linux-gcc -E  conftest.c
conftest.c:30:29: netinet/in6_var.h: No such file or directory
configure:3941: $? = 1
configure: failed program was:
| /* confdefs.h.  */
| 
| #define PACKAGE_NAME ""
| #define PACKAGE_TARNAME ""
| #define PACKAGE_VERSION ""
| #define PACKAGE_STRING ""
| #define PACKAGE_BUGREPORT ""
| #define PACKAGE "zebra"
| #define VERSION "0.95"
| #define STDC_HEADERS 1
| #define HAVE_SYS_TYPES_H 1
| #define HAVE_SYS_STAT_H 1
| #define HAVE_STDLIB_H 1
| #define HAVE_STRING_H 1
| #define HAVE_MEMORY_H 1
| #define HAVE_STRINGS_H 1
| #define HAVE_INTTYPES_H 1
| #define HAVE_STDINT_H 1
| #define HAVE_UNISTD_H 1
| #define HAVE_STRING_H 1
| #define HAVE_SYS_TIME_H 1
| #define HAVE_SYS_TIMES_H 1
| #define HAVE_SYS_SELECT_H 1
| #define HAVE_SYS_SYSCTL_H 1
| #define HAVE_SYS_TYPES_H 1
| #define HAVE_LINUX_VERSION_H 1
| #define HAVE_NETDB_H 1
| #define HAVE_NETINET_IN_H 1
| /* end confdefs.h.  */
| #include <netinet/in6_var.h>
configure:3961: result: no
configure:3996: checking for netinet/in6_var.h
configure:4003: result: no
configure:3880: checking netinet/in6.h usability
configure:3892: mips-linux-gcc -c -g -O2 -Wall  conftest.c >&5
conftest.c:64:25: netinet/in6.h: No such file or directory
configure:3898: $? = 1
configure: failed program was:
| /* confdefs.h.  */
| 
| #define PACKAGE_NAME ""
| #define PACKAGE_TARNAME ""
| #define PACKAGE_VERSION ""
| #define PACKAGE_STRING ""
| #define PACKAGE_BUGREPORT ""
| #define PACKAGE "zebra"
| #define VERSION "0.95"
| #define STDC_HEADERS 1
| #define HAVE_SYS_TYPES_H 1
| #define HAVE_SYS_STAT_H 1
| #define HAVE_STDLIB_H 1
| #define HAVE_STRING_H 1
| #define HAVE_MEMORY_H 1
| #define HAVE_STRINGS_H 1
| #define HAVE_INTTYPES_H 1
| #define HAVE_STDINT_H 1
| #define HAVE_UNISTD_H 1
| #define HAVE_STRING_H 1
| #define HAVE_SYS_TIME_H 1
| #define HAVE_SYS_TIMES_H 1
| #define HAVE_SYS_SELECT_H 1
| #define HAVE_SYS_SYSCTL_H 1
| #define HAVE_SYS_TYPES_H 1
| #define HAVE_LINUX_VERSION_H 1
| #define HAVE_NETDB_H 1
| #define HAVE_NETINET_IN_H 1
| /* end confdefs.h.  */
| #include <stdio.h>
| #if HAVE_SYS_TYPES_H
| # include <sys/types.h>
| #endif
| #if HAVE_SYS_STAT_H
| # include <sys/stat.h>
| #endif
| #if STDC_HEADERS
| # include <stdlib.h>
| # include <stddef.h>
| #else
| # if HAVE_STDLIB_H
| #  include <stdlib.h>
| # endif
| #endif
| #if HAVE_STRING_H
| # if !STDC_HEADERS && HAVE_MEMORY_H
| #  include <memory.h>
| # endif
| # include <string.h>
| #endif
| #if HAVE_STRINGS_H
| # include <strings.h>
| #endif
| #if HAVE_INTTYPES_H
| # include <inttypes.h>
| #else
| # if HAVE_STDINT_H
| #  include <stdint.h>
| # endif
| #endif
| #if HAVE_UNISTD_H
| # include <unistd.h>
| #endif
| #include <netinet/in6.h>
configure:3921: result: no
configure:3925: checking netinet/in6.h presence
configure:3935: mips-linux-gcc -E  conftest.c
conftest.c:30:25: netinet/in6.h: No such file or directory
configure:3941: $? = 1
configure: failed program was:
| /* confdefs.h.  */
| 
| #define PACKAGE_NAME ""
| #define PACKAGE_TARNAME ""
| #define PACKAGE_VERSION ""
| #define PACKAGE_STRING ""
| #define PACKAGE_BUGREPORT ""
| #define PACKAGE "zebra"
| #define VERSION "0.95"
| #define STDC_HEADERS 1
| #define HAVE_SYS_TYPES_H 1
| #define HAVE_SYS_STAT_H 1
| #define HAVE_STDLIB_H 1
| #define HAVE_STRING_H 1
| #define HAVE_MEMORY_H 1
| #define HAVE_STRINGS_H 1
| #define HAVE_INTTYPES_H 1
| #define HAVE_STDINT_H 1
| #define HAVE_UNISTD_H 1
| #define HAVE_STRING_H 1
| #define HAVE_SYS_TIME_H 1
| #define HAVE_SYS_TIMES_H 1
| #define HAVE_SYS_SELECT_H 1
| #define HAVE_SYS_SYSCTL_H 1
| #define HAVE_SYS_TYPES_H 1
| #define HAVE_LINUX_VERSION_H 1
| #define HAVE_NETDB_H 1
| #define HAVE_NETINET_IN_H 1
| /* end confdefs.h.  */
| #include <netinet/in6.h>
configure:3961: result: no
configure:3996: checking for netinet/in6.h
configure:4003: result: no
configure:3880: checking inet/nd.h usability
configure:3892: mips-linux-gcc -c -g -O2 -Wall  conftest.c >&5
conftest.c:64:21: inet/nd.h: No such file or directory
configure:3898: $? = 1
configure: failed program was:
| /* confdefs.h.  */
| 
| #define PACKAGE_NAME ""
| #define PACKAGE_TARNAME ""
| #define PACKAGE_VERSION ""
| #define PACKAGE_STRING ""
| #define PACKAGE_BUGREPORT ""
| #define PACKAGE "zebra"
| #define VERSION "0.95"
| #define STDC_HEADERS 1
| #define HAVE_SYS_TYPES_H 1
| #define HAVE_SYS_STAT_H 1
| #define HAVE_STDLIB_H 1
| #define HAVE_STRING_H 1
| #define HAVE_MEMORY_H 1
| #define HAVE_STRINGS_H 1
| #define HAVE_INTTYPES_H 1
| #define HAVE_STDINT_H 1
| #define HAVE_UNISTD_H 1
| #define HAVE_STRING_H 1
| #define HAVE_SYS_TIME_H 1
| #define HAVE_SYS_TIMES_H 1
| #define HAVE_SYS_SELECT_H 1
| #define HAVE_SYS_SYSCTL_H 1
| #define HAVE_SYS_TYPES_H 1
| #define HAVE_LINUX_VERSION_H 1
| #define HAVE_NETDB_H 1
| #define HAVE_NETINET_IN_H 1
| /* end confdefs.h.  */
| #include <stdio.h>
| #if HAVE_SYS_TYPES_H
| # include <sys/types.h>
| #endif
| #if HAVE_SYS_STAT_H
| # include <sys/stat.h>
| #endif
| #if STDC_HEADERS
| # include <stdlib.h>
| # include <stddef.h>
| #else
| # if HAVE_STDLIB_H
| #  include <stdlib.h>
| # endif
| #endif
| #if HAVE_STRING_H
| # if !STDC_HEADERS && HAVE_MEMORY_H
| #  include <memory.h>
| # endif
| # include <string.h>
| #endif
| #if HAVE_STRINGS_H
| # include <strings.h>
| #endif
| #if HAVE_INTTYPES_H
| # include <inttypes.h>
| #else
| # if HAVE_STDINT_H
| #  include <stdint.h>
| # endif
| #endif
| #if HAVE_UNISTD_H
| # include <unistd.h>
| #endif
| #include <inet/nd.h>
configure:3921: result: no
configure:3925: checking inet/nd.h presence
configure:3935: mips-linux-gcc -E  conftest.c
conftest.c:30:21: inet/nd.h: No such file or directory
configure:3941: $? = 1
configure: failed program was:
| /* confdefs.h.  */
| 
| #define PACKAGE_NAME ""
| #define PACKAGE_TARNAME ""
| #define PACKAGE_VERSION ""
| #define PACKAGE_STRING ""
| #define PACKAGE_BUGREPORT ""
| #define PACKAGE "zebra"
| #define VERSION "0.95"
| #define STDC_HEADERS 1
| #define HAVE_SYS_TYPES_H 1
| #define HAVE_SYS_STAT_H 1
| #define HAVE_STDLIB_H 1
| #define HAVE_STRING_H 1
| #define HAVE_MEMORY_H 1
| #define HAVE_STRINGS_H 1
| #define HAVE_INTTYPES_H 1
| #define HAVE_STDINT_H 1
| #define HAVE_UNISTD_H 1
| #define HAVE_STRING_H 1
| #define HAVE_SYS_TIME_H 1
| #define HAVE_SYS_TIMES_H 1
| #define HAVE_SYS_SELECT_H 1
| #define HAVE_SYS_SYSCTL_H 1
| #define HAVE_SYS_TYPES_H 1
| #define HAVE_LINUX_VERSION_H 1
| #define HAVE_NETDB_H 1
| #define HAVE_NETINET_IN_H 1
| /* end confdefs.h.  */
| #include <inet/nd.h>
configure:3961: result: no
configure:3996: checking for inet/nd.h
configure:4003: result: no
configure:3880: checking asm/types.h usability
configure:3892: mips-linux-gcc -c -g -O2 -Wall  conftest.c >&5
configure:3898: $? = 0
configure:3902: test -z 
			 || test ! -s conftest.err
configure:3905: $? = 0
configure:3908: test -s conftest.o
configure:3911: $? = 0
configure:3921: result: yes
configure:3925: checking asm/types.h presence
configure:3935: mips-linux-gcc -E  conftest.c
configure:3941: $? = 0
configure:3961: result: yes
configure:3996: checking for asm/types.h
configure:4003: result: yes
configure:3880: checking netinet/icmp6.h usability
configure:3892: mips-linux-gcc -c -g -O2 -Wall  conftest.c >&5
configure:3898: $? = 0
configure:3902: test -z 
			 || test ! -s conftest.err
configure:3905: $? = 0
configure:3908: test -s conftest.o
configure:3911: $? = 0
configure:3921: result: yes
configure:3925: checking netinet/icmp6.h presence
configure:3935: mips-linux-gcc -E  conftest.c
configure:3941: $? = 0
configure:3961: result: yes
configure:3996: checking for netinet/icmp6.h
configure:4003: result: yes
configure:3880: checking netinet6/nd6.h usability
configure:3892: mips-linux-gcc -c -g -O2 -Wall  conftest.c >&5
conftest.c:66:26: netinet6/nd6.h: No such file or directory
configure:3898: $? = 1
configure: failed program was:
| /* confdefs.h.  */
| 
| #define PACKAGE_NAME ""
| #define PACKAGE_TARNAME ""
| #define PACKAGE_VERSION ""
| #define PACKAGE_STRING ""
| #define PACKAGE_BUGREPORT ""
| #define PACKAGE "zebra"
| #define VERSION "0.95"
| #define STDC_HEADERS 1
| #define HAVE_SYS_TYPES_H 1
| #define HAVE_SYS_STAT_H 1
| #define HAVE_STDLIB_H 1
| #define HAVE_STRING_H 1
| #define HAVE_MEMORY_H 1
| #define HAVE_STRINGS_H 1
| #define HAVE_INTTYPES_H 1
| #define HAVE_STDINT_H 1
| #define HAVE_UNISTD_H 1
| #define HAVE_STRING_H 1
| #define HAVE_SYS_TIME_H 1
| #define HAVE_SYS_TIMES_H 1
| #define HAVE_SYS_SELECT_H 1
| #define HAVE_SYS_SYSCTL_H 1
| #define HAVE_SYS_TYPES_H 1
| #define HAVE_LINUX_VERSION_H 1
| #define HAVE_NETDB_H 1
| #define HAVE_NETINET_IN_H 1
| #define HAVE_ASM_TYPES_H 1
| #define HAVE_NETINET_ICMP6_H 1
| /* end confdefs.h.  */
| #include <stdio.h>
| #if HAVE_SYS_TYPES_H
| # include <sys/types.h>
| #endif
| #if HAVE_SYS_STAT_H
| # include <sys/stat.h>
| #endif
| #if STDC_HEADERS
| # include <stdlib.h>
| # include <stddef.h>
| #else
| # if HAVE_STDLIB_H
| #  include <stdlib.h>
| # endif
| #endif
| #if HAVE_STRING_H
| # if !STDC_HEADERS && HAVE_MEMORY_H
| #  include <memory.h>
| # endif
| # include <string.h>
| #endif
| #if HAVE_STRINGS_H
| # include <strings.h>
| #endif
| #if HAVE_INTTYPES_H
| # include <inttypes.h>
| #else
| # if HAVE_STDINT_H
| #  include <stdint.h>
| # endif
| #endif
| #if HAVE_UNISTD_H
| # include <unistd.h>
| #endif
| #include <netinet6/nd6.h>
configure:3921: result: no
configure:3925: checking netinet6/nd6.h presence
configure:3935: mips-linux-gcc -E  conftest.c
conftest.c:32:26: netinet6/nd6.h: No such file or directory
configure:3941: $? = 1
configure: failed program was:
| /* confdefs.h.  */
| 
| #define PACKAGE_NAME ""
| #define PACKAGE_TARNAME ""
| #define PACKAGE_VERSION ""
| #define PACKAGE_STRING ""
| #define PACKAGE_BUGREPORT ""
| #define PACKAGE "zebra"
| #define VERSION "0.95"
| #define STDC_HEADERS 1
| #define HAVE_SYS_TYPES_H 1
| #define HAVE_SYS_STAT_H 1
| #define HAVE_STDLIB_H 1
| #define HAVE_STRING_H 1
| #define HAVE_MEMORY_H 1
| #define HAVE_STRINGS_H 1
| #define HAVE_INTTYPES_H 1
| #define HAVE_STDINT_H 1
| #define HAVE_UNISTD_H 1
| #define HAVE_STRING_H 1
| #define HAVE_SYS_TIME_H 1
| #define HAVE_SYS_TIMES_H 1
| #define HAVE_SYS_SELECT_H 1
| #define HAVE_SYS_SYSCTL_H 1
| #define HAVE_SYS_TYPES_H 1
| #define HAVE_LINUX_VERSION_H 1
| #define HAVE_NETDB_H 1
| #define HAVE_NETINET_IN_H 1
| #define HAVE_ASM_TYPES_H 1
| #define HAVE_NETINET_ICMP6_H 1
| /* end confdefs.h.  */
| #include <netinet6/nd6.h>
configure:3961: result: no
configure:3996: checking for netinet6/nd6.h
configure:4003: result: no
configure:3880: checking libutil.h usability
configure:3892: mips-linux-gcc -c -g -O2 -Wall  conftest.c >&5
conftest.c:66:21: libutil.h: No such file or directory
configure:3898: $? = 1
configure: failed program was:
| /* confdefs.h.  */
| 
| #define PACKAGE_NAME ""
| #define PACKAGE_TARNAME ""
| #define PACKAGE_VERSION ""
| #define PACKAGE_STRING ""
| #define PACKAGE_BUGREPORT ""
| #define PACKAGE "zebra"
| #define VERSION "0.95"
| #define STDC_HEADERS 1
| #define HAVE_SYS_TYPES_H 1
| #define HAVE_SYS_STAT_H 1
| #define HAVE_STDLIB_H 1
| #define HAVE_STRING_H 1
| #define HAVE_MEMORY_H 1
| #define HAVE_STRINGS_H 1
| #define HAVE_INTTYPES_H 1
| #define HAVE_STDINT_H 1
| #define HAVE_UNISTD_H 1
| #define HAVE_STRING_H 1
| #define HAVE_SYS_TIME_H 1
| #define HAVE_SYS_TIMES_H 1
| #define HAVE_SYS_SELECT_H 1
| #define HAVE_SYS_SYSCTL_H 1
| #define HAVE_SYS_TYPES_H 1
| #define HAVE_LINUX_VERSION_H 1
| #define HAVE_NETDB_H 1
| #define HAVE_NETINET_IN_H 1
| #define HAVE_ASM_TYPES_H 1
| #define HAVE_NETINET_ICMP6_H 1
| /* end confdefs.h.  */
| #include <stdio.h>
| #if HAVE_SYS_TYPES_H
| # include <sys/types.h>
| #endif
| #if HAVE_SYS_STAT_H
| # include <sys/stat.h>
| #endif
| #if STDC_HEADERS
| # include <stdlib.h>
| # include <stddef.h>
| #else
| # if HAVE_STDLIB_H
| #  include <stdlib.h>
| # endif
| #endif
| #if HAVE_STRING_H
| # if !STDC_HEADERS && HAVE_MEMORY_H
| #  include <memory.h>
| # endif
| # include <string.h>
| #endif
| #if HAVE_STRINGS_H
| # include <strings.h>
| #endif
| #if HAVE_INTTYPES_H
| # include <inttypes.h>
| #else
| # if HAVE_STDINT_H
| #  include <stdint.h>
| # endif
| #endif
| #if HAVE_UNISTD_H
| # include <unistd.h>
| #endif
| #include <libutil.h>
configure:3921: result: no
configure:3925: checking libutil.h presence
configure:3935: mips-linux-gcc -E  conftest.c
conftest.c:32:21: libutil.h: No such file or directory
configure:3941: $? = 1
configure: failed program was:
| /* confdefs.h.  */
| 
| #define PACKAGE_NAME ""
| #define PACKAGE_TARNAME ""
| #define PACKAGE_VERSION ""
| #define PACKAGE_STRING ""
| #define PACKAGE_BUGREPORT ""
| #define PACKAGE "zebra"
| #define VERSION "0.95"
| #define STDC_HEADERS 1
| #define HAVE_SYS_TYPES_H 1
| #define HAVE_SYS_STAT_H 1
| #define HAVE_STDLIB_H 1
| #define HAVE_STRING_H 1
| #define HAVE_MEMORY_H 1
| #define HAVE_STRINGS_H 1
| #define HAVE_INTTYPES_H 1
| #define HAVE_STDINT_H 1
| #define HAVE_UNISTD_H 1
| #define HAVE_STRING_H 1
| #define HAVE_SYS_TIME_H 1
| #define HAVE_SYS_TIMES_H 1
| #define HAVE_SYS_SELECT_H 1
| #define HAVE_SYS_SYSCTL_H 1
| #define HAVE_SYS_TYPES_H 1
| #define HAVE_LINUX_VERSION_H 1
| #define HAVE_NETDB_H 1
| #define HAVE_NETINET_IN_H 1
| #define HAVE_ASM_TYPES_H 1
| #define HAVE_NETINET_ICMP6_H 1
| /* end confdefs.h.  */
| #include <libutil.h>
configure:3961: result: no
configure:3996: checking for libutil.h
configure:4003: result: no
configure:4017: checking for an ANSI C-conforming const
configure:4084: mips-linux-gcc -c -g -O2 -Wall  conftest.c >&5
conftest.c: In function `main':
conftest.c:59: warning: unused variable `s'
conftest.c:79: warning: unused variable `foo'
conftest.c:40: warning: unused variable `x'
conftest.c:46: warning: unused variable `zero'
conftest.c:58: warning: `t' might be used uninitialized in this function
conftest.c:76: warning: `b' might be used uninitialized in this function
configure:4090: $? = 0
configure:4094: test -z 
			 || test ! -s conftest.err
configure:4097: $? = 0
configure:4100: test -s conftest.o
configure:4103: $? = 0
configure:4114: result: yes
configure:4124: checking return type of signal handlers
configure:4155: mips-linux-gcc -c -g -O2 -Wall  conftest.c >&5
conftest.c: In function `main':
conftest.c:46: warning: unused variable `i'
configure:4161: $? = 0
configure:4165: test -z 
			 || test ! -s conftest.err
configure:4168: $? = 0
configure:4171: test -s conftest.o
configure:4174: $? = 0
configure:4185: result: void
configure:5426: checking whether byte ordering is bigendian
configure:5453: mips-linux-gcc -c -g -O2 -Wall  conftest.c >&5
configure:5459: $? = 0
configure:5463: test -z 
			 || test ! -s conftest.err
configure:5466: $? = 0
configure:5469: test -s conftest.o
configure:5472: $? = 0
configure:5496: mips-linux-gcc -c -g -O2 -Wall  conftest.c >&5
configure:5502: $? = 0
configure:5506: test -z 
			 || test ! -s conftest.err
configure:5509: $? = 0
configure:5512: test -s conftest.o
configure:5515: $? = 0
configure:5637: result: yes
configure:5673: checking for bcopy
configure:5730: mips-linux-gcc -o conftest -g -O2 -Wall   conftest.c  >&5
configure:5736: $? = 0
configure:5740: test -z 
			 || test ! -s conftest.err
configure:5743: $? = 0
configure:5746: test -s conftest
configure:5749: $? = 0
configure:5761: result: yes
configure:5673: checking for bzero
configure:5730: mips-linux-gcc -o conftest -g -O2 -Wall   conftest.c  >&5
conftest.c:60: warning: conflicting types for built-in function `bzero'
configure:5736: $? = 0
configure:5740: test -z 
			 || test ! -s conftest.err
configure:5743: $? = 0
configure:5746: test -s conftest
configure:5749: $? = 0
configure:5761: result: yes
configure:5673: checking for strerror
configure:5730: mips-linux-gcc -o conftest -g -O2 -Wall   conftest.c  >&5
configure:5736: $? = 0
configure:5740: test -z 
			 || test ! -s conftest.err
configure:5743: $? = 0
configure:5746: test -s conftest
configure:5749: $? = 0
configure:5761: result: yes
configure:5673: checking for inet_aton
configure:5730: mips-linux-gcc -o conftest -g -O2 -Wall   conftest.c  >&5
configure:5736: $? = 0
configure:5740: test -z 
			 || test ! -s conftest.err
configure:5743: $? = 0
configure:5746: test -s conftest
configure:5749: $? = 0
configure:5761: result: yes
configure:5673: checking for daemon
configure:5730: mips-linux-gcc -o conftest -g -O2 -Wall   conftest.c  >&5
configure:5736: $? = 0
configure:5740: test -z 
			 || test ! -s conftest.err
configure:5743: $? = 0
configure:5746: test -s conftest
configure:5749: $? = 0
configure:5761: result: yes
configure:5673: checking for snprintf
configure:5730: mips-linux-gcc -o conftest -g -O2 -Wall   conftest.c  >&5
conftest.c:64: warning: conflicting types for built-in function `snprintf'
configure:5736: $? = 0
configure:5740: test -z 
			 || test ! -s conftest.err
configure:5743: $? = 0
configure:5746: test -s conftest
configure:5749: $? = 0
configure:5761: result: yes
configure:5673: checking for vsnprintf
configure:5730: mips-linux-gcc -o conftest -g -O2 -Wall   conftest.c  >&5
conftest.c:65: warning: conflicting types for built-in function `vsnprintf'
configure:5736: $? = 0
configure:5740: test -z 
			 || test ! -s conftest.err
configure:5743: $? = 0
configure:5746: test -s conftest
configure:5749: $? = 0
configure:5761: result: yes
configure:5673: checking for strlcat
configure:5730: mips-linux-gcc -o conftest -g -O2 -Wall   conftest.c  >&5
configure:5736: $? = 0
configure:5740: test -z 
			 || test ! -s conftest.err
configure:5743: $? = 0
configure:5746: test -s conftest
configure:5749: $? = 0
configure:5761: result: yes
configure:5673: checking for strlcpy
configure:5730: mips-linux-gcc -o conftest -g -O2 -Wall   conftest.c  >&5
configure:5736: $? = 0
configure:5740: test -z 
			 || test ! -s conftest.err
configure:5743: $? = 0
configure:5746: test -s conftest
configure:5749: $? = 0
configure:5761: result: yes
configure:5673: checking for if_nametoindex
configure:5730: mips-linux-gcc -o conftest -g -O2 -Wall   conftest.c  >&5
configure:5736: $? = 0
configure:5740: test -z 
			 || test ! -s conftest.err
configure:5743: $? = 0
configure:5746: test -s conftest
configure:5749: $? = 0
configure:5761: result: yes
configure:5673: checking for if_indextoname
configure:5730: mips-linux-gcc -o conftest -g -O2 -Wall   conftest.c  >&5
configure:5736: $? = 0
configure:5740: test -z 
			 || test ! -s conftest.err
configure:5743: $? = 0
configure:5746: test -s conftest
configure:5749: $? = 0
configure:5761: result: yes
configure:5673: checking for getifaddrs
configure:5730: mips-linux-gcc -o conftest -g -O2 -Wall   conftest.c  >&5
/tmp/cc8wBY6j.o(.text+0x18): In function `main':
/mnt/hgfs/share/mySvn/linux/zebra/conftest.c:86: undefined reference to `getifaddrs'
/tmp/cc8wBY6j.o(.data+0x0):/mnt/hgfs/share/mySvn/linux/zebra/conftest.c:85: undefined reference to `getifaddrs'
collect2: ld returned 1 exit status
configure:5736: $? = 1
configure: failed program was:
| /* confdefs.h.  */
| 
| #define PACKAGE_NAME ""
| #define PACKAGE_TARNAME ""
| #define PACKAGE_VERSION ""
| #define PACKAGE_STRING ""
| #define PACKAGE_BUGREPORT ""
| #define PACKAGE "zebra"
| #define VERSION "0.95"
| #define STDC_HEADERS 1
| #define HAVE_SYS_TYPES_H 1
| #define HAVE_SYS_STAT_H 1
| #define HAVE_STDLIB_H 1
| #define HAVE_STRING_H 1
| #define HAVE_MEMORY_H 1
| #define HAVE_STRINGS_H 1
| #define HAVE_INTTYPES_H 1
| #define HAVE_STDINT_H 1
| #define HAVE_UNISTD_H 1
| #define HAVE_STRING_H 1
| #define HAVE_SYS_TIME_H 1
| #define HAVE_SYS_TIMES_H 1
| #define HAVE_SYS_SELECT_H 1
| #define HAVE_SYS_SYSCTL_H 1
| #define HAVE_SYS_TYPES_H 1
| #define HAVE_LINUX_VERSION_H 1
| #define HAVE_NETDB_H 1
| #define HAVE_NETINET_IN_H 1
| #define HAVE_ASM_TYPES_H 1
| #define HAVE_NETINET_ICMP6_H 1
| #define RETSIGTYPE void
| #define GNU_LINUX
| #define WORDS_BIGENDIAN 1
| #define HAVE_BCOPY 1
| #define HAVE_BZERO 1
| #define HAVE_STRERROR 1
| #define HAVE_INET_ATON 1
| #define HAVE_DAEMON 1
| #define HAVE_SNPRINTF 1
| #define HAVE_VSNPRINTF 1
| #define HAVE_STRLCAT 1
| #define HAVE_STRLCPY 1
| #define HAVE_IF_NAMETOINDEX 1
| #define HAVE_IF_INDEXTONAME 1
| /* end confdefs.h.  */
| /* Define getifaddrs to an innocuous variant, in case <limits.h> declares getifaddrs.
|    For example, HP-UX 11i <limits.h> declares gettimeofday.  */
| #define getifaddrs innocuous_getifaddrs
| 
| /* System header to define __stub macros and hopefully few prototypes,
|     which can conflict with char getifaddrs (); below.
|     Prefer <limits.h> to <assert.h> if __STDC__ is defined, since
|     <limits.h> exists even on freestanding compilers.  */
| 
| #ifdef __STDC__
| # include <limits.h>
| #else
| # include <assert.h>
| #endif
| 
| #undef getifaddrs
| 
| /* Override any gcc2 internal prototype to avoid an error.  */
| #ifdef __cplusplus
| extern "C"
| {
| #endif
| /* We use char because int might match the return type of a gcc2
|    builtin and then its argument prototype would still apply.  */
| char getifaddrs ();
| /* The GNU C library defines this for functions which it implements
|     to always fail with ENOSYS.  Some functions are actually named
|     something starting with __ and the normal name is an alias.  */
| #if defined (__stub_getifaddrs) || defined (__stub___getifaddrs)
| choke me
| #else
| char (*f) () = getifaddrs;
| #endif
| #ifdef __cplusplus
| }
| #endif
| 
| int
| main ()
| {
| return f != getifaddrs;
|   ;
|   return 0;
| }
configure:5761: result: no
configure:5775: checking for setproctitle
configure:5832: mips-linux-gcc -o conftest -g -O2 -Wall   conftest.c  >&5
/tmp/cc2D8ejN.o(.text+0x18): In function `main':
/mnt/hgfs/share/mySvn/linux/zebra/conftest.c:86: undefined reference to `setproctitle'
/tmp/cc2D8ejN.o(.data+0x0):/mnt/hgfs/share/mySvn/linux/zebra/conftest.c:85: undefined reference to `setproctitle'
collect2: ld returned 1 exit status
configure:5838: $? = 1
configure: failed program was:
| /* confdefs.h.  */
| 
| #define PACKAGE_NAME ""
| #define PACKAGE_TARNAME ""
| #define PACKAGE_VERSION ""
| #define PACKAGE_STRING ""
| #define PACKAGE_BUGREPORT ""
| #define PACKAGE "zebra"
| #define VERSION "0.95"
| #define STDC_HEADERS 1
| #define HAVE_SYS_TYPES_H 1
| #define HAVE_SYS_STAT_H 1
| #define HAVE_STDLIB_H 1
| #define HAVE_STRING_H 1
| #define HAVE_MEMORY_H 1
| #define HAVE_STRINGS_H 1
| #define HAVE_INTTYPES_H 1
| #define HAVE_STDINT_H 1
| #define HAVE_UNISTD_H 1
| #define HAVE_STRING_H 1
| #define HAVE_SYS_TIME_H 1
| #define HAVE_SYS_TIMES_H 1
| #define HAVE_SYS_SELECT_H 1
| #define HAVE_SYS_SYSCTL_H 1
| #define HAVE_SYS_TYPES_H 1
| #define HAVE_LINUX_VERSION_H 1
| #define HAVE_NETDB_H 1
| #define HAVE_NETINET_IN_H 1
| #define HAVE_ASM_TYPES_H 1
| #define HAVE_NETINET_ICMP6_H 1
| #define RETSIGTYPE void
| #define GNU_LINUX
| #define WORDS_BIGENDIAN 1
| #define HAVE_BCOPY 1
| #define HAVE_BZERO 1
| #define HAVE_STRERROR 1
| #define HAVE_INET_ATON 1
| #define HAVE_DAEMON 1
| #define HAVE_SNPRINTF 1
| #define HAVE_VSNPRINTF 1
| #define HAVE_STRLCAT 1
| #define HAVE_STRLCPY 1
| #define HAVE_IF_NAMETOINDEX 1
| #define HAVE_IF_INDEXTONAME 1
| /* end confdefs.h.  */
| /* Define setproctitle to an innocuous variant, in case <limits.h> declares setproctitle.
|    For example, HP-UX 11i <limits.h> declares gettimeofday.  */
| #define setproctitle innocuous_setproctitle
| 
| /* System header to define __stub macros and hopefully few prototypes,
|     which can conflict with char setproctitle (); below.
|     Prefer <limits.h> to <assert.h> if __STDC__ is defined, since
|     <limits.h> exists even on freestanding compilers.  */
| 
| #ifdef __STDC__
| # include <limits.h>
| #else
| # include <assert.h>
| #endif
| 
| #undef setproctitle
| 
| /* Override any gcc2 internal prototype to avoid an error.  */
| #ifdef __cplusplus
| extern "C"
| {
| #endif
| /* We use char because int might match the return type of a gcc2
|    builtin and then its argument prototype would still apply.  */
| char setproctitle ();
| /* The GNU C library defines this for functions which it implements
|     to always fail with ENOSYS.  Some functions are actually named
|     something starting with __ and the normal name is an alias.  */
| #if defined (__stub_setproctitle) || defined (__stub___setproctitle)
| choke me
| #else
| char (*f) () = setproctitle;
| #endif
| #ifdef __cplusplus
| }
| #endif
| 
| int
| main ()
| {
| return f != setproctitle;
|   ;
|   return 0;
| }
configure:5863: result: no
configure:5871: checking for setproctitle in -lutil
configure:5901: mips-linux-gcc -o conftest -g -O2 -Wall   conftest.c -lutil   >&5
/tmp/ccUfodSc.o(.text+0x1c): In function `main':
/mnt/hgfs/share/mySvn/linux/zebra/conftest.c:57: undefined reference to `setproctitle'
collect2: ld returned 1 exit status
configure:5907: $? = 1
configure: failed program was:
| /* confdefs.h.  */
| 
| #define PACKAGE_NAME ""
| #define PACKAGE_TARNAME ""
| #define PACKAGE_VERSION ""
| #define PACKAGE_STRING ""
| #define PACKAGE_BUGREPORT ""
| #define PACKAGE "zebra"
| #define VERSION "0.95"
| #define STDC_HEADERS 1
| #define HAVE_SYS_TYPES_H 1
| #define HAVE_SYS_STAT_H 1
| #define HAVE_STDLIB_H 1
| #define HAVE_STRING_H 1
| #define HAVE_MEMORY_H 1
| #define HAVE_STRINGS_H 1
| #define HAVE_INTTYPES_H 1
| #define HAVE_STDINT_H 1
| #define HAVE_UNISTD_H 1
| #define HAVE_STRING_H 1
| #define HAVE_SYS_TIME_H 1
| #define HAVE_SYS_TIMES_H 1
| #define HAVE_SYS_SELECT_H 1
| #define HAVE_SYS_SYSCTL_H 1
| #define HAVE_SYS_TYPES_H 1
| #define HAVE_LINUX_VERSION_H 1
| #define HAVE_NETDB_H 1
| #define HAVE_NETINET_IN_H 1
| #define HAVE_ASM_TYPES_H 1
| #define HAVE_NETINET_ICMP6_H 1
| #define RETSIGTYPE void
| #define GNU_LINUX
| #define WORDS_BIGENDIAN 1
| #define HAVE_BCOPY 1
| #define HAVE_BZERO 1
| #define HAVE_STRERROR 1
| #define HAVE_INET_ATON 1
| #define HAVE_DAEMON 1
| #define HAVE_SNPRINTF 1
| #define HAVE_VSNPRINTF 1
| #define HAVE_STRLCAT 1
| #define HAVE_STRLCPY 1
| #define HAVE_IF_NAMETOINDEX 1
| #define HAVE_IF_INDEXTONAME 1
| /* end confdefs.h.  */
| 
| /* Override any gcc2 internal prototype to avoid an error.  */
| #ifdef __cplusplus
| extern "C"
| #endif
| /* We use char because int might match the return type of a gcc2
|    builtin and then its argument prototype would still apply.  */
| char setproctitle ();
| int
| main ()
| {
| setproctitle ();
|   ;
|   return 0;
| }
configure:5933: result: no
configure:5946: checking zebra between kernel interface method
configure:5965: result: netlink
configure:6041: checking route read method check
configure:6064: result: netlink
configure:6068: checking interface looking up method
configure:6071: result: netlink
configure:6119: checking ipforward method check
configure:6144: result: proc
configure:6152: checking for getaddrinfo
configure:6209: mips-linux-gcc -o conftest -g -O2 -Wall   conftest.c  >&5
configure:6215: $? = 0
configure:6219: test -z 
			 || test ! -s conftest.err
configure:6222: $? = 0
configure:6225: test -s conftest
configure:6228: $? = 0
configure:6240: result: yes
configure:6253: checking whether does this OS have IPv6 stack
configure:6256: result: disabled
configure:6490: checking for inet_ntop in -lc
configure:6520: mips-linux-gcc -o conftest -g -O2 -Wall   conftest.c -lc   >&5
configure:6526: $? = 0
configure:6530: test -z 
			 || test ! -s conftest.err
configure:6533: $? = 0
configure:6536: test -s conftest
configure:6539: $? = 0
configure:6552: result: yes
configure:6562: checking for inet_pton in -lc
configure:6592: mips-linux-gcc -o conftest -g -O2 -Wall   conftest.c -lc   >&5
configure:6598: $? = 0
configure:6602: test -z 
			 || test ! -s conftest.err
configure:6605: $? = 0
configure:6608: test -s conftest
configure:6611: $? = 0
configure:6624: result: yes
configure:6635: checking for crypt in -lcrypt
configure:6665: mips-linux-gcc -o conftest -g -O2 -Wall   conftest.c -lcrypt   >&5
configure:6671: $? = 0
configure:6675: test -z 
			 || test ! -s conftest.err
configure:6678: $? = 0
configure:6681: test -s conftest
configure:6684: $? = 0
configure:6697: result: yes
configure:6709: checking for res_init in -lresolv
configure:6739: mips-linux-gcc -o conftest -g -O2 -Wall   conftest.c -lresolv  -lcrypt  >&5
/tmp/ccxHO2mm.o(.text+0x1c): In function `main':
/mnt/hgfs/share/mySvn/linux/zebra/conftest.c:64: undefined reference to `res_init'
collect2: ld returned 1 exit status
configure:6745: $? = 1
configure: failed program was:
| /* confdefs.h.  */
| 
| #define PACKAGE_NAME ""
| #define PACKAGE_TARNAME ""
| #define PACKAGE_VERSION ""
| #define PACKAGE_STRING ""
| #define PACKAGE_BUGREPORT ""
| #define PACKAGE "zebra"
| #define VERSION "0.95"
| #define STDC_HEADERS 1
| #define HAVE_SYS_TYPES_H 1
| #define HAVE_SYS_STAT_H 1
| #define HAVE_STDLIB_H 1
| #define HAVE_STRING_H 1
| #define HAVE_MEMORY_H 1
| #define HAVE_STRINGS_H 1
| #define HAVE_INTTYPES_H 1
| #define HAVE_STDINT_H 1
| #define HAVE_UNISTD_H 1
| #define HAVE_STRING_H 1
| #define HAVE_SYS_TIME_H 1
| #define HAVE_SYS_TIMES_H 1
| #define HAVE_SYS_SELECT_H 1
| #define HAVE_SYS_SYSCTL_H 1
| #define HAVE_SYS_TYPES_H 1
| #define HAVE_LINUX_VERSION_H 1
| #define HAVE_NETDB_H 1
| #define HAVE_NETINET_IN_H 1
| #define HAVE_ASM_TYPES_H 1
| #define HAVE_NETINET_ICMP6_H 1
| #define RETSIGTYPE void
| #define GNU_LINUX
| #define WORDS_BIGENDIAN 1
| #define HAVE_BCOPY 1
| #define HAVE_BZERO 1
| #define HAVE_STRERROR 1
| #define HAVE_INET_ATON 1
| #define HAVE_DAEMON 1
| #define HAVE_SNPRINTF 1
| #define HAVE_VSNPRINTF 1
| #define HAVE_STRLCAT 1
| #define HAVE_STRLCPY 1
| #define HAVE_IF_NAMETOINDEX 1
| #define HAVE_IF_INDEXTONAME 1
| #define HAVE_NETLINK
| #define HAVE_PROC_NET_DEV
| #define HAVE_PROC_NET_IF_INET6
| #define HAVE_GETADDRINFO 1
| #define HAVE_INET_NTOP
| #define HAVE_INET_PTON
| #define HAVE_LIBCRYPT 1
| /* end confdefs.h.  */
| 
| /* Override any gcc2 internal prototype to avoid an error.  */
| #ifdef __cplusplus
| extern "C"
| #endif
| /* We use char because int might match the return type of a gcc2
|    builtin and then its argument prototype would still apply.  */
| char res_init ();
| int
| main ()
| {
| res_init ();
|   ;
|   return 0;
| }
configure:6771: result: no
configure:6783: checking for main in -lm
configure:6807: mips-linux-gcc -o conftest -g -O2 -Wall   conftest.c -lm  -lcrypt  >&5
configure:6813: $? = 0
configure:6817: test -z 
			 || test ! -s conftest.err
configure:6820: $? = 0
configure:6823: test -s conftest
configure:6826: $? = 0
configure:6839: result: yes
configure:6851: checking for __inet_ntop
configure:6908: mips-linux-gcc -o conftest -g -O2 -Wall   conftest.c -lm -lcrypt  >&5
/tmp/ccmvp184.o(.text+0x18): In function `main':
/mnt/hgfs/share/mySvn/linux/zebra/conftest.c:94: undefined reference to `__inet_ntop'
/tmp/ccmvp184.o(.data+0x0):/mnt/hgfs/share/mySvn/linux/zebra/conftest.c:93: undefined reference to `__inet_ntop'
collect2: ld returned 1 exit status
configure:6914: $? = 1
configure: failed program was:
| /* confdefs.h.  */
| 
| #define PACKAGE_NAME ""
| #define PACKAGE_TARNAME ""
| #define PACKAGE_VERSION ""
| #define PACKAGE_STRING ""
| #define PACKAGE_BUGREPORT ""
| #define PACKAGE "zebra"
| #define VERSION "0.95"
| #define STDC_HEADERS 1
| #define HAVE_SYS_TYPES_H 1
| #define HAVE_SYS_STAT_H 1
| #define HAVE_STDLIB_H 1
| #define HAVE_STRING_H 1
| #define HAVE_MEMORY_H 1
| #define HAVE_STRINGS_H 1
| #define HAVE_INTTYPES_H 1
| #define HAVE_STDINT_H 1
| #define HAVE_UNISTD_H 1
| #define HAVE_STRING_H 1
| #define HAVE_SYS_TIME_H 1
| #define HAVE_SYS_TIMES_H 1
| #define HAVE_SYS_SELECT_H 1
| #define HAVE_SYS_SYSCTL_H 1
| #define HAVE_SYS_TYPES_H 1
| #define HAVE_LINUX_VERSION_H 1
| #define HAVE_NETDB_H 1
| #define HAVE_NETINET_IN_H 1
| #define HAVE_ASM_TYPES_H 1
| #define HAVE_NETINET_ICMP6_H 1
| #define RETSIGTYPE void
| #define GNU_LINUX
| #define WORDS_BIGENDIAN 1
| #define HAVE_BCOPY 1
| #define HAVE_BZERO 1
| #define HAVE_STRERROR 1
| #define HAVE_INET_ATON 1
| #define HAVE_DAEMON 1
| #define HAVE_SNPRINTF 1
| #define HAVE_VSNPRINTF 1
| #define HAVE_STRLCAT 1
| #define HAVE_STRLCPY 1
| #define HAVE_IF_NAMETOINDEX 1
| #define HAVE_IF_INDEXTONAME 1
| #define HAVE_NETLINK
| #define HAVE_PROC_NET_DEV
| #define HAVE_PROC_NET_IF_INET6
| #define HAVE_GETADDRINFO 1
| #define HAVE_INET_NTOP
| #define HAVE_INET_PTON
| #define HAVE_LIBCRYPT 1
| #define HAVE_LIBM 1
| /* end confdefs.h.  */
| /* Define __inet_ntop to an innocuous variant, in case <limits.h> declares __inet_ntop.
|    For example, HP-UX 11i <limits.h> declares gettimeofday.  */
| #define __inet_ntop innocuous___inet_ntop
| 
| /* System header to define __stub macros and hopefully few prototypes,
|     which can conflict with char __inet_ntop (); below.
|     Prefer <limits.h> to <assert.h> if __STDC__ is defined, since
|     <limits.h> exists even on freestanding compilers.  */
| 
| #ifdef __STDC__
| # include <limits.h>
| #else
| # include <assert.h>
| #endif
| 
| #undef __inet_ntop
| 
| /* Override any gcc2 internal prototype to avoid an error.  */
| #ifdef __cplusplus
| extern "C"
| {
| #endif
| /* We use char because int might match the return type of a gcc2
|    builtin and then its argument prototype would still apply.  */
| char __inet_ntop ();
| /* The GNU C library defines this for functions which it implements
|     to always fail with ENOSYS.  Some functions are actually named
|     something starting with __ and the normal name is an alias.  */
| #if defined (__stub___inet_ntop) || defined (__stub_____inet_ntop)
| choke me
| #else
| char (*f) () = __inet_ntop;
| #endif
| #ifdef __cplusplus
| }
| #endif
| 
| int
| main ()
| {
| return f != __inet_ntop;
|   ;
|   return 0;
| }
configure:6939: result: no
configure:6948: checking for __inet_pton
configure:7005: mips-linux-gcc -o conftest -g -O2 -Wall   conftest.c -lm -lcrypt  >&5
/tmp/ccYpe03p.o(.text+0x18): In function `main':
/mnt/hgfs/share/mySvn/linux/zebra/conftest.c:94: undefined reference to `__inet_pton'
/tmp/ccYpe03p.o(.data+0x0):/mnt/hgfs/share/mySvn/linux/zebra/conftest.c:93: undefined reference to `__inet_pton'
collect2: ld returned 1 exit status
configure:7011: $? = 1
configure: failed program was:
| /* confdefs.h.  */
| 
| #define PACKAGE_NAME ""
| #define PACKAGE_TARNAME ""
| #define PACKAGE_VERSION ""
| #define PACKAGE_STRING ""
| #define PACKAGE_BUGREPORT ""
| #define PACKAGE "zebra"
| #define VERSION "0.95"
| #define STDC_HEADERS 1
| #define HAVE_SYS_TYPES_H 1
| #define HAVE_SYS_STAT_H 1
| #define HAVE_STDLIB_H 1
| #define HAVE_STRING_H 1
| #define HAVE_MEMORY_H 1
| #define HAVE_STRINGS_H 1
| #define HAVE_INTTYPES_H 1
| #define HAVE_STDINT_H 1
| #define HAVE_UNISTD_H 1
| #define HAVE_STRING_H 1
| #define HAVE_SYS_TIME_H 1
| #define HAVE_SYS_TIMES_H 1
| #define HAVE_SYS_SELECT_H 1
| #define HAVE_SYS_SYSCTL_H 1
| #define HAVE_SYS_TYPES_H 1
| #define HAVE_LINUX_VERSION_H 1
| #define HAVE_NETDB_H 1
| #define HAVE_NETINET_IN_H 1
| #define HAVE_ASM_TYPES_H 1
| #define HAVE_NETINET_ICMP6_H 1
| #define RETSIGTYPE void
| #define GNU_LINUX
| #define WORDS_BIGENDIAN 1
| #define HAVE_BCOPY 1
| #define HAVE_BZERO 1
| #define HAVE_STRERROR 1
| #define HAVE_INET_ATON 1
| #define HAVE_DAEMON 1
| #define HAVE_SNPRINTF 1
| #define HAVE_VSNPRINTF 1
| #define HAVE_STRLCAT 1
| #define HAVE_STRLCPY 1
| #define HAVE_IF_NAMETOINDEX 1
| #define HAVE_IF_INDEXTONAME 1
| #define HAVE_NETLINK
| #define HAVE_PROC_NET_DEV
| #define HAVE_PROC_NET_IF_INET6
| #define HAVE_GETADDRINFO 1
| #define HAVE_INET_NTOP
| #define HAVE_INET_PTON
| #define HAVE_LIBCRYPT 1
| #define HAVE_LIBM 1
| /* end confdefs.h.  */
| /* Define __inet_pton to an innocuous variant, in case <limits.h> declares __inet_pton.
|    For example, HP-UX 11i <limits.h> declares gettimeofday.  */
| #define __inet_pton innocuous___inet_pton
| 
| /* System header to define __stub macros and hopefully few prototypes,
|     which can conflict with char __inet_pton (); below.
|     Prefer <limits.h> to <assert.h> if __STDC__ is defined, since
|     <limits.h> exists even on freestanding compilers.  */
| 
| #ifdef __STDC__
| # include <limits.h>
| #else
| # include <assert.h>
| #endif
| 
| #undef __inet_pton
| 
| /* Override any gcc2 internal prototype to avoid an error.  */
| #ifdef __cplusplus
| extern "C"
| {
| #endif
| /* We use char because int might match the return type of a gcc2
|    builtin and then its argument prototype would still apply.  */
| char __inet_pton ();
| /* The GNU C library defines this for functions which it implements
|     to always fail with ENOSYS.  Some functions are actually named
|     something starting with __ and the normal name is an alias.  */
| #if defined (__stub___inet_pton) || defined (__stub_____inet_pton)
| choke me
| #else
| char (*f) () = __inet_pton;
| #endif
| #ifdef __cplusplus
| }
| #endif
| 
| int
| main ()
| {
| return f != __inet_pton;
|   ;
|   return 0;
| }
configure:7036: result: no
configure:7045: checking for __inet_aton
configure:7102: mips-linux-gcc -o conftest -g -O2 -Wall   conftest.c -lm -lcrypt  >&5
/tmp/ccwEEqaR.o(.text+0x18): In function `main':
/mnt/hgfs/share/mySvn/linux/zebra/conftest.c:94: undefined reference to `__inet_aton'
/tmp/ccwEEqaR.o(.data+0x0):/mnt/hgfs/share/mySvn/linux/zebra/conftest.c:93: undefined reference to `__inet_aton'
collect2: ld returned 1 exit status
configure:7108: $? = 1
configure: failed program was:
| /* confdefs.h.  */
| 
| #define PACKAGE_NAME ""
| #define PACKAGE_TARNAME ""
| #define PACKAGE_VERSION ""
| #define PACKAGE_STRING ""
| #define PACKAGE_BUGREPORT ""
| #define PACKAGE "zebra"
| #define VERSION "0.95"
| #define STDC_HEADERS 1
| #define HAVE_SYS_TYPES_H 1
| #define HAVE_SYS_STAT_H 1
| #define HAVE_STDLIB_H 1
| #define HAVE_STRING_H 1
| #define HAVE_MEMORY_H 1
| #define HAVE_STRINGS_H 1
| #define HAVE_INTTYPES_H 1
| #define HAVE_STDINT_H 1
| #define HAVE_UNISTD_H 1
| #define HAVE_STRING_H 1
| #define HAVE_SYS_TIME_H 1
| #define HAVE_SYS_TIMES_H 1
| #define HAVE_SYS_SELECT_H 1
| #define HAVE_SYS_SYSCTL_H 1
| #define HAVE_SYS_TYPES_H 1
| #define HAVE_LINUX_VERSION_H 1
| #define HAVE_NETDB_H 1
| #define HAVE_NETINET_IN_H 1
| #define HAVE_ASM_TYPES_H 1
| #define HAVE_NETINET_ICMP6_H 1
| #define RETSIGTYPE void
| #define GNU_LINUX
| #define WORDS_BIGENDIAN 1
| #define HAVE_BCOPY 1
| #define HAVE_BZERO 1
| #define HAVE_STRERROR 1
| #define HAVE_INET_ATON 1
| #define HAVE_DAEMON 1
| #define HAVE_SNPRINTF 1
| #define HAVE_VSNPRINTF 1
| #define HAVE_STRLCAT 1
| #define HAVE_STRLCPY 1
| #define HAVE_IF_NAMETOINDEX 1
| #define HAVE_IF_INDEXTONAME 1
| #define HAVE_NETLINK
| #define HAVE_PROC_NET_DEV
| #define HAVE_PROC_NET_IF_INET6
| #define HAVE_GETADDRINFO 1
| #define HAVE_INET_NTOP
| #define HAVE_INET_PTON
| #define HAVE_LIBCRYPT 1
| #define HAVE_LIBM 1
| /* end confdefs.h.  */
| /* Define __inet_aton to an innocuous variant, in case <limits.h> declares __inet_aton.
|    For example, HP-UX 11i <limits.h> declares gettimeofday.  */
| #define __inet_aton innocuous___inet_aton
| 
| /* System header to define __stub macros and hopefully few prototypes,
|     which can conflict with char __inet_aton (); below.
|     Prefer <limits.h> to <assert.h> if __STDC__ is defined, since
|     <limits.h> exists even on freestanding compilers.  */
| 
| #ifdef __STDC__
| # include <limits.h>
| #else
| # include <assert.h>
| #endif
| 
| #undef __inet_aton
| 
| /* Override any gcc2 internal prototype to avoid an error.  */
| #ifdef __cplusplus
| extern "C"
| {
| #endif
| /* We use char because int might match the return type of a gcc2
|    builtin and then its argument prototype would still apply.  */
| char __inet_aton ();
| /* The GNU C library defines this for functions which it implements
|     to always fail with ENOSYS.  Some functions are actually named
|     something starting with __ and the normal name is an alias.  */
| #if defined (__stub___inet_aton) || defined (__stub_____inet_aton)
| choke me
| #else
| char (*f) () = __inet_aton;
| #endif
| #ifdef __cplusplus
| }
| #endif
| 
| int
| main ()
| {
| return f != __inet_aton;
|   ;
|   return 0;
| }
configure:7133: result: no
configure:7143: checking for regexec in -lc
configure:7173: mips-linux-gcc -o conftest -g -O2 -Wall   conftest.c -lc  -lm -lcrypt  >&5
configure:7179: $? = 0
configure:7183: test -z 
			 || test ! -s conftest.err
configure:7186: $? = 0
configure:7189: test -s conftest
configure:7192: $? = 0
configure:7205: result: yes
configure:7664: checking whether struct sockaddr has a sa_len field
configure:7684: mips-linux-gcc -c -g -O2 -Wall  conftest.c >&5
conftest.c: In function `main':
conftest.c:61: error: structure has no member named `sa_len'
conftest.c:61: warning: unused variable `ac_j'
configure:7690: $? = 1
configure: failed program was:
| /* confdefs.h.  */
| 
| #define PACKAGE_NAME ""
| #define PACKAGE_TARNAME ""
| #define PACKAGE_VERSION ""
| #define PACKAGE_STRING ""
| #define PACKAGE_BUGREPORT ""
| #define PACKAGE "zebra"
| #define VERSION "0.95"
| #define STDC_HEADERS 1
| #define HAVE_SYS_TYPES_H 1
| #define HAVE_SYS_STAT_H 1
| #define HAVE_STDLIB_H 1
| #define HAVE_STRING_H 1
| #define HAVE_MEMORY_H 1
| #define HAVE_STRINGS_H 1
| #define HAVE_INTTYPES_H 1
| #define HAVE_STDINT_H 1
| #define HAVE_UNISTD_H 1
| #define HAVE_STRING_H 1
| #define HAVE_SYS_TIME_H 1
| #define HAVE_SYS_TIMES_H 1
| #define HAVE_SYS_SELECT_H 1
| #define HAVE_SYS_SYSCTL_H 1
| #define HAVE_SYS_TYPES_H 1
| #define HAVE_LINUX_VERSION_H 1
| #define HAVE_NETDB_H 1
| #define HAVE_NETINET_IN_H 1
| #define HAVE_ASM_TYPES_H 1
| #define HAVE_NETINET_ICMP6_H 1
| #define RETSIGTYPE void
| #define GNU_LINUX
| #define WORDS_BIGENDIAN 1
| #define HAVE_BCOPY 1
| #define HAVE_BZERO 1
| #define HAVE_STRERROR 1
| #define HAVE_INET_ATON 1
| #define HAVE_DAEMON 1
| #define HAVE_SNPRINTF 1
| #define HAVE_VSNPRINTF 1
| #define HAVE_STRLCAT 1
| #define HAVE_STRLCPY 1
| #define HAVE_IF_NAMETOINDEX 1
| #define HAVE_IF_INDEXTONAME 1
| #define HAVE_NETLINK
| #define HAVE_PROC_NET_DEV
| #define HAVE_PROC_NET_IF_INET6
| #define HAVE_GETADDRINFO 1
| #define HAVE_INET_NTOP
| #define HAVE_INET_PTON
| #define HAVE_LIBCRYPT 1
| #define HAVE_LIBM 1
| #define HAVE_GNU_REGEX
| /* end confdefs.h.  */
| #include <sys/types.h>
| #include <sys/socket.h>
| 
| int
| main ()
| {
| static struct sockaddr ac_i;int ac_j = sizeof (ac_i.sa_len);
|   ;
|   return 0;
| }
configure:7716: result: no
configure:7721: checking whether struct sockaddr_in has a sin_len field
configure:7741: mips-linux-gcc -c -g -O2 -Wall  conftest.c >&5
conftest.c: In function `main':
conftest.c:61: error: structure has no member named `sin_len'
conftest.c:61: warning: unused variable `ac_j'
configure:7747: $? = 1
configure: failed program was:
| /* confdefs.h.  */
| 
| #define PACKAGE_NAME ""
| #define PACKAGE_TARNAME ""
| #define PACKAGE_VERSION ""
| #define PACKAGE_STRING ""
| #define PACKAGE_BUGREPORT ""
| #define PACKAGE "zebra"
| #define VERSION "0.95"
| #define STDC_HEADERS 1
| #define HAVE_SYS_TYPES_H 1
| #define HAVE_SYS_STAT_H 1
| #define HAVE_STDLIB_H 1
| #define HAVE_STRING_H 1
| #define HAVE_MEMORY_H 1
| #define HAVE_STRINGS_H 1
| #define HAVE_INTTYPES_H 1
| #define HAVE_STDINT_H 1
| #define HAVE_UNISTD_H 1
| #define HAVE_STRING_H 1
| #define HAVE_SYS_TIME_H 1
| #define HAVE_SYS_TIMES_H 1
| #define HAVE_SYS_SELECT_H 1
| #define HAVE_SYS_SYSCTL_H 1
| #define HAVE_SYS_TYPES_H 1
| #define HAVE_LINUX_VERSION_H 1
| #define HAVE_NETDB_H 1
| #define HAVE_NETINET_IN_H 1
| #define HAVE_ASM_TYPES_H 1
| #define HAVE_NETINET_ICMP6_H 1
| #define RETSIGTYPE void
| #define GNU_LINUX
| #define WORDS_BIGENDIAN 1
| #define HAVE_BCOPY 1
| #define HAVE_BZERO 1
| #define HAVE_STRERROR 1
| #define HAVE_INET_ATON 1
| #define HAVE_DAEMON 1
| #define HAVE_SNPRINTF 1
| #define HAVE_VSNPRINTF 1
| #define HAVE_STRLCAT 1
| #define HAVE_STRLCPY 1
| #define HAVE_IF_NAMETOINDEX 1
| #define HAVE_IF_INDEXTONAME 1
| #define HAVE_NETLINK
| #define HAVE_PROC_NET_DEV
| #define HAVE_PROC_NET_IF_INET6
| #define HAVE_GETADDRINFO 1
| #define HAVE_INET_NTOP
| #define HAVE_INET_PTON
| #define HAVE_LIBCRYPT 1
| #define HAVE_LIBM 1
| #define HAVE_GNU_REGEX
| /* end confdefs.h.  */
| #include <sys/types.h>
| #include <netinet/in.h>
| 
| int
| main ()
| {
| static struct sockaddr_in ac_i;int ac_j = sizeof (ac_i.sin_len);
|   ;
|   return 0;
| }
configure:7773: result: no
configure:7778: checking whether struct sockaddr_un has a sun_len field
configure:7798: mips-linux-gcc -c -g -O2 -Wall  conftest.c >&5
conftest.c: In function `main':
conftest.c:61: error: structure has no member named `sun_len'
conftest.c:61: warning: unused variable `ac_j'
configure:7804: $? = 1
configure: failed program was:
| /* confdefs.h.  */
| 
| #define PACKAGE_NAME ""
| #define PACKAGE_TARNAME ""
| #define PACKAGE_VERSION ""
| #define PACKAGE_STRING ""
| #define PACKAGE_BUGREPORT ""
| #define PACKAGE "zebra"
| #define VERSION "0.95"
| #define STDC_HEADERS 1
| #define HAVE_SYS_TYPES_H 1
| #define HAVE_SYS_STAT_H 1
| #define HAVE_STDLIB_H 1
| #define HAVE_STRING_H 1
| #define HAVE_MEMORY_H 1
| #define HAVE_STRINGS_H 1
| #define HAVE_INTTYPES_H 1
| #define HAVE_STDINT_H 1
| #define HAVE_UNISTD_H 1
| #define HAVE_STRING_H 1
| #define HAVE_SYS_TIME_H 1
| #define HAVE_SYS_TIMES_H 1
| #define HAVE_SYS_SELECT_H 1
| #define HAVE_SYS_SYSCTL_H 1
| #define HAVE_SYS_TYPES_H 1
| #define HAVE_LINUX_VERSION_H 1
| #define HAVE_NETDB_H 1
| #define HAVE_NETINET_IN_H 1
| #define HAVE_ASM_TYPES_H 1
| #define HAVE_NETINET_ICMP6_H 1
| #define RETSIGTYPE void
| #define GNU_LINUX
| #define WORDS_BIGENDIAN 1
| #define HAVE_BCOPY 1
| #define HAVE_BZERO 1
| #define HAVE_STRERROR 1
| #define HAVE_INET_ATON 1
| #define HAVE_DAEMON 1
| #define HAVE_SNPRINTF 1
| #define HAVE_VSNPRINTF 1
| #define HAVE_STRLCAT 1
| #define HAVE_STRLCPY 1
| #define HAVE_IF_NAMETOINDEX 1
| #define HAVE_IF_INDEXTONAME 1
| #define HAVE_NETLINK
| #define HAVE_PROC_NET_DEV
| #define HAVE_PROC_NET_IF_INET6
| #define HAVE_GETADDRINFO 1
| #define HAVE_INET_NTOP
| #define HAVE_INET_PTON
| #define HAVE_LIBCRYPT 1
| #define HAVE_LIBM 1
| #define HAVE_GNU_REGEX
| /* end confdefs.h.  */
| #include <sys/types.h>
| #include <sys/un.h>
| 
| int
| main ()
| {
| static struct sockaddr_un ac_i;int ac_j = sizeof (ac_i.sun_len);
|   ;
|   return 0;
| }
configure:7830: result: no
configure:7953: checking whther socklen_t is defined
configure:7974: mips-linux-gcc -c -g -O2 -Wall  conftest.c >&5
conftest.c: In function `main':
conftest.c:62: warning: unused variable `ac_x'
configure:7980: $? = 0
configure:7984: test -z 
			 || test ! -s conftest.err
configure:7987: $? = 0
configure:7990: test -s conftest.o
configure:7993: $? = 0
configure:7995: result: yes
configure:8011: checking whether struct sockaddr_dl exist
conftest.c:56:23: net/if_dl.h: No such file or directory
configure:8032: result: no
configure:8038: checking whether struct ifaliasreq exist
configure:8059: result: no
configure:8065: checking whether struct if6_aliasreq exist
conftest.c:56:30: netinet6/in6_var.h: No such file or directory
configure:8086: result: no
configure:8092: checking whether struct rt_addrinfo exist
configure:8113: result: no
configure:8119: checking whether struct in_pktinfo exist
configure:8138: mips-linux-gcc -c -g -O2 -Wall  conftest.c >&5
conftest.c: In function `main':
conftest.c:61: warning: unused variable `ac_x'
configure:8144: $? = 0
configure:8148: test -z 
			 || test ! -s conftest.err
configure:8151: $? = 0
configure:8154: test -s conftest.o
configure:8157: $? = 0
configure:8159: result: yes
configure:8175: checking whether getrusage is available
configure:8194: mips-linux-gcc -c -g -O2 -Wall  conftest.c >&5
configure:8200: $? = 0
configure:8204: test -z 
			 || test ! -s conftest.err
configure:8207: $? = 0
configure:8210: test -s conftest.o
configure:8213: $? = 0
configure:8215: result: yes
configure:8235: checking pid file directory
configure:8249: result: /var/run
configure:8283: checking for working htonl
configure:8313: mips-linux-gcc -o conftest -g -O2 -Wall   conftest.c -lm -lcrypt  >&5
conftest.c: In function `main':
conftest.c:76: warning: statement with no effect
configure:8319: $? = 0
configure:8323: test -z 
			 || test ! -s conftest.err
configure:8326: $? = 0
configure:8329: test -s conftest
configure:8332: $? = 0
configure:8345: result: yes
configure:8451: creating ./config.status

## ---------------------- ##
## Running config.status. ##
## ---------------------- ##

This file was extended by config.status, which was
generated by GNU Autoconf 2.59.  Invocation command line was

  CONFIG_FILES    = 
  CONFIG_HEADERS  = 
  CONFIG_LINKS    = 
  CONFIG_COMMANDS = 
  $ ./config.status 

on localhost.localdomain

config.status:723: creating Makefile
config.status:723: creating lib/Makefile
config.status:723: creating zebra/Makefile
config.status:723: creating ripd/Makefile
config.status:723: creating ripngd/Makefile
config.status:723: creating bgpd/Makefile
config.status:723: creating ospfd/Makefile
config.status:723: creating ospf6d/Makefile
config.status:723: creating vtysh/Makefile
config.status:723: creating doc/Makefile
config.status:827: creating config.h
config.status:1201: executing depfiles commands

## ---------------- ##
## Cache variables. ##
## ---------------- ##

ac_cv_build=i686-pc-linux-gnu
ac_cv_build_alias=i686-pc-linux-gnu
ac_cv_c_bigendian=yes
ac_cv_c_compiler_gnu=yes
ac_cv_c_const=yes
ac_cv_env_CC_set=
ac_cv_env_CC_value=
ac_cv_env_CFLAGS_set=
ac_cv_env_CFLAGS_value=
ac_cv_env_CPPFLAGS_set=
ac_cv_env_CPPFLAGS_value=
ac_cv_env_CPP_set=
ac_cv_env_CPP_value=
ac_cv_env_LDFLAGS_set=
ac_cv_env_LDFLAGS_value=
ac_cv_env_build_alias_set=
ac_cv_env_build_alias_value=
ac_cv_env_host_alias_set=set
ac_cv_env_host_alias_value=mips-linux
ac_cv_env_target_alias_set=
ac_cv_env_target_alias_value=
ac_cv_exeext=
ac_cv_func___inet_aton=no
ac_cv_func___inet_ntop=no
ac_cv_func___inet_pton=no
ac_cv_func_bcopy=yes
ac_cv_func_bzero=yes
ac_cv_func_daemon=yes
ac_cv_func_getaddrinfo=yes
ac_cv_func_getifaddrs=no
ac_cv_func_if_indextoname=yes
ac_cv_func_if_nametoindex=yes
ac_cv_func_inet_aton=yes
ac_cv_func_setproctitle=no
ac_cv_func_snprintf=yes
ac_cv_func_strerror=yes
ac_cv_func_strlcat=yes
ac_cv_func_strlcpy=yes
ac_cv_func_vsnprintf=yes
ac_cv_header_asm_types_h=yes
ac_cv_header_inet_nd_h=no
ac_cv_header_inttypes_h=yes
ac_cv_header_kvm_h=no
ac_cv_header_libutil_h=no
ac_cv_header_linux_version_h=yes
ac_cv_header_memory_h=yes
ac_cv_header_net_if_dl_h=no
ac_cv_header_net_if_var_h=no
ac_cv_header_net_netopt_h=no
ac_cv_header_netdb_h=yes
ac_cv_header_netinet6_nd6_h=no
ac_cv_header_netinet_icmp6_h=yes
ac_cv_header_netinet_in6_h=no
ac_cv_header_netinet_in6_var_h=no
ac_cv_header_netinet_in_h=yes
ac_cv_header_netinet_in_var_h=no
ac_cv_header_stdc=yes
ac_cv_header_stdint_h=yes
ac_cv_header_stdlib_h=yes
ac_cv_header_string_h=yes
ac_cv_header_strings_h=yes
ac_cv_header_stropts_h=no
ac_cv_header_sys_conf_h=no
ac_cv_header_sys_ksym_h=no
ac_cv_header_sys_select_h=yes
ac_cv_header_sys_sockio_h=no
ac_cv_header_sys_stat_h=yes
ac_cv_header_sys_sysctl_h=yes
ac_cv_header_sys_time_h=yes
ac_cv_header_sys_times_h=yes
ac_cv_header_sys_types_h=yes
ac_cv_header_unistd_h=yes
ac_cv_host=mips-mips-linux-gnu
ac_cv_host_alias=mips-linux
ac_cv_htonl_works=yes
ac_cv_lib_c_inet_ntop=yes
ac_cv_lib_c_inet_pton=yes
ac_cv_lib_c_regexec=yes
ac_cv_lib_crypt_crypt=yes
ac_cv_lib_m_main=yes
ac_cv_lib_resolv_res_init=no
ac_cv_lib_util_setproctitle=no
ac_cv_objext=o
ac_cv_path_install='/usr/bin/install -c'
ac_cv_prog_AR=mips-linux-ar
ac_cv_prog_AWK=gawk
ac_cv_prog_CC=mips-linux-gcc
ac_cv_prog_CPP='mips-linux-gcc -E'
ac_cv_prog_RANLIB=mips-linux-ranlib
ac_cv_prog_STRIP=mips-linux-strip
ac_cv_prog_cc_g=yes
ac_cv_prog_cc_stdc=
ac_cv_prog_egrep='grep -E'
ac_cv_prog_make_make_set=yes
ac_cv_type_signal=void
am_cv_CC_dependencies_compiler_type=gcc3

## ----------------- ##
## Output variables. ##
## ----------------- ##

ACLOCAL='${SHELL} /mnt/hgfs/share/mySvn/linux/zebra/missing --run aclocal-1.6'
AMDEPBACKSLASH='\'
AMDEP_FALSE='#'
AMDEP_TRUE=''
AMTAR='${SHELL} /mnt/hgfs/share/mySvn/linux/zebra/missing --run tar'
AR='mips-linux-ar'
AUTOCONF='${SHELL} /mnt/hgfs/share/mySvn/linux/zebra/missing --run autoconf'
AUTOHEADER='${SHELL} /mnt/hgfs/share/mySvn/linux/zebra/missing --run autoheader'
AUTOMAKE='${SHELL} /mnt/hgfs/share/mySvn/linux/zebra/missing --run automake-1.6'
AWK='gawk'
BGPD=''
CC='mips-linux-gcc'
CCDEPMODE='depmode=gcc3'
CFLAGS='-g -O2 -Wall'
CPP='mips-linux-gcc -E'
CPPFLAGS=''
CURSES=''
DEFS='-DHAVE_CONFIG_H'
DEPDIR='.deps'
ECHO_C=''
ECHO_N='-n'
ECHO_T=''
EGREP='grep -E'
EXEEXT=''
IF_METHOD='if_netlink.o'
IF_PROC='if_proc.o'
INCLUDES=''
INSTALL_DATA='${INSTALL} -m 644'
INSTALL_PROGRAM='${INSTALL}'
INSTALL_SCRIPT='${INSTALL}'
INSTALL_STRIP_PROGRAM='${SHELL} $(install_sh) -c -s'
IPFORWARD='ipforward_proc.o'
KERNEL_METHOD=''
LDFLAGS=''
LIBOBJS=''
LIBPAM=''
LIBS='-lm -lcrypt '
LIB_IPV6=''
LIB_REGEX=''
LTLIBOBJS=''
MAKEINFO='${SHELL} /mnt/hgfs/share/mySvn/linux/zebra/missing --run makeinfo'
MULTIPATH_NUM='1'
OBJEXT='o'
OSPF6D=''
OSPFD=''
OTHER_METHOD=''
PACKAGE='zebra'
PACKAGE_BUGREPORT=''
PACKAGE_NAME=''
PACKAGE_STRING=''
PACKAGE_TARNAME=''
PACKAGE_VERSION=''
PATH_SEPARATOR=':'
RANLIB='mips-linux-ranlib'
RIPD='ripd'
RIPNGD=''
RTREAD_METHOD='rtread_netlink.o'
RT_METHOD='rt_netlink.o'
SET_MAKE=''
SHELL='/bin/sh'
STRIP='mips-linux-strip'
VERSION='0.95a'
VTYSH=''
ZEBRA='zebra'
ac_ct_AR=''
ac_ct_CC=''
ac_ct_RANLIB=''
ac_ct_STRIP=''
am__include='include'
am__quote=''
bindir='${exec_prefix}/bin'
build='i686-pc-linux-gnu'
build_alias=''
build_cpu='i686'
build_os='linux-gnu'
build_vendor='pc'
datadir='${prefix}/share'
exec_prefix='${prefix}'
host='mips-mips-linux-gnu'
host_alias='mips-linux'
host_cpu='mips'
host_os='linux-gnu'
host_vendor='mips'
includedir='${prefix}/include'
infodir='${prefix}/info'
install_sh='/mnt/hgfs/share/mySvn/linux/zebra/install-sh'
libdir='${exec_prefix}/lib'
libexecdir='${exec_prefix}/libexec'
localstatedir='${prefix}/var'
mandir='${prefix}/man'
oldincludedir='/usr/include'
prefix='/usr/local'
program_transform_name='s,x,x,'
sbindir='${exec_prefix}/sbin'
sharedstatedir='${prefix}/com'
sysconfdir='${prefix}/etc'
target_alias=''

## ----------- ##
## confdefs.h. ##
## ----------- ##

#define GNU_LINUX
#define HAVE_ASM_TYPES_H 1
#define HAVE_BCOPY 1
#define HAVE_BZERO 1
#define HAVE_DAEMON 1
#define HAVE_GETADDRINFO 1
#define HAVE_GNU_REGEX
#define HAVE_IF_INDEXTONAME 1
#define HAVE_IF_NAMETOINDEX 1
#define HAVE_INET_ATON 1
#define HAVE_INET_NTOP
#define HAVE_INET_PTON
#define HAVE_INPKTINFO
#define HAVE_INTTYPES_H 1
#define HAVE_LIBCRYPT 1
#define HAVE_LIBM 1
#define HAVE_LINUX_VERSION_H 1
#define HAVE_MEMORY_H 1
#define HAVE_NETDB_H 1
#define HAVE_NETINET_ICMP6_H 1
#define HAVE_NETINET_IN_H 1
#define HAVE_NETLINK
#define HAVE_PROC_NET_DEV
#define HAVE_PROC_NET_IF_INET6
#define HAVE_RUSAGE
#define HAVE_SNPRINTF 1
#define HAVE_SOCKLEN_T
#define HAVE_STDINT_H 1
#define HAVE_STDLIB_H 1
#define HAVE_STRERROR 1
#define HAVE_STRINGS_H 1
#define HAVE_STRING_H 1
#define HAVE_STRING_H 1
#define HAVE_STRLCAT 1
#define HAVE_STRLCPY 1
#define HAVE_SYS_SELECT_H 1
#define HAVE_SYS_STAT_H 1
#define HAVE_SYS_SYSCTL_H 1
#define HAVE_SYS_TIMES_H 1
#define HAVE_SYS_TIME_H 1
#define HAVE_SYS_TYPES_H 1
#define HAVE_SYS_TYPES_H 1
#define HAVE_UNISTD_H 1
#define HAVE_VSNPRINTF 1
#define PACKAGE "zebra"
#define PACKAGE_BUGREPORT ""
#define PACKAGE_NAME ""
#define PACKAGE_STRING ""
#define PACKAGE_TARNAME ""
#define PACKAGE_VERSION ""
#define PATH_BGPD_PID "/var/run/bgpd.pid"
#define PATH_OSPF6D_PID "/var/run/ospf6d.pid"
#define PATH_OSPFD_PID "/var/run/ospfd.pid"
#define PATH_RIPD_PID "/var/run/ripd.pid"
#define PATH_RIPNGD_PID "/var/run/ripngd.pid"
#define PATH_ZEBRA_PID "/var/run/zebra.pid"
#define RETSIGTYPE void
#define STDC_HEADERS 1
#define VERSION "0.95"
#define WORDS_BIGENDIAN 1

configure: exit 0

## ---------------------- ##
## Running config.status. ##
## ---------------------- ##

This file was extended by config.status, which was
generated by GNU Autoconf 2.59.  Invocation command line was

  CONFIG_FILES    = 
  CONFIG_HEADERS  = 
  CONFIG_LINKS    = 
  CONFIG_COMMANDS = 
  $ ./config.status doc/Makefile

on localhost.localdomain

config.status:723: creating doc/Makefile

## ---------------------- ##
## Running config.status. ##
## ---------------------- ##

This file was extended by config.status, which was
generated by GNU Autoconf 2.59.  Invocation command line was

  CONFIG_FILES    = 
  CONFIG_HEADERS  = 
  CONFIG_LINKS    = 
  CONFIG_COMMANDS = 
  $ ./config.status ripd/Makefile depfiles

on localhost.localdomain

config.status:723: creating ripd/Makefile
config.status:1201: executing depfiles commands

## ---------------------- ##
## Running config.status. ##
## ---------------------- ##

This file was extended by config.status, which was
generated by GNU Autoconf 2.59.  Invocation command line was

  CONFIG_FILES    = 
  CONFIG_HEADERS  = 
  CONFIG_LINKS    = 
  CONFIG_COMMANDS = 
  $ ./config.status zebra/Makefile depfiles

on localhost.localdomain

config.status:723: creating zebra/Makefile
config.status:1201: executing depfiles commands

## ---------------------- ##
## Running config.status. ##
## ---------------------- ##

This file was extended by config.status, which was
generated by GNU Autoconf 2.59.  Invocation command line was

  CONFIG_FILES    = 
  CONFIG_HEADERS  = 
  CONFIG_LINKS    = 
  CONFIG_COMMANDS = 
  $ ./config.status lib/Makefile depfiles

on localhost.localdomain

config.status:723: creating lib/Makefile
config.status:1201: executing depfiles commands
