This file contains any messages produced by compilers while
running configure, to aid debugging if configure makes a mistake.

It was created by libupnp configure 1.3.1, which was
generated by GNU Autoconf 2.68.  Invocation command line was

  $ ./configure --host=mipsel-linux CC=mipsel-linux-gcc host_alias=mipsel-linux --no-create --no-recursion

## --------- ##
## Platform. ##
## --------- ##

hostname = 5025e0fe137f
uname -m = x86_64
uname -r = 4.4.0-97-generic
uname -s = Linux
uname -v = #120-Ubuntu SMP Tue Sep 19 17:28:18 UTC 2017

/usr/bin/uname -p = unknown
/bin/uname -X     = unknown

/bin/arch              = unknown
/usr/bin/arch -k       = unknown
/usr/convex/getsysinfo = unknown
/usr/bin/hostinfo      = unknown
/bin/machine           = unknown
/usr/bin/oslevel       = unknown
/bin/universe          = unknown

PATH: /opt/buildroot-gcc463/usr/bin
PATH: /usr/local/sbin
PATH: /usr/local/bin
PATH: /usr/sbin
PATH: /usr/bin
PATH: /sbin
PATH: /bin


## ----------- ##
## Core tests. ##
## ----------- ##

configure:2677: checking for a BSD-compatible install
configure:2745: result: /usr/bin/install -c
configure:2756: checking whether build environment is sane
configure:2793: result: yes
configure:2855: checking for gawk
configure:2871: found /usr/bin/gawk
configure:2882: result: gawk
configure:2893: checking whether make sets $(MAKE)
configure:2915: result: yes
configure:2989: checking for mipsel-linux-strip
configure:3016: result: mipsel-linux-strip
configure:3139: checking for --enable-debug
configure:3147: result: no
configure:3181: checking for --enable-client
configure:3189: result: yes
configure:3209: checking for --enable-device
configure:3217: result: yes
configure:3240: checking for --enable-webserver
configure:3248: result: yes
configure:3279: checking for --enable-tools
configure:3287: result: yes
configure:3318: checking for mipsel-linux-gcc
configure:3345: result: mipsel-linux-gcc
configure:3614: checking for C compiler version
configure:3623: mipsel-linux-gcc --version >&5
mipsel-linux-gcc (Buildroot 2012.11.1) 4.6.3
Copyright (C) 2011 Free Software Foundation, Inc.
This is free software; see the source for copying conditions.  There is NO
warranty; not even for MERCHANTABILITY or FITNESS FOR A PARTICULAR PURPOSE.

configure:3634: $? = 0
configure:3623: mipsel-linux-gcc -v >&5
Using built-in specs.
COLLECT_GCC=mipsel-linux-gcc
COLLECT_LTO_WRAPPER=/opt/buildroot-gcc463/usr/libexec/gcc/mipsel-buildroot-linux-uclibc/4.6.3/lto-wrapper
Target: mipsel-buildroot-linux-uclibc
Configured with: /home/ralink/buildroot-2012.11.1/output/toolchain/gcc-4.6.3/configure --prefix=/opt/buildroot-gcc463/usr --build=i686-pc-linux-gnu --host=i686-pc-linux-gnu --target=mipsel-buildroot-linux-uclibc --enable-languages=c,c++ --with-sysroot=/opt/buildroot-gcc463/usr/mipsel-buildroot-linux-uclibc/sysroot --with-build-time-tools=/opt/buildroot-gcc463/usr/mipsel-buildroot-linux-uclibc/bin --disable-__cxa_atexit --enable-target-optspace --disable-libgomp --with-gnu-ld --disable-libssp --disable-multilib --disable-tls --disable-shared --with-gmp=/opt/buildroot-gcc463/usr --with-mpfr=/opt/buildroot-gcc463/usr --with-mpc=/opt/buildroot-gcc463/usr --disable-nls --enable-threads --disable-decimal-float --with-float=soft --with-abi=32 --with-tune=mips32r2 --with-pkgversion='Buildroot 2012.11.1' --with-bugurl=http://bugs.buildroot.net/
Thread model: posix
gcc version 4.6.3 (Buildroot 2012.11.1) 
configure:3634: $? = 0
configure:3623: mipsel-linux-gcc -V >&5
mipsel-linux-gcc: error: unrecognized option '-V'
mipsel-linux-gcc: fatal error: no input files
compilation terminated.
configure:3634: $? = 1
configure:3623: mipsel-linux-gcc -qversion >&5
mipsel-linux-gcc: error: unrecognized option '-qversion'
mipsel-linux-gcc: fatal error: no input files
compilation terminated.
configure:3634: $? = 1
configure:3654: checking whether the C compiler works
configure:3676: mipsel-linux-gcc    conftest.c  >&5
configure:3680: $? = 0
configure:3728: result: yes
configure:3731: checking for C compiler default output file name
configure:3733: result: a.out
configure:3739: checking for suffix of executables
configure:3746: mipsel-linux-gcc -o conftest    conftest.c  >&5
configure:3750: $? = 0
configure:3772: result: 
configure:3794: checking whether we are cross compiling
configure:3802: mipsel-linux-gcc -o conftest    conftest.c  >&5
configure:3806: $? = 0
configure:3813: ./conftest
./configure: line 3815: ./conftest: cannot execute binary file: Exec format error
configure:3817: $? = 126
configure:3832: result: yes
configure:3837: checking for suffix of object files
configure:3859: mipsel-linux-gcc -c   conftest.c >&5
configure:3863: $? = 0
configure:3884: result: o
configure:3888: checking whether we are using the GNU C compiler
configure:3907: mipsel-linux-gcc -c   conftest.c >&5
configure:3907: $? = 0
configure:3916: result: yes
configure:3925: checking whether mipsel-linux-gcc accepts -g
configure:3945: mipsel-linux-gcc -c -g  conftest.c >&5
configure:3945: $? = 0
configure:3986: result: yes
configure:4003: checking for mipsel-linux-gcc option to accept ISO C89
configure:4067: mipsel-linux-gcc  -c -g -O2  conftest.c >&5
configure:4067: $? = 0
configure:4080: result: none needed
configure:4111: checking for style of include used by make
configure:4139: result: GNU
configure:4167: checking dependency style of mipsel-linux-gcc
configure:4257: result: gcc3
configure:4275: checking whether mipsel-linux-gcc and cc understand -c and -o together
configure:4306: mipsel-linux-gcc -c conftest.c -o conftest2.o >&5
configure:4310: $? = 0
configure:4316: mipsel-linux-gcc -c conftest.c -o conftest2.o >&5
configure:4320: $? = 0
configure:4331: cc -c conftest.c >&5
configure:4335: $? = 0
configure:4343: cc -c conftest.c -o conftest2.o >&5
configure:4347: $? = 0
configure:4353: cc -c conftest.c -o conftest2.o >&5
configure:4357: $? = 0
configure:4375: result: yes
configure:4474: checking build system type
configure:4488: result: x86_64-unknown-linux-gnu
configure:4508: checking host system type
configure:4521: result: mipsel-unknown-linux-gnu
configure:4541: checking for a sed that does not truncate output
configure:4597: result: /bin/sed
configure:4600: checking for grep that handles long lines and -e
configure:4658: result: /bin/grep
configure:4663: checking for egrep
configure:4725: result: /bin/grep -E
configure:4741: checking for ld used by mipsel-linux-gcc
configure:4808: result: mipsel-linux-ld
configure:4815: checking if the linker (mipsel-linux-ld) is GNU ld
configure:4830: result: yes
configure:4835: checking for mipsel-linux-ld option to reload object files
configure:4842: result: -r
configure:4860: checking for BSD-compatible nm
configure:4909: result: /opt/buildroot-gcc463/usr/bin/mipsel-linux-nm -B
configure:4913: checking whether ln -s works
configure:4917: result: yes
configure:4924: checking how to recognise dependent libraries
configure:5100: result: pass_all
configure:5309: checking how to run the C preprocessor
configure:5340: mipsel-linux-gcc -E  conftest.c
configure:5340: $? = 0
configure:5354: mipsel-linux-gcc -E  conftest.c
conftest.c:21:28: fatal error: ac_nonexistent.h: No such file or directory
compilation terminated.
configure:5354: $? = 1
configure: failed program was:
| /* confdefs.h */
| #define PACKAGE_NAME "libupnp"
| #define PACKAGE_TARNAME "libupnp"
| #define PACKAGE_VERSION "1.3.1"
| #define PACKAGE_STRING "libupnp 1.3.1"
| #define PACKAGE_BUGREPORT "r3mi@users.sourceforge.net"
| #define PACKAGE_URL ""
| #define PACKAGE "libupnp"
| #define VERSION "1.3.1"
| #define UPNP_VERSION_STRING "1.3.1"
| #define UPNP_VERSION_MAJOR 1
| #define UPNP_VERSION_MINOR 3
| #define UPNP_VERSION_PATCH 1
| #define NO_DEBUG 1
| #define NDEBUG 1
| #define UPNP_HAVE_CLIENT 1
| #define UPNP_HAVE_DEVICE 1
| #define UPNP_HAVE_WEBSERVER 1
| #define UPNP_HAVE_TOOLS 1
| /* end confdefs.h.  */
| #include <ac_nonexistent.h>
configure:5379: result: mipsel-linux-gcc -E
configure:5399: mipsel-linux-gcc -E  conftest.c
configure:5399: $? = 0
configure:5413: mipsel-linux-gcc -E  conftest.c
conftest.c:21:28: fatal error: ac_nonexistent.h: No such file or directory
compilation terminated.
configure:5413: $? = 1
configure: failed program was:
| /* confdefs.h */
| #define PACKAGE_NAME "libupnp"
| #define PACKAGE_TARNAME "libupnp"
| #define PACKAGE_VERSION "1.3.1"
| #define PACKAGE_STRING "libupnp 1.3.1"
| #define PACKAGE_BUGREPORT "r3mi@users.sourceforge.net"
| #define PACKAGE_URL ""
| #define PACKAGE "libupnp"
| #define VERSION "1.3.1"
| #define UPNP_VERSION_STRING "1.3.1"
| #define UPNP_VERSION_MAJOR 1
| #define UPNP_VERSION_MINOR 3
| #define UPNP_VERSION_PATCH 1
| #define NO_DEBUG 1
| #define NDEBUG 1
| #define UPNP_HAVE_CLIENT 1
| #define UPNP_HAVE_DEVICE 1
| #define UPNP_HAVE_WEBSERVER 1
| #define UPNP_HAVE_TOOLS 1
| /* end confdefs.h.  */
| #include <ac_nonexistent.h>
configure:5442: checking for ANSI C header files
configure:5462: mipsel-linux-gcc -c -g -O2  conftest.c >&5
configure:5462: $? = 0
configure:5546: result: yes
configure:5559: checking for sys/types.h
configure:5559: mipsel-linux-gcc -c -g -O2  conftest.c >&5
configure:5559: $? = 0
configure:5559: result: yes
configure:5559: checking for sys/stat.h
configure:5559: mipsel-linux-gcc -c -g -O2  conftest.c >&5
configure:5559: $? = 0
configure:5559: result: yes
configure:5559: checking for stdlib.h
configure:5559: mipsel-linux-gcc -c -g -O2  conftest.c >&5
configure:5559: $? = 0
configure:5559: result: yes
configure:5559: checking for string.h
configure:5559: mipsel-linux-gcc -c -g -O2  conftest.c >&5
configure:5559: $? = 0
configure:5559: result: yes
configure:5559: checking for memory.h
configure:5559: mipsel-linux-gcc -c -g -O2  conftest.c >&5
configure:5559: $? = 0
configure:5559: result: yes
configure:5559: checking for strings.h
configure:5559: mipsel-linux-gcc -c -g -O2  conftest.c >&5
configure:5559: $? = 0
configure:5559: result: yes
configure:5559: checking for inttypes.h
configure:5559: mipsel-linux-gcc -c -g -O2  conftest.c >&5
configure:5559: $? = 0
configure:5559: result: yes
configure:5559: checking for stdint.h
configure:5559: mipsel-linux-gcc -c -g -O2  conftest.c >&5
configure:5559: $? = 0
configure:5559: result: yes
configure:5559: checking for unistd.h
configure:5559: mipsel-linux-gcc -c -g -O2  conftest.c >&5
configure:5559: $? = 0
configure:5559: result: yes
configure:5573: checking dlfcn.h usability
configure:5573: mipsel-linux-gcc -c -g -O2  conftest.c >&5
configure:5573: $? = 0
configure:5573: result: yes
configure:5573: checking dlfcn.h presence
configure:5573: mipsel-linux-gcc -E  conftest.c
configure:5573: $? = 0
configure:5573: result: yes
configure:5573: checking for dlfcn.h
configure:5573: result: yes
configure:5597: checking for mipsel-linux-g++
configure:5613: found /opt/buildroot-gcc463/usr/bin/mipsel-linux-g++
configure:5624: result: mipsel-linux-g++
configure:5695: checking for C++ compiler version
configure:5704: mipsel-linux-g++ --version >&5
mipsel-linux-g++ (Buildroot 2012.11.1) 4.6.3
Copyright (C) 2011 Free Software Foundation, Inc.
This is free software; see the source for copying conditions.  There is NO
warranty; not even for MERCHANTABILITY or FITNESS FOR A PARTICULAR PURPOSE.

configure:5715: $? = 0
configure:5704: mipsel-linux-g++ -v >&5
Using built-in specs.
COLLECT_GCC=mipsel-linux-g++
COLLECT_LTO_WRAPPER=/opt/buildroot-gcc463/usr/libexec/gcc/mipsel-buildroot-linux-uclibc/4.6.3/lto-wrapper
Target: mipsel-buildroot-linux-uclibc
Configured with: /home/ralink/buildroot-2012.11.1/output/toolchain/gcc-4.6.3/configure --prefix=/opt/buildroot-gcc463/usr --build=i686-pc-linux-gnu --host=i686-pc-linux-gnu --target=mipsel-buildroot-linux-uclibc --enable-languages=c,c++ --with-sysroot=/opt/buildroot-gcc463/usr/mipsel-buildroot-linux-uclibc/sysroot --with-build-time-tools=/opt/buildroot-gcc463/usr/mipsel-buildroot-linux-uclibc/bin --disable-__cxa_atexit --enable-target-optspace --disable-libgomp --with-gnu-ld --disable-libssp --disable-multilib --disable-tls --disable-shared --with-gmp=/opt/buildroot-gcc463/usr --with-mpfr=/opt/buildroot-gcc463/usr --with-mpc=/opt/buildroot-gcc463/usr --disable-nls --enable-threads --disable-decimal-float --with-float=soft --with-abi=32 --with-tune=mips32r2 --with-pkgversion='Buildroot 2012.11.1' --with-bugurl=http://bugs.buildroot.net/
Thread model: posix
gcc version 4.6.3 (Buildroot 2012.11.1) 
configure:5715: $? = 0
configure:5704: mipsel-linux-g++ -V >&5
mipsel-linux-g++: error: unrecognized option '-V'
mipsel-linux-g++: fatal error: no input files
compilation terminated.
configure:5715: $? = 1
configure:5704: mipsel-linux-g++ -qversion >&5
mipsel-linux-g++: error: unrecognized option '-qversion'
mipsel-linux-g++: fatal error: no input files
compilation terminated.
configure:5715: $? = 1
configure:5719: checking whether we are using the GNU C++ compiler
configure:5738: mipsel-linux-g++ -c   conftest.cpp >&5
configure:5738: $? = 0
configure:5747: result: yes
configure:5756: checking whether mipsel-linux-g++ accepts -g
configure:5776: mipsel-linux-g++ -c -g  conftest.cpp >&5
configure:5776: $? = 0
configure:5817: result: yes
configure:5842: checking dependency style of mipsel-linux-g++
configure:5932: result: gcc3
configure:5959: checking how to run the C++ preprocessor
configure:5986: mipsel-linux-g++ -E  conftest.cpp
configure:5986: $? = 0
configure:6000: mipsel-linux-g++ -E  conftest.cpp
conftest.cpp:32:28: fatal error: ac_nonexistent.h: No such file or directory
compilation terminated.
configure:6000: $? = 1
configure: failed program was:
| /* confdefs.h */
| #define PACKAGE_NAME "libupnp"
| #define PACKAGE_TARNAME "libupnp"
| #define PACKAGE_VERSION "1.3.1"
| #define PACKAGE_STRING "libupnp 1.3.1"
| #define PACKAGE_BUGREPORT "r3mi@users.sourceforge.net"
| #define PACKAGE_URL ""
| #define PACKAGE "libupnp"
| #define VERSION "1.3.1"
| #define UPNP_VERSION_STRING "1.3.1"
| #define UPNP_VERSION_MAJOR 1
| #define UPNP_VERSION_MINOR 3
| #define UPNP_VERSION_PATCH 1
| #define NO_DEBUG 1
| #define NDEBUG 1
| #define UPNP_HAVE_CLIENT 1
| #define UPNP_HAVE_DEVICE 1
| #define UPNP_HAVE_WEBSERVER 1
| #define UPNP_HAVE_TOOLS 1
| #define STDC_HEADERS 1
| #define HAVE_SYS_TYPES_H 1
| #define HAVE_SYS_STAT_H 1
| #define HAVE_STDLIB_H 1
| #define HAVE_STRING_H 1
| #define HAVE_MEMORY_H 1
| #define HAVE_STRINGS_H 1
| #define HAVE_INTTYPES_H 1
| #define HAVE_STDINT_H 1
| #define HAVE_UNISTD_H 1
| #define HAVE_DLFCN_H 1
| /* end confdefs.h.  */
| #include <ac_nonexistent.h>
configure:6025: result: mipsel-linux-g++ -E
configure:6045: mipsel-linux-g++ -E  conftest.cpp
configure:6045: $? = 0
configure:6059: mipsel-linux-g++ -E  conftest.cpp
conftest.cpp:32:28: fatal error: ac_nonexistent.h: No such file or directory
compilation terminated.
configure:6059: $? = 1
configure: failed program was:
| /* confdefs.h */
| #define PACKAGE_NAME "libupnp"
| #define PACKAGE_TARNAME "libupnp"
| #define PACKAGE_VERSION "1.3.1"
| #define PACKAGE_STRING "libupnp 1.3.1"
| #define PACKAGE_BUGREPORT "r3mi@users.sourceforge.net"
| #define PACKAGE_URL ""
| #define PACKAGE "libupnp"
| #define VERSION "1.3.1"
| #define UPNP_VERSION_STRING "1.3.1"
| #define UPNP_VERSION_MAJOR 1
| #define UPNP_VERSION_MINOR 3
| #define UPNP_VERSION_PATCH 1
| #define NO_DEBUG 1
| #define NDEBUG 1
| #define UPNP_HAVE_CLIENT 1
| #define UPNP_HAVE_DEVICE 1
| #define UPNP_HAVE_WEBSERVER 1
| #define UPNP_HAVE_TOOLS 1
| #define STDC_HEADERS 1
| #define HAVE_SYS_TYPES_H 1
| #define HAVE_SYS_STAT_H 1
| #define HAVE_STDLIB_H 1
| #define HAVE_STRING_H 1
| #define HAVE_MEMORY_H 1
| #define HAVE_STRINGS_H 1
| #define HAVE_INTTYPES_H 1
| #define HAVE_STDINT_H 1
| #define HAVE_UNISTD_H 1
| #define HAVE_DLFCN_H 1
| /* end confdefs.h.  */
| #include <ac_nonexistent.h>
configure:6099: checking for mipsel-linux-g77
configure:6129: result: no
configure:6099: checking for mipsel-linux-xlf
configure:6129: result: no
configure:6099: checking for mipsel-linux-f77
configure:6129: result: no
configure:6099: checking for mipsel-linux-frt
configure:6129: result: no
configure:6099: checking for mipsel-linux-pgf77
configure:6129: result: no
configure:6099: checking for mipsel-linux-cf77
configure:6129: result: no
configure:6099: checking for mipsel-linux-fort77
configure:6129: result: no
configure:6099: checking for mipsel-linux-fl32
configure:6129: result: no
configure:6099: checking for mipsel-linux-af77
configure:6129: result: no
configure:6099: checking for mipsel-linux-xlf90
configure:6129: result: no
configure:6099: checking for mipsel-linux-f90
configure:6129: result: no
configure:6099: checking for mipsel-linux-pgf90
configure:6129: result: no
configure:6099: checking for mipsel-linux-pghpf
configure:6129: result: no
configure:6099: checking for mipsel-linux-epcf90
configure:6129: result: no
configure:6099: checking for mipsel-linux-gfortran
configure:6129: result: no
configure:6099: checking for mipsel-linux-g95
configure:6129: result: no
configure:6099: checking for mipsel-linux-xlf95
configure:6129: result: no
configure:6099: checking for mipsel-linux-f95
configure:6129: result: no
configure:6099: checking for mipsel-linux-fort
configure:6129: result: no
configure:6099: checking for mipsel-linux-ifort
configure:6129: result: no
configure:6099: checking for mipsel-linux-ifc
configure:6129: result: no
configure:6099: checking for mipsel-linux-efc
configure:6129: result: no
configure:6099: checking for mipsel-linux-pgfortran
configure:6129: result: no
configure:6099: checking for mipsel-linux-pgf95
configure:6129: result: no
configure:6099: checking for mipsel-linux-lf95
configure:6129: result: no
configure:6099: checking for mipsel-linux-ftn
configure:6129: result: no
configure:6143: checking for g77
configure:6173: result: no
configure:6143: checking for xlf
configure:6173: result: no
configure:6143: checking for f77
configure:6173: result: no
configure:6143: checking for frt
configure:6173: result: no
configure:6143: checking for pgf77
configure:6173: result: no
configure:6143: checking for cf77
configure:6173: result: no
configure:6143: checking for fort77
configure:6173: result: no
configure:6143: checking for fl32
configure:6173: result: no
configure:6143: checking for af77
configure:6173: result: no
configure:6143: checking for xlf90
configure:6173: result: no
configure:6143: checking for f90
configure:6173: result: no
configure:6143: checking for pgf90
configure:6173: result: no
configure:6143: checking for pghpf
configure:6173: result: no
configure:6143: checking for epcf90
configure:6173: result: no
configure:6143: checking for gfortran
configure:6173: result: no
configure:6143: checking for g95
configure:6173: result: no
configure:6143: checking for xlf95
configure:6173: result: no
configure:6143: checking for f95
configure:6173: result: no
configure:6143: checking for fort
configure:6173: result: no
configure:6143: checking for ifort
configure:6173: result: no
configure:6143: checking for ifc
configure:6173: result: no
configure:6143: checking for efc
configure:6173: result: no
configure:6143: checking for pgfortran
configure:6173: result: no
configure:6143: checking for pgf95
configure:6173: result: no
configure:6143: checking for lf95
configure:6173: result: no
configure:6143: checking for ftn
configure:6173: result: no
configure:6196: checking for Fortran 77 compiler version
configure:6205:  --version >&5
./configure: line 6207: --version: command not found
configure:6216: $? = 127
configure:6205:  -v >&5
./configure: line 6207: -v: command not found
configure:6216: $? = 127
configure:6205:  -V >&5
./configure: line 6207: -V: command not found
configure:6216: $? = 127
configure:6205:  -qversion >&5
./configure: line 6207: -qversion: command not found
configure:6216: $? = 127
configure:6225: checking whether we are using the GNU Fortran 77 compiler
configure:6238:  -c  conftest.F >&5
./configure: line 2140: -c: command not found
configure:6238: $? = 127
configure: failed program was:
|       program main
| #ifndef __GNUC__
|        choke me
| #endif
| 
|       end
configure:6247: result: no
configure:6253: checking whether  accepts -g
configure:6264:  -c -g conftest.f >&5
./configure: line 2140: -c: command not found
configure:6264: $? = 127
configure: failed program was:
|       program main
| 
|       end
configure:6272: result: no
configure:6306: checking the maximum length of command line arguments
configure:6415: result: 32768
configure:6426: checking command to parse /opt/buildroot-gcc463/usr/bin/mipsel-linux-nm -B output from mipsel-linux-gcc object
configure:6531: mipsel-linux-gcc -c -g -O2  conftest.c >&5
configure:6534: $? = 0
configure:6538: /opt/buildroot-gcc463/usr/bin/mipsel-linux-nm -B conftest.o \| sed -n -e 's/^.*[ 	]\([ABCDGIRSTW][ABCDGIRSTW]*\)[ 	][ 	]*\([_A-Za-z][_A-Za-z0-9]*\)$/\1 \2 \2/p' \> conftest.nm
configure:6541: $? = 0
configure:6593: mipsel-linux-gcc -o conftest -g -O2   conftest.c conftstm.o >&5
configure:6596: $? = 0
configure:6634: result: ok
configure:6638: checking for objdir
configure:6653: result: .libs
configure:6705: checking for mipsel-linux-ar
configure:6732: result: mipsel-linux-ar
configure:6797: checking for mipsel-linux-ranlib
configure:6824: result: mipsel-linux-ranlib
configure:6889: checking for mipsel-linux-strip
configure:6916: result: mipsel-linux-strip
configure:7238: checking if mipsel-linux-gcc supports -fno-rtti -fno-exceptions
configure:7256: mipsel-linux-gcc -c -g -O2  -fno-rtti -fno-exceptions conftest.c >&5
cc1: warning: command line option '-fno-rtti' is valid for C++/ObjC++ but not for C [enabled by default]
configure:7260: $? = 0
configure:7273: result: no
configure:7288: checking for mipsel-linux-gcc option to produce PIC
configure:7498: result: -fPIC
configure:7506: checking if mipsel-linux-gcc PIC flag -fPIC works
configure:7524: mipsel-linux-gcc -c -g -O2  -fPIC -DPIC conftest.c >&5
configure:7528: $? = 0
configure:7541: result: yes
configure:7569: checking if mipsel-linux-gcc static flag -static works
configure:7597: result: yes
configure:7607: checking if mipsel-linux-gcc supports -c -o file.o
configure:7628: mipsel-linux-gcc -c -g -O2  -o out/conftest2.o conftest.c >&5
configure:7632: $? = 0
configure:7654: result: yes
configure:7680: checking whether the mipsel-linux-gcc linker (mipsel-linux-ld) supports shared libraries
configure:8580: result: yes
configure:8601: checking whether -lc should be explicitly linked in
configure:8606: mipsel-linux-gcc -c -g -O2  conftest.c >&5
configure:8609: $? = 0
configure:8624: mipsel-linux-gcc -shared conftest.o  -v -Wl,-soname -Wl,conftest -o conftest 2\>\&1 \| grep  -lc  \>/dev/null 2\>\&1
configure:8627: $? = 0
configure:8639: result: no
configure:8647: checking dynamic linker characteristics
configure:9256: result: GNU/Linux ld.so
configure:9265: checking how to hardcode library paths into programs
configure:9290: result: immediate
configure:9304: checking whether stripping libraries is possible
configure:9309: result: yes
configure:9825: checking if libtool supports shared libraries
configure:9827: result: yes
configure:9830: checking whether to build shared libraries
configure:9851: result: yes
configure:9854: checking whether to build static libraries
configure:9858: result: yes
configure:9950: creating libtool
configure:10537: checking for ld used by mipsel-linux-g++
configure:10604: result: mipsel-linux-ld
configure:10611: checking if the linker (mipsel-linux-ld) is GNU ld
configure:10626: result: yes
configure:10677: checking whether the mipsel-linux-g++ linker (mipsel-linux-ld) supports shared libraries
configure:11557: result: yes
configure:11575: mipsel-linux-g++ -c -g -O2  conftest.cpp >&5
configure:11578: $? = 0
configure:11697: checking for mipsel-linux-g++ option to produce PIC
configure:11971: result: -fPIC
configure:11979: checking if mipsel-linux-g++ PIC flag -fPIC works
configure:11997: mipsel-linux-g++ -c -g -O2  -fPIC -DPIC conftest.cpp >&5
configure:12001: $? = 0
configure:12014: result: yes
configure:12042: checking if mipsel-linux-g++ static flag -static works
configure:12070: result: yes
configure:12080: checking if mipsel-linux-g++ supports -c -o file.o
configure:12101: mipsel-linux-g++ -c -g -O2  -o out/conftest2.o conftest.cpp >&5
configure:12105: $? = 0
configure:12127: result: yes
configure:12153: checking whether the mipsel-linux-g++ linker (mipsel-linux-ld) supports shared libraries
configure:12178: result: yes
configure:12245: checking dynamic linker characteristics
configure:12854: result: GNU/Linux ld.so
configure:12863: checking how to hardcode library paths into programs
configure:12888: result: immediate
configure:18979: checking whether make sets $(MAKE)
configure:19001: result: yes
configure:19020: checking CFLAGS for gcc -Os
configure:19047: mipsel-linux-gcc -c -g -O2 -pedantic  -Os  conftest.c >&5
configure:19047: $? = 0
configure:19061: result: -Os
configure:19073: : CFLAGS="$CFLAGS $ac_cv_cflags_gcc_option__Os"
configure:19076: $? = 0
configure:19084: checking CFLAGS for maximum warnings
configure:19111: mipsel-linux-gcc -c -g -O2 -Os -pedantic  -Wall  conftest.c >&5
configure:19111: $? = 0
configure:19125: result: -Wall
configure:19138: : CFLAGS="$CFLAGS $ac_cv_cflags_warn_all"
configure:19141: $? = 0
configure:19158: checking for special C compiler options needed for large files
configure:19203: result: no
configure:19209: checking for _FILE_OFFSET_BITS value needed for large files
configure:19234: mipsel-linux-gcc -c -g -O2 -Os -Wall  conftest.c >&5
conftest.c:38:3: warning: left shift count >= width of type [enabled by default]
conftest.c:38:3: warning: left shift count >= width of type [enabled by default]
conftest.c:39:10: warning: left shift count >= width of type [enabled by default]
conftest.c:39:10: warning: left shift count >= width of type [enabled by default]
conftest.c:38:7: error: size of array 'off_t_is_large' is negative
conftest.c:40:9: warning: variably modified 'off_t_is_large' at file scope [enabled by default]
configure:19234: $? = 1
configure: failed program was:
| /* confdefs.h */
| #define PACKAGE_NAME "libupnp"
| #define PACKAGE_TARNAME "libupnp"
| #define PACKAGE_VERSION "1.3.1"
| #define PACKAGE_STRING "libupnp 1.3.1"
| #define PACKAGE_BUGREPORT "r3mi@users.sourceforge.net"
| #define PACKAGE_URL ""
| #define PACKAGE "libupnp"
| #define VERSION "1.3.1"
| #define UPNP_VERSION_STRING "1.3.1"
| #define UPNP_VERSION_MAJOR 1
| #define UPNP_VERSION_MINOR 3
| #define UPNP_VERSION_PATCH 1
| #define NO_DEBUG 1
| #define NDEBUG 1
| #define UPNP_HAVE_CLIENT 1
| #define UPNP_HAVE_DEVICE 1
| #define UPNP_HAVE_WEBSERVER 1
| #define UPNP_HAVE_TOOLS 1
| #define STDC_HEADERS 1
| #define HAVE_SYS_TYPES_H 1
| #define HAVE_SYS_STAT_H 1
| #define HAVE_STDLIB_H 1
| #define HAVE_STRING_H 1
| #define HAVE_MEMORY_H 1
| #define HAVE_STRINGS_H 1
| #define HAVE_INTTYPES_H 1
| #define HAVE_STDINT_H 1
| #define HAVE_UNISTD_H 1
| #define HAVE_DLFCN_H 1
| /* end confdefs.h.  */
| #include <sys/types.h>
|  /* Check that off_t can represent 2**63 - 1 correctly.
|     We can't simply define LARGE_OFF_T to be 9223372036854775807,
|     since some C++ compilers masquerading as C compilers
|     incorrectly reject 9223372036854775807.  */
| #define LARGE_OFF_T (((off_t) 1 << 62) - 1 + ((off_t) 1 << 62))
|   int off_t_is_large[(LARGE_OFF_T % 2147483629 == 721
| 		       && LARGE_OFF_T % 2147483647 == 1)
| 		      ? 1 : -1];
| int
| main ()
| {
| 
|   ;
|   return 0;
| }
configure:19258: mipsel-linux-gcc -c -g -O2 -Os -Wall  conftest.c >&5
configure:19258: $? = 0
configure:19266: result: 64
configure:19354: checking for ANSI C header files
configure:19458: result: yes
configure:19471: checking arpa/inet.h usability
configure:19471: mipsel-linux-gcc -c -g -O2 -Os -Wall  conftest.c >&5
configure:19471: $? = 0
configure:19471: result: yes
configure:19471: checking arpa/inet.h presence
configure:19471: mipsel-linux-gcc -E  conftest.c
configure:19471: $? = 0
configure:19471: result: yes
configure:19471: checking for arpa/inet.h
configure:19471: result: yes
configure:19471: checking fcntl.h usability
configure:19471: mipsel-linux-gcc -c -g -O2 -Os -Wall  conftest.c >&5
configure:19471: $? = 0
configure:19471: result: yes
configure:19471: checking fcntl.h presence
configure:19471: mipsel-linux-gcc -E  conftest.c
configure:19471: $? = 0
configure:19471: result: yes
configure:19471: checking for fcntl.h
configure:19471: result: yes
configure:19471: checking limits.h usability
configure:19471: mipsel-linux-gcc -c -g -O2 -Os -Wall  conftest.c >&5
configure:19471: $? = 0
configure:19471: result: yes
configure:19471: checking limits.h presence
configure:19471: mipsel-linux-gcc -E  conftest.c
configure:19471: $? = 0
configure:19471: result: yes
configure:19471: checking for limits.h
configure:19471: result: yes
configure:19471: checking malloc.h usability
configure:19471: mipsel-linux-gcc -c -g -O2 -Os -Wall  conftest.c >&5
configure:19471: $? = 0
configure:19471: result: yes
configure:19471: checking malloc.h presence
configure:19471: mipsel-linux-gcc -E  conftest.c
configure:19471: $? = 0
configure:19471: result: yes
configure:19471: checking for malloc.h
configure:19471: result: yes
configure:19471: checking netdb.h usability
configure:19471: mipsel-linux-gcc -c -g -O2 -Os -Wall  conftest.c >&5
configure:19471: $? = 0
configure:19471: result: yes
configure:19471: checking netdb.h presence
configure:19471: mipsel-linux-gcc -E  conftest.c
configure:19471: $? = 0
configure:19471: result: yes
configure:19471: checking for netdb.h
configure:19471: result: yes
configure:19471: checking netinet/in.h usability
configure:19471: mipsel-linux-gcc -c -g -O2 -Os -Wall  conftest.c >&5
configure:19471: $? = 0
configure:19471: result: yes
configure:19471: checking netinet/in.h presence
configure:19471: mipsel-linux-gcc -E  conftest.c
configure:19471: $? = 0
configure:19471: result: yes
configure:19471: checking for netinet/in.h
configure:19471: result: yes
configure:19471: checking for stdlib.h
configure:19471: result: yes
configure:19471: checking for string.h
configure:19471: result: yes
configure:19471: checking sys/ioctl.h usability
configure:19471: mipsel-linux-gcc -c -g -O2 -Os -Wall  conftest.c >&5
configure:19471: $? = 0
configure:19471: result: yes
configure:19471: checking sys/ioctl.h presence
configure:19471: mipsel-linux-gcc -E  conftest.c
configure:19471: $? = 0
configure:19471: result: yes
configure:19471: checking for sys/ioctl.h
configure:19471: result: yes
configure:19471: checking sys/socket.h usability
configure:19471: mipsel-linux-gcc -c -g -O2 -Os -Wall  conftest.c >&5
configure:19471: $? = 0
configure:19471: result: yes
configure:19471: checking sys/socket.h presence
configure:19471: mipsel-linux-gcc -E  conftest.c
configure:19471: $? = 0
configure:19471: result: yes
configure:19471: checking for sys/socket.h
configure:19471: result: yes
configure:19471: checking sys/time.h usability
configure:19471: mipsel-linux-gcc -c -g -O2 -Os -Wall  conftest.c >&5
configure:19471: $? = 0
configure:19471: result: yes
configure:19471: checking sys/time.h presence
configure:19471: mipsel-linux-gcc -E  conftest.c
configure:19471: $? = 0
configure:19471: result: yes
configure:19471: checking for sys/time.h
configure:19471: result: yes
configure:19471: checking sys/timeb.h usability
configure:19471: mipsel-linux-gcc -c -g -O2 -Os -Wall  conftest.c >&5
configure:19471: $? = 0
configure:19471: result: yes
configure:19471: checking sys/timeb.h presence
configure:19471: mipsel-linux-gcc -E  conftest.c
configure:19471: $? = 0
configure:19471: result: yes
configure:19471: checking for sys/timeb.h
configure:19471: result: yes
configure:19471: checking syslog.h usability
configure:19471: mipsel-linux-gcc -c -g -O2 -Os -Wall  conftest.c >&5
configure:19471: $? = 0
configure:19471: result: yes
configure:19471: checking syslog.h presence
configure:19471: mipsel-linux-gcc -E  conftest.c
configure:19471: $? = 0
configure:19471: result: yes
configure:19471: checking for syslog.h
configure:19471: result: yes
configure:19471: checking for unistd.h
configure:19471: result: yes
configure:19488: checking for an ANSI C-conforming const
configure:19553: mipsel-linux-gcc -c -g -O2 -Os -Wall  conftest.c >&5
conftest.c: In function 'main':
conftest.c:77:10: warning: 't' is used uninitialized in this function [-Wuninitialized]
configure:19553: $? = 0
configure:19560: result: yes
configure:19568: checking for size_t
configure:19568: mipsel-linux-gcc -c -g -O2 -Os -Wall  conftest.c >&5
configure:19568: $? = 0
configure:19568: mipsel-linux-gcc -c -g -O2 -Os -Wall  conftest.c >&5
conftest.c: In function 'main':
conftest.c:84:21: error: expected expression before ')' token
configure:19568: $? = 1
configure: failed program was:
| /* confdefs.h */
| #define PACKAGE_NAME "libupnp"
| #define PACKAGE_TARNAME "libupnp"
| #define PACKAGE_VERSION "1.3.1"
| #define PACKAGE_STRING "libupnp 1.3.1"
| #define PACKAGE_BUGREPORT "r3mi@users.sourceforge.net"
| #define PACKAGE_URL ""
| #define PACKAGE "libupnp"
| #define VERSION "1.3.1"
| #define UPNP_VERSION_STRING "1.3.1"
| #define UPNP_VERSION_MAJOR 1
| #define UPNP_VERSION_MINOR 3
| #define UPNP_VERSION_PATCH 1
| #define NO_DEBUG 1
| #define NDEBUG 1
| #define UPNP_HAVE_CLIENT 1
| #define UPNP_HAVE_DEVICE 1
| #define UPNP_HAVE_WEBSERVER 1
| #define UPNP_HAVE_TOOLS 1
| #define STDC_HEADERS 1
| #define HAVE_SYS_TYPES_H 1
| #define HAVE_SYS_STAT_H 1
| #define HAVE_STDLIB_H 1
| #define HAVE_STRING_H 1
| #define HAVE_MEMORY_H 1
| #define HAVE_STRINGS_H 1
| #define HAVE_INTTYPES_H 1
| #define HAVE_STDINT_H 1
| #define HAVE_UNISTD_H 1
| #define HAVE_DLFCN_H 1
| #define _FILE_OFFSET_BITS 64
| #define STDC_HEADERS 1
| #define HAVE_ARPA_INET_H 1
| #define HAVE_FCNTL_H 1
| #define HAVE_LIMITS_H 1
| #define HAVE_MALLOC_H 1
| #define HAVE_NETDB_H 1
| #define HAVE_NETINET_IN_H 1
| #define HAVE_STDLIB_H 1
| #define HAVE_STRING_H 1
| #define HAVE_SYS_IOCTL_H 1
| #define HAVE_SYS_SOCKET_H 1
| #define HAVE_SYS_TIME_H 1
| #define HAVE_SYS_TIMEB_H 1
| #define HAVE_SYSLOG_H 1
| #define HAVE_UNISTD_H 1
| /* end confdefs.h.  */
| #include <stdio.h>
| #ifdef HAVE_SYS_TYPES_H
| # include <sys/types.h>
| #endif
| #ifdef HAVE_SYS_STAT_H
| # include <sys/stat.h>
| #endif
| #ifdef STDC_HEADERS
| # include <stdlib.h>
| # include <stddef.h>
| #else
| # ifdef HAVE_STDLIB_H
| #  include <stdlib.h>
| # endif
| #endif
| #ifdef HAVE_STRING_H
| # if !defined STDC_HEADERS && defined HAVE_MEMORY_H
| #  include <memory.h>
| # endif
| # include <string.h>
| #endif
| #ifdef HAVE_STRINGS_H
| # include <strings.h>
| #endif
| #ifdef HAVE_INTTYPES_H
| # include <inttypes.h>
| #endif
| #ifdef HAVE_STDINT_H
| # include <stdint.h>
| #endif
| #ifdef HAVE_UNISTD_H
| # include <unistd.h>
| #endif
| int
| main ()
| {
| if (sizeof ((size_t)))
| 	    return 0;
|   ;
|   return 0;
| }
configure:19568: result: yes
configure:19579: checking for socklen_t
configure:19597: mipsel-linux-gcc -c -g -O2 -Os -Wall  conftest.c >&5
conftest.c: In function 'main':
conftest.c:53:11: warning: unused variable 'len' [-Wunused-variable]
configure:19597: $? = 0
configure:19605: result: yes
configure:19620: checking for vprintf
configure:19620: mipsel-linux-gcc -o conftest -g -O2 -Os -Wall   conftest.c  >&5
conftest.c:71:6: warning: conflicting types for built-in function 'vprintf' [enabled by default]
configure:19620: $? = 0
configure:19620: result: yes
configure:19626: checking for _doprnt
configure:19626: mipsel-linux-gcc -o conftest -g -O2 -Os -Wall   conftest.c  >&5
/tmp/ccFqfqad.o: In function `main':
/opt/bba/TP_SDK/mtk_ApSoC_5020/source/user/wsc_upnp/libupnp-1.3.1/conftest.c:83: undefined reference to `_doprnt'
/opt/bba/TP_SDK/mtk_ApSoC_5020/source/user/wsc_upnp/libupnp-1.3.1/conftest.c:83: undefined reference to `_doprnt'
collect2: ld returned 1 exit status
configure:19626: $? = 1
configure: failed program was:
| /* confdefs.h */
| #define PACKAGE_NAME "libupnp"
| #define PACKAGE_TARNAME "libupnp"
| #define PACKAGE_VERSION "1.3.1"
| #define PACKAGE_STRING "libupnp 1.3.1"
| #define PACKAGE_BUGREPORT "r3mi@users.sourceforge.net"
| #define PACKAGE_URL ""
| #define PACKAGE "libupnp"
| #define VERSION "1.3.1"
| #define UPNP_VERSION_STRING "1.3.1"
| #define UPNP_VERSION_MAJOR 1
| #define UPNP_VERSION_MINOR 3
| #define UPNP_VERSION_PATCH 1
| #define NO_DEBUG 1
| #define NDEBUG 1
| #define UPNP_HAVE_CLIENT 1
| #define UPNP_HAVE_DEVICE 1
| #define UPNP_HAVE_WEBSERVER 1
| #define UPNP_HAVE_TOOLS 1
| #define STDC_HEADERS 1
| #define HAVE_SYS_TYPES_H 1
| #define HAVE_SYS_STAT_H 1
| #define HAVE_STDLIB_H 1
| #define HAVE_STRING_H 1
| #define HAVE_MEMORY_H 1
| #define HAVE_STRINGS_H 1
| #define HAVE_INTTYPES_H 1
| #define HAVE_STDINT_H 1
| #define HAVE_UNISTD_H 1
| #define HAVE_DLFCN_H 1
| #define _FILE_OFFSET_BITS 64
| #define STDC_HEADERS 1
| #define HAVE_ARPA_INET_H 1
| #define HAVE_FCNTL_H 1
| #define HAVE_LIMITS_H 1
| #define HAVE_MALLOC_H 1
| #define HAVE_NETDB_H 1
| #define HAVE_NETINET_IN_H 1
| #define HAVE_STDLIB_H 1
| #define HAVE_STRING_H 1
| #define HAVE_SYS_IOCTL_H 1
| #define HAVE_SYS_SOCKET_H 1
| #define HAVE_SYS_TIME_H 1
| #define HAVE_SYS_TIMEB_H 1
| #define HAVE_SYSLOG_H 1
| #define HAVE_UNISTD_H 1
| #define HAVE_VPRINTF 1
| /* end confdefs.h.  */
| /* Define _doprnt to an innocuous variant, in case <limits.h> declares _doprnt.
|    For example, HP-UX 11i <limits.h> declares gettimeofday.  */
| #define _doprnt innocuous__doprnt
| 
| /* System header to define __stub macros and hopefully few prototypes,
|     which can conflict with char _doprnt (); below.
|     Prefer <limits.h> to <assert.h> if __STDC__ is defined, since
|     <limits.h> exists even on freestanding compilers.  */
| 
| #ifdef __STDC__
| # include <limits.h>
| #else
| # include <assert.h>
| #endif
| 
| #undef _doprnt
| 
| /* Override any GCC internal prototype to avoid an error.
|    Use char because int might match the return type of a GCC
|    builtin and then its argument prototype would still apply.  */
| #ifdef __cplusplus
| extern "C"
| #endif
| char _doprnt ();
| /* The GNU C library defines this for functions which it implements
|     to always fail with ENOSYS.  Some functions are actually named
|     something starting with __ and the normal name is an alias.  */
| #if defined __stub__doprnt || defined __stub____doprnt
| choke me
| #endif
| 
| int
| main ()
| {
| return _doprnt ();
|   ;
|   return 0;
| }
configure:19626: result: no
configure:19637: checking for _LARGEFILE_SOURCE value needed for large files
configure:19656: mipsel-linux-gcc -o conftest -g -O2 -Os -Wall   conftest.c  >&5
configure:19656: $? = 0
configure:19684: result: no
configure:19875: checking for the pthreads library -lpthreads
configure:19908: mipsel-linux-gcc -o conftest -g -O2 -Os -Wall    conftest.c -lpthreads  >&5
conftest.c: In function 'main':
conftest.c:54:27: warning: 'th' is used uninitialized in this function [-Wuninitialized]
/opt/buildroot-gcc463/usr/lib/gcc/mipsel-buildroot-linux-uclibc/4.6.3/../../../../mipsel-buildroot-linux-uclibc/bin/ld: cannot find -lpthreads
collect2: ld returned 1 exit status
configure:19908: $? = 1
configure: failed program was:
| /* confdefs.h */
| #define PACKAGE_NAME "libupnp"
| #define PACKAGE_TARNAME "libupnp"
| #define PACKAGE_VERSION "1.3.1"
| #define PACKAGE_STRING "libupnp 1.3.1"
| #define PACKAGE_BUGREPORT "r3mi@users.sourceforge.net"
| #define PACKAGE_URL ""
| #define PACKAGE "libupnp"
| #define VERSION "1.3.1"
| #define UPNP_VERSION_STRING "1.3.1"
| #define UPNP_VERSION_MAJOR 1
| #define UPNP_VERSION_MINOR 3
| #define UPNP_VERSION_PATCH 1
| #define NO_DEBUG 1
| #define NDEBUG 1
| #define UPNP_HAVE_CLIENT 1
| #define UPNP_HAVE_DEVICE 1
| #define UPNP_HAVE_WEBSERVER 1
| #define UPNP_HAVE_TOOLS 1
| #define STDC_HEADERS 1
| #define HAVE_SYS_TYPES_H 1
| #define HAVE_SYS_STAT_H 1
| #define HAVE_STDLIB_H 1
| #define HAVE_STRING_H 1
| #define HAVE_MEMORY_H 1
| #define HAVE_STRINGS_H 1
| #define HAVE_INTTYPES_H 1
| #define HAVE_STDINT_H 1
| #define HAVE_UNISTD_H 1
| #define HAVE_DLFCN_H 1
| #define _FILE_OFFSET_BITS 64
| #define STDC_HEADERS 1
| #define HAVE_ARPA_INET_H 1
| #define HAVE_FCNTL_H 1
| #define HAVE_LIMITS_H 1
| #define HAVE_MALLOC_H 1
| #define HAVE_NETDB_H 1
| #define HAVE_NETINET_IN_H 1
| #define HAVE_STDLIB_H 1
| #define HAVE_STRING_H 1
| #define HAVE_SYS_IOCTL_H 1
| #define HAVE_SYS_SOCKET_H 1
| #define HAVE_SYS_TIME_H 1
| #define HAVE_SYS_TIMEB_H 1
| #define HAVE_SYSLOG_H 1
| #define HAVE_UNISTD_H 1
| #define HAVE_VPRINTF 1
| #define HAVE_FSEEKO 1
| /* end confdefs.h.  */
| #include <pthread.h>
| int
| main ()
| {
| pthread_t th; pthread_join(th, 0);
|                      pthread_attr_init(0); pthread_cleanup_push(0, 0);
|                      pthread_create(0,0,0,0); pthread_cleanup_pop(0);
|   ;
|   return 0;
| }
configure:19917: result: no
configure:19820: checking whether pthreads work without any flags
configure:19908: mipsel-linux-gcc -o conftest -g -O2 -Os -Wall    conftest.c   >&5
conftest.c: In function 'main':
conftest.c:54:27: warning: 'th' is used uninitialized in this function [-Wuninitialized]
/tmp/cczVHMQl.o: In function `main':
/opt/bba/TP_SDK/mtk_ApSoC_5020/source/user/wsc_upnp/libupnp-1.3.1/conftest.c:54: undefined reference to `pthread_join'
/opt/bba/TP_SDK/mtk_ApSoC_5020/source/user/wsc_upnp/libupnp-1.3.1/conftest.c:56: undefined reference to `pthread_create'
/opt/bba/TP_SDK/mtk_ApSoC_5020/source/user/wsc_upnp/libupnp-1.3.1/conftest.c:54: undefined reference to `pthread_join'
/opt/bba/TP_SDK/mtk_ApSoC_5020/source/user/wsc_upnp/libupnp-1.3.1/conftest.c:56: undefined reference to `pthread_create'
collect2: ld returned 1 exit status
configure:19908: $? = 1
configure: failed program was:
| /* confdefs.h */
| #define PACKAGE_NAME "libupnp"
| #define PACKAGE_TARNAME "libupnp"
| #define PACKAGE_VERSION "1.3.1"
| #define PACKAGE_STRING "libupnp 1.3.1"
| #define PACKAGE_BUGREPORT "r3mi@users.sourceforge.net"
| #define PACKAGE_URL ""
| #define PACKAGE "libupnp"
| #define VERSION "1.3.1"
| #define UPNP_VERSION_STRING "1.3.1"
| #define UPNP_VERSION_MAJOR 1
| #define UPNP_VERSION_MINOR 3
| #define UPNP_VERSION_PATCH 1
| #define NO_DEBUG 1
| #define NDEBUG 1
| #define UPNP_HAVE_CLIENT 1
| #define UPNP_HAVE_DEVICE 1
| #define UPNP_HAVE_WEBSERVER 1
| #define UPNP_HAVE_TOOLS 1
| #define STDC_HEADERS 1
| #define HAVE_SYS_TYPES_H 1
| #define HAVE_SYS_STAT_H 1
| #define HAVE_STDLIB_H 1
| #define HAVE_STRING_H 1
| #define HAVE_MEMORY_H 1
| #define HAVE_STRINGS_H 1
| #define HAVE_INTTYPES_H 1
| #define HAVE_STDINT_H 1
| #define HAVE_UNISTD_H 1
| #define HAVE_DLFCN_H 1
| #define _FILE_OFFSET_BITS 64
| #define STDC_HEADERS 1
| #define HAVE_ARPA_INET_H 1
| #define HAVE_FCNTL_H 1
| #define HAVE_LIMITS_H 1
| #define HAVE_MALLOC_H 1
| #define HAVE_NETDB_H 1
| #define HAVE_NETINET_IN_H 1
| #define HAVE_STDLIB_H 1
| #define HAVE_STRING_H 1
| #define HAVE_SYS_IOCTL_H 1
| #define HAVE_SYS_SOCKET_H 1
| #define HAVE_SYS_TIME_H 1
| #define HAVE_SYS_TIMEB_H 1
| #define HAVE_SYSLOG_H 1
| #define HAVE_UNISTD_H 1
| #define HAVE_VPRINTF 1
| #define HAVE_FSEEKO 1
| /* end confdefs.h.  */
| #include <pthread.h>
| int
| main ()
| {
| pthread_t th; pthread_join(th, 0);
|                      pthread_attr_init(0); pthread_cleanup_push(0, 0);
|                      pthread_create(0,0,0,0); pthread_cleanup_pop(0);
|   ;
|   return 0;
| }
configure:19917: result: no
configure:19825: checking whether pthreads work with -Kthread
configure:19908: mipsel-linux-gcc -o conftest -g -O2 -Os -Wall -Kthread   conftest.c   >&5
mipsel-linux-gcc: error: unrecognized option '-Kthread'
configure:19908: $? = 1
configure: failed program was:
| /* confdefs.h */
| #define PACKAGE_NAME "libupnp"
| #define PACKAGE_TARNAME "libupnp"
| #define PACKAGE_VERSION "1.3.1"
| #define PACKAGE_STRING "libupnp 1.3.1"
| #define PACKAGE_BUGREPORT "r3mi@users.sourceforge.net"
| #define PACKAGE_URL ""
| #define PACKAGE "libupnp"
| #define VERSION "1.3.1"
| #define UPNP_VERSION_STRING "1.3.1"
| #define UPNP_VERSION_MAJOR 1
| #define UPNP_VERSION_MINOR 3
| #define UPNP_VERSION_PATCH 1
| #define NO_DEBUG 1
| #define NDEBUG 1
| #define UPNP_HAVE_CLIENT 1
| #define UPNP_HAVE_DEVICE 1
| #define UPNP_HAVE_WEBSERVER 1
| #define UPNP_HAVE_TOOLS 1
| #define STDC_HEADERS 1
| #define HAVE_SYS_TYPES_H 1
| #define HAVE_SYS_STAT_H 1
| #define HAVE_STDLIB_H 1
| #define HAVE_STRING_H 1
| #define HAVE_MEMORY_H 1
| #define HAVE_STRINGS_H 1
| #define HAVE_INTTYPES_H 1
| #define HAVE_STDINT_H 1
| #define HAVE_UNISTD_H 1
| #define HAVE_DLFCN_H 1
| #define _FILE_OFFSET_BITS 64
| #define STDC_HEADERS 1
| #define HAVE_ARPA_INET_H 1
| #define HAVE_FCNTL_H 1
| #define HAVE_LIMITS_H 1
| #define HAVE_MALLOC_H 1
| #define HAVE_NETDB_H 1
| #define HAVE_NETINET_IN_H 1
| #define HAVE_STDLIB_H 1
| #define HAVE_STRING_H 1
| #define HAVE_SYS_IOCTL_H 1
| #define HAVE_SYS_SOCKET_H 1
| #define HAVE_SYS_TIME_H 1
| #define HAVE_SYS_TIMEB_H 1
| #define HAVE_SYSLOG_H 1
| #define HAVE_UNISTD_H 1
| #define HAVE_VPRINTF 1
| #define HAVE_FSEEKO 1
| /* end confdefs.h.  */
| #include <pthread.h>
| int
| main ()
| {
| pthread_t th; pthread_join(th, 0);
|                      pthread_attr_init(0); pthread_cleanup_push(0, 0);
|                      pthread_create(0,0,0,0); pthread_cleanup_pop(0);
|   ;
|   return 0;
| }
configure:19917: result: no
configure:19825: checking whether pthreads work with -kthread
configure:19908: mipsel-linux-gcc -o conftest -g -O2 -Os -Wall -kthread   conftest.c   >&5
mipsel-linux-gcc: error: unrecognized option '-kthread'
configure:19908: $? = 1
configure: failed program was:
| /* confdefs.h */
| #define PACKAGE_NAME "libupnp"
| #define PACKAGE_TARNAME "libupnp"
| #define PACKAGE_VERSION "1.3.1"
| #define PACKAGE_STRING "libupnp 1.3.1"
| #define PACKAGE_BUGREPORT "r3mi@users.sourceforge.net"
| #define PACKAGE_URL ""
| #define PACKAGE "libupnp"
| #define VERSION "1.3.1"
| #define UPNP_VERSION_STRING "1.3.1"
| #define UPNP_VERSION_MAJOR 1
| #define UPNP_VERSION_MINOR 3
| #define UPNP_VERSION_PATCH 1
| #define NO_DEBUG 1
| #define NDEBUG 1
| #define UPNP_HAVE_CLIENT 1
| #define UPNP_HAVE_DEVICE 1
| #define UPNP_HAVE_WEBSERVER 1
| #define UPNP_HAVE_TOOLS 1
| #define STDC_HEADERS 1
| #define HAVE_SYS_TYPES_H 1
| #define HAVE_SYS_STAT_H 1
| #define HAVE_STDLIB_H 1
| #define HAVE_STRING_H 1
| #define HAVE_MEMORY_H 1
| #define HAVE_STRINGS_H 1
| #define HAVE_INTTYPES_H 1
| #define HAVE_STDINT_H 1
| #define HAVE_UNISTD_H 1
| #define HAVE_DLFCN_H 1
| #define _FILE_OFFSET_BITS 64
| #define STDC_HEADERS 1
| #define HAVE_ARPA_INET_H 1
| #define HAVE_FCNTL_H 1
| #define HAVE_LIMITS_H 1
| #define HAVE_MALLOC_H 1
| #define HAVE_NETDB_H 1
| #define HAVE_NETINET_IN_H 1
| #define HAVE_STDLIB_H 1
| #define HAVE_STRING_H 1
| #define HAVE_SYS_IOCTL_H 1
| #define HAVE_SYS_SOCKET_H 1
| #define HAVE_SYS_TIME_H 1
| #define HAVE_SYS_TIMEB_H 1
| #define HAVE_SYSLOG_H 1
| #define HAVE_UNISTD_H 1
| #define HAVE_VPRINTF 1
| #define HAVE_FSEEKO 1
| /* end confdefs.h.  */
| #include <pthread.h>
| int
| main ()
| {
| pthread_t th; pthread_join(th, 0);
|                      pthread_attr_init(0); pthread_cleanup_push(0, 0);
|                      pthread_create(0,0,0,0); pthread_cleanup_pop(0);
|   ;
|   return 0;
| }
configure:19917: result: no
configure:19875: checking for the pthreads library -llthread
configure:19908: mipsel-linux-gcc -o conftest -g -O2 -Os -Wall    conftest.c -llthread  >&5
conftest.c: In function 'main':
conftest.c:54:27: warning: 'th' is used uninitialized in this function [-Wuninitialized]
/opt/buildroot-gcc463/usr/lib/gcc/mipsel-buildroot-linux-uclibc/4.6.3/../../../../mipsel-buildroot-linux-uclibc/bin/ld: cannot find -llthread
collect2: ld returned 1 exit status
configure:19908: $? = 1
configure: failed program was:
| /* confdefs.h */
| #define PACKAGE_NAME "libupnp"
| #define PACKAGE_TARNAME "libupnp"
| #define PACKAGE_VERSION "1.3.1"
| #define PACKAGE_STRING "libupnp 1.3.1"
| #define PACKAGE_BUGREPORT "r3mi@users.sourceforge.net"
| #define PACKAGE_URL ""
| #define PACKAGE "libupnp"
| #define VERSION "1.3.1"
| #define UPNP_VERSION_STRING "1.3.1"
| #define UPNP_VERSION_MAJOR 1
| #define UPNP_VERSION_MINOR 3
| #define UPNP_VERSION_PATCH 1
| #define NO_DEBUG 1
| #define NDEBUG 1
| #define UPNP_HAVE_CLIENT 1
| #define UPNP_HAVE_DEVICE 1
| #define UPNP_HAVE_WEBSERVER 1
| #define UPNP_HAVE_TOOLS 1
| #define STDC_HEADERS 1
| #define HAVE_SYS_TYPES_H 1
| #define HAVE_SYS_STAT_H 1
| #define HAVE_STDLIB_H 1
| #define HAVE_STRING_H 1
| #define HAVE_MEMORY_H 1
| #define HAVE_STRINGS_H 1
| #define HAVE_INTTYPES_H 1
| #define HAVE_STDINT_H 1
| #define HAVE_UNISTD_H 1
| #define HAVE_DLFCN_H 1
| #define _FILE_OFFSET_BITS 64
| #define STDC_HEADERS 1
| #define HAVE_ARPA_INET_H 1
| #define HAVE_FCNTL_H 1
| #define HAVE_LIMITS_H 1
| #define HAVE_MALLOC_H 1
| #define HAVE_NETDB_H 1
| #define HAVE_NETINET_IN_H 1
| #define HAVE_STDLIB_H 1
| #define HAVE_STRING_H 1
| #define HAVE_SYS_IOCTL_H 1
| #define HAVE_SYS_SOCKET_H 1
| #define HAVE_SYS_TIME_H 1
| #define HAVE_SYS_TIMEB_H 1
| #define HAVE_SYSLOG_H 1
| #define HAVE_UNISTD_H 1
| #define HAVE_VPRINTF 1
| #define HAVE_FSEEKO 1
| /* end confdefs.h.  */
| #include <pthread.h>
| int
| main ()
| {
| pthread_t th; pthread_join(th, 0);
|                      pthread_attr_init(0); pthread_cleanup_push(0, 0);
|                      pthread_create(0,0,0,0); pthread_cleanup_pop(0);
|   ;
|   return 0;
| }
configure:19917: result: no
configure:19825: checking whether pthreads work with -pthread
configure:19908: mipsel-linux-gcc -o conftest -g -O2 -Os -Wall -pthread   conftest.c   >&5
conftest.c: In function 'main':
conftest.c:54:27: warning: 'th' is used uninitialized in this function [-Wuninitialized]
configure:19908: $? = 0
configure:19917: result: yes
configure:19936: checking for joinable pthread attribute
configure:19951: mipsel-linux-gcc -o conftest -g -O2 -Os -Wall -pthread   conftest.c   >&5
configure:19951: $? = 0
configure:19957: result: PTHREAD_CREATE_JOINABLE
configure:19967: checking if more special flags are required for pthreads
configure:19974: result: no
configure:19986: checking for cc_r
configure:20014: result: mipsel-linux-gcc
configure:20204: creating ./config.status

## ---------------- ##
## Cache variables. ##
## ---------------- ##

ac_cv_build=x86_64-unknown-linux-gnu
ac_cv_c_compiler_gnu=yes
ac_cv_c_const=yes
ac_cv_cflags_gcc_option__Os=-Os
ac_cv_cflags_warn_all=-Wall
ac_cv_cxx_compiler_gnu=yes
ac_cv_env_CCC_set=
ac_cv_env_CCC_value=
ac_cv_env_CC_set=set
ac_cv_env_CC_value=mipsel-linux-gcc
ac_cv_env_CFLAGS_set=
ac_cv_env_CFLAGS_value=
ac_cv_env_CPPFLAGS_set=
ac_cv_env_CPPFLAGS_value=
ac_cv_env_CPP_set=
ac_cv_env_CPP_value=
ac_cv_env_CXXCPP_set=
ac_cv_env_CXXCPP_value=
ac_cv_env_CXXFLAGS_set=
ac_cv_env_CXXFLAGS_value=
ac_cv_env_CXX_set=
ac_cv_env_CXX_value=
ac_cv_env_F77_set=
ac_cv_env_F77_value=
ac_cv_env_FFLAGS_set=
ac_cv_env_FFLAGS_value=
ac_cv_env_LDFLAGS_set=
ac_cv_env_LDFLAGS_value=
ac_cv_env_LIBS_set=
ac_cv_env_LIBS_value=
ac_cv_env_build_alias_set=
ac_cv_env_build_alias_value=
ac_cv_env_host_alias_set=set
ac_cv_env_host_alias_value=mipsel-linux
ac_cv_env_target_alias_set=
ac_cv_env_target_alias_value=
ac_cv_f77_compiler_gnu=no
ac_cv_func__doprnt=no
ac_cv_func_vprintf=yes
ac_cv_header_arpa_inet_h=yes
ac_cv_header_dlfcn_h=yes
ac_cv_header_fcntl_h=yes
ac_cv_header_inttypes_h=yes
ac_cv_header_limits_h=yes
ac_cv_header_malloc_h=yes
ac_cv_header_memory_h=yes
ac_cv_header_netdb_h=yes
ac_cv_header_netinet_in_h=yes
ac_cv_header_stdc=yes
ac_cv_header_stdint_h=yes
ac_cv_header_stdlib_h=yes
ac_cv_header_string_h=yes
ac_cv_header_strings_h=yes
ac_cv_header_sys_ioctl_h=yes
ac_cv_header_sys_socket_h=yes
ac_cv_header_sys_stat_h=yes
ac_cv_header_sys_time_h=yes
ac_cv_header_sys_timeb_h=yes
ac_cv_header_sys_types_h=yes
ac_cv_header_syslog_h=yes
ac_cv_header_unistd_h=yes
ac_cv_host=mipsel-unknown-linux-gnu
ac_cv_objext=o
ac_cv_path_EGREP='/bin/grep -E'
ac_cv_path_GREP=/bin/grep
ac_cv_path_install='/usr/bin/install -c'
ac_cv_prog_AR=mipsel-linux-ar
ac_cv_prog_AWK=gawk
ac_cv_prog_CC=mipsel-linux-gcc
ac_cv_prog_CPP='mipsel-linux-gcc -E'
ac_cv_prog_CXX=mipsel-linux-g++
ac_cv_prog_CXXCPP='mipsel-linux-g++ -E'
ac_cv_prog_PTHREAD_CC=mipsel-linux-gcc
ac_cv_prog_RANLIB=mipsel-linux-ranlib
ac_cv_prog_STRIP=mipsel-linux-strip
ac_cv_prog_cc_c89=
ac_cv_prog_cc_g=yes
ac_cv_prog_cc_mipsel_linux_gcc_c_o=yes
ac_cv_prog_cxx_g=yes
ac_cv_prog_f77_g=no
ac_cv_prog_make_make_set=yes
ac_cv_sys_file_offset_bits=64
ac_cv_sys_largefile_CC=no
ac_cv_sys_largefile_source=no
ac_cv_type_size_t=yes
ac_cv_type_socklen_t=yes
am_cv_CC_dependencies_compiler_type=gcc3
am_cv_CXX_dependencies_compiler_type=gcc3
lt_cv_deplibs_check_method=pass_all
lt_cv_file_magic_cmd='$MAGIC_CMD'
lt_cv_file_magic_test_file=
lt_cv_ld_reload_flag=-r
lt_cv_objdir=.libs
lt_cv_path_LD=mipsel-linux-ld
lt_cv_path_LDCXX=mipsel-linux-ld
lt_cv_path_NM='/opt/buildroot-gcc463/usr/bin/mipsel-linux-nm -B'
lt_cv_path_SED=/bin/sed
lt_cv_prog_compiler_c_o=yes
lt_cv_prog_compiler_c_o_CXX=yes
lt_cv_prog_compiler_rtti_exceptions=no
lt_cv_prog_gnu_ld=yes
lt_cv_prog_gnu_ldcxx=yes
lt_cv_sys_global_symbol_pipe='sed -n -e '\''s/^.*[ 	]\([ABCDGIRSTW][ABCDGIRSTW]*\)[ 	][ 	]*\([_A-Za-z][_A-Za-z0-9]*\)$/\1 \2 \2/p'\'''
lt_cv_sys_global_symbol_to_c_name_address='sed -n -e '\''s/^: \([^ ]*\) $/  {\"\1\", (lt_ptr) 0},/p'\'' -e '\''s/^[BCDEGRST] \([^ ]*\) \([^ ]*\)$/  {"\2", (lt_ptr) \&\2},/p'\'''
lt_cv_sys_global_symbol_to_cdecl='sed -n -e '\''s/^. .* \(.*\)$/extern int \1;/p'\'''
lt_cv_sys_max_cmd_len=32768
lt_lt_cv_prog_compiler_c_o='"yes"'
lt_lt_cv_prog_compiler_c_o_CXX='"yes"'
lt_lt_cv_sys_global_symbol_pipe='"sed -n -e '\''s/^.*[ 	]\\([ABCDGIRSTW][ABCDGIRSTW]*\\)[ 	][ 	]*\\([_A-Za-z][_A-Za-z0-9]*\\)\$/\\1 \\2 \\2/p'\''"'
lt_lt_cv_sys_global_symbol_to_c_name_address='"sed -n -e '\''s/^: \\([^ ]*\\) \$/  {\\\"\\1\\\", (lt_ptr) 0},/p'\'' -e '\''s/^[BCDEGRST] \\([^ ]*\\) \\([^ ]*\\)\$/  {\"\\2\", (lt_ptr) \\&\\2},/p'\''"'
lt_lt_cv_sys_global_symbol_to_cdecl='"sed -n -e '\''s/^. .* \\(.*\\)\$/extern int \\1;/p'\''"'

## ----------------- ##
## Output variables. ##
## ----------------- ##

ACLOCAL='${SHELL} /opt/bba/TP_SDK/mtk_ApSoC_5020/source/user/wsc_upnp/libupnp-1.3.1/config.aux/missing --run aclocal-1.9'
AMDEPBACKSLASH='\'
AMDEP_FALSE='#'
AMDEP_TRUE=''
AMTAR='${SHELL} /opt/bba/TP_SDK/mtk_ApSoC_5020/source/user/wsc_upnp/libupnp-1.3.1/config.aux/missing --run tar'
AR='mipsel-linux-ar'
AUTOCONF='${SHELL} /opt/bba/TP_SDK/mtk_ApSoC_5020/source/user/wsc_upnp/libupnp-1.3.1/config.aux/missing --run autoconf'
AUTOHEADER='${SHELL} /opt/bba/TP_SDK/mtk_ApSoC_5020/source/user/wsc_upnp/libupnp-1.3.1/config.aux/missing --run autoheader'
AUTOMAKE='${SHELL} /opt/bba/TP_SDK/mtk_ApSoC_5020/source/user/wsc_upnp/libupnp-1.3.1/config.aux/missing --run automake-1.9'
AWK='gawk'
CC='mipsel-linux-gcc'
CCDEPMODE='depmode=gcc3'
CFLAGS='-g -O2 -Os -Wall'
CPP='mipsel-linux-gcc -E'
CPPFLAGS=''
CXX='mipsel-linux-g++'
CXXCPP='mipsel-linux-g++ -E'
CXXDEPMODE='depmode=gcc3'
CXXFLAGS='-g -O2'
CYGPATH_W='echo'
DEFS='-DHAVE_CONFIG_H'
DEPDIR='.deps'
ECHO='echo'
ECHO_C=''
ECHO_N='-n'
ECHO_T=''
EGREP='/bin/grep -E'
ENABLE_CLIENT_FALSE='#'
ENABLE_CLIENT_TRUE=''
ENABLE_DEBUG_FALSE=''
ENABLE_DEBUG_TRUE='#'
ENABLE_DEVICE_FALSE='#'
ENABLE_DEVICE_TRUE=''
ENABLE_TOOLS_FALSE='#'
ENABLE_TOOLS_TRUE=''
ENABLE_WEBSERVER_FALSE='#'
ENABLE_WEBSERVER_TRUE=''
EXEEXT=''
F77=''
FFLAGS=''
GREP='/bin/grep'
INSTALL_DATA='${INSTALL} -m 644'
INSTALL_PROGRAM='${INSTALL}'
INSTALL_SCRIPT='${INSTALL}'
INSTALL_STRIP_PROGRAM='${SHELL} $(install_sh) -c -s'
LDFLAGS=''
LIBOBJS=''
LIBS=''
LIBTOOL='$(SHELL) $(top_builddir)/libtool'
LN_S='ln -s'
LTLIBOBJS=''
LT_VERSION_IXML='2:0:0'
LT_VERSION_THREADUTIL='2:0:0'
LT_VERSION_UPNP='2:1:0'
MAKEINFO='${SHELL} /opt/bba/TP_SDK/mtk_ApSoC_5020/source/user/wsc_upnp/libupnp-1.3.1/config.aux/missing --run makeinfo'
OBJEXT='o'
PACKAGE='libupnp'
PACKAGE_BUGREPORT='r3mi@users.sourceforge.net'
PACKAGE_NAME='libupnp'
PACKAGE_STRING='libupnp 1.3.1'
PACKAGE_TARNAME='libupnp'
PACKAGE_URL=''
PACKAGE_VERSION='1.3.1'
PATH_SEPARATOR=':'
PTHREAD_CC='mipsel-linux-gcc'
PTHREAD_CFLAGS='-pthread'
PTHREAD_LIBS=''
RANLIB='mipsel-linux-ranlib'
SED='/bin/sed'
SET_MAKE=''
SHELL='/bin/sh'
STRIP='mipsel-linux-strip'
VERSION='1.3.1'
ac_ct_CC=''
ac_ct_CXX=''
ac_ct_F77=''
acx_pthread_config=''
am__fastdepCC_FALSE='#'
am__fastdepCC_TRUE=''
am__fastdepCXX_FALSE='#'
am__fastdepCXX_TRUE=''
am__include='include'
am__leading_dot='.'
am__quote=''
am__tar='${AMTAR} chof - "$$tardir"'
am__untar='${AMTAR} xf -'
bindir='${exec_prefix}/bin'
build='x86_64-unknown-linux-gnu'
build_alias=''
build_cpu='x86_64'
build_os='linux-gnu'
build_vendor='unknown'
datadir='${datarootdir}'
datarootdir='${prefix}/share'
docdir='${datarootdir}/doc/${PACKAGE_TARNAME}'
dvidir='${docdir}'
exec_prefix='${prefix}'
host='mipsel-unknown-linux-gnu'
host_alias='mipsel-linux'
host_cpu='mipsel'
host_os='linux-gnu'
host_vendor='unknown'
htmldir='${docdir}'
includedir='${prefix}/include'
infodir='${datarootdir}/info'
install_sh='/opt/bba/TP_SDK/mtk_ApSoC_5020/source/user/wsc_upnp/libupnp-1.3.1/config.aux/install-sh'
libdir='${exec_prefix}/lib'
libexecdir='${exec_prefix}/libexec'
localedir='${datarootdir}/locale'
localstatedir='${prefix}/var'
mandir='${datarootdir}/man'
mkdir_p='mkdir -p --'
oldincludedir='/usr/include'
pdfdir='${docdir}'
prefix='/usr/local'
program_transform_name='s,x,x,'
psdir='${docdir}'
sbindir='${exec_prefix}/sbin'
sharedstatedir='${prefix}/com'
sysconfdir='${prefix}/etc'
target_alias=''

## ----------- ##
## confdefs.h. ##
## ----------- ##

/* confdefs.h */
#define PACKAGE_NAME "libupnp"
#define PACKAGE_TARNAME "libupnp"
#define PACKAGE_VERSION "1.3.1"
#define PACKAGE_STRING "libupnp 1.3.1"
#define PACKAGE_BUGREPORT "r3mi@users.sourceforge.net"
#define PACKAGE_URL ""
#define PACKAGE "libupnp"
#define VERSION "1.3.1"
#define UPNP_VERSION_STRING "1.3.1"
#define UPNP_VERSION_MAJOR 1
#define UPNP_VERSION_MINOR 3
#define UPNP_VERSION_PATCH 1
#define NO_DEBUG 1
#define NDEBUG 1
#define UPNP_HAVE_CLIENT 1
#define UPNP_HAVE_DEVICE 1
#define UPNP_HAVE_WEBSERVER 1
#define UPNP_HAVE_TOOLS 1
#define STDC_HEADERS 1
#define HAVE_SYS_TYPES_H 1
#define HAVE_SYS_STAT_H 1
#define HAVE_STDLIB_H 1
#define HAVE_STRING_H 1
#define HAVE_MEMORY_H 1
#define HAVE_STRINGS_H 1
#define HAVE_INTTYPES_H 1
#define HAVE_STDINT_H 1
#define HAVE_UNISTD_H 1
#define HAVE_DLFCN_H 1
#define _FILE_OFFSET_BITS 64
#define STDC_HEADERS 1
#define HAVE_ARPA_INET_H 1
#define HAVE_FCNTL_H 1
#define HAVE_LIMITS_H 1
#define HAVE_MALLOC_H 1
#define HAVE_NETDB_H 1
#define HAVE_NETINET_IN_H 1
#define HAVE_STDLIB_H 1
#define HAVE_STRING_H 1
#define HAVE_SYS_IOCTL_H 1
#define HAVE_SYS_SOCKET_H 1
#define HAVE_SYS_TIME_H 1
#define HAVE_SYS_TIMEB_H 1
#define HAVE_SYSLOG_H 1
#define HAVE_UNISTD_H 1
#define HAVE_VPRINTF 1
#define HAVE_FSEEKO 1
#define HAVE_PTHREAD 1

configure: exit 0

## ---------------------- ##
## Running config.status. ##
## ---------------------- ##

This file was extended by libupnp config.status 1.3.1, which was
generated by GNU Autoconf 2.68.  Invocation command line was

  CONFIG_FILES    = 
  CONFIG_HEADERS  = 
  CONFIG_LINKS    = 
  CONFIG_COMMANDS = 
  $ ./config.status 

on 5025e0fe137f

config.status:932: creating Makefile
config.status:1035: WARNING:  'Makefile.in' seems to ignore the --datarootdir setting
config.status:932: creating ixml/Makefile
config.status:1035: WARNING:  'ixml/Makefile.in' seems to ignore the --datarootdir setting
config.status:932: creating ixml/doc/Makefile
config.status:1035: WARNING:  'ixml/doc/Makefile.in' seems to ignore the --datarootdir setting
config.status:932: creating threadutil/Makefile
config.status:1035: WARNING:  'threadutil/Makefile.in' seems to ignore the --datarootdir setting
config.status:932: creating upnp/Makefile
config.status:1035: WARNING:  'upnp/Makefile.in' seems to ignore the --datarootdir setting
config.status:932: creating upnp/doc/Makefile
config.status:1035: WARNING:  'upnp/doc/Makefile.in' seems to ignore the --datarootdir setting
config.status:932: creating libupnp.pc
config.status:932: creating autoconfig.h
config.status:932: creating upnp/inc/upnpconfig.h
config.status:1154: executing depfiles commands

## ---------------------- ##
## Running config.status. ##
## ---------------------- ##

This file was extended by libupnp config.status 1.3.1, which was
generated by GNU Autoconf 2.68.  Invocation command line was

  CONFIG_FILES    = 
  CONFIG_HEADERS  = 
  CONFIG_LINKS    = 
  CONFIG_COMMANDS = 
  $ ./config.status autoconfig.h

on 5025e0fe137f

config.status:932: creating autoconfig.h
