# ./configure --enable-dlna --with-libupnp-dir=/work/Trendchip_89741/tpbsp/apps/private/user/clibs/upnp_libs --with-libdlna-dir=/work/Trendchip_89741/tpbsp/apps/public/DLNA_MediaServer/libdlna-0.2.3-fixed/ --cross-prefix=mips-linux-uclibc- --cross-compile --disable-nls --disable-debug
BASH=/bin/sh
BASH_ARGC=([0]="7")
BASH_ARGV=([0]="--disable-debug" [1]="--disable-nls" [2]="--cross-compile" [3]="--cross-prefix=mips-linux-uclibc-" [4]="--with-libdlna-dir=/work/Trendchip_89741/tpbsp/apps/public/DLNA_MediaServer/libdlna-0.2.3-fixed/" [5]="--with-libupnp-dir=/work/Trendchip_89741/tpbsp/apps/private/user/clibs/upnp_libs" [6]="--enable-dlna")
BASH_LINENO=([0]="0")
BASH_SOURCE=([0]="./configure")
BASH_VERSINFO=([0]="3" [1]="1" [2]="17" [3]="1" [4]="release" [5]="i686-redhat-linux-gnu")
BASH_VERSION='3.1.17(1)-release'
CFLAGS='-I/work/Trendchip_89741/tpbsp/apps/public/DLNA_MediaServer/ushare-1.1a -I/work/Trendchip_89741/tpbsp/apps/public/DLNA_MediaServer/ushare-1.1a/src -I/work/Trendchip_89741/tpbsp/apps/public/DLNA_MediaServer/ffmpeg-0.6/libavcodec/ -I/work/Trendchip_89741/tpbsp/apps/public/DLNA_MediaServer/ffmpeg-0.6/libavformat/ -I/work/Trendchip_89741/tpbsp/apps/public/DLNA_MediaServer/ffmpeg-0.6/libavdevice/ -I/work/Trendchip_89741/tpbsp/apps/public/DLNA_MediaServer/ffmpeg-0.6/libavutil/ -I/work/Trendchip_89741/tpbsp/apps/public/DLNA_MediaServer/libdlna-0.2.3-fixed/src -I/work/Trendchip_89741/tpbsp/apps/private/user/clibs/upnp_libs/inc'
CONFIGFILE=config.mak
CONFIG_H=config.h
CVS_RSH=ssh
DIRSTACK=()
DST=/work/Trendchip_89741/jackie_branches/web_server/
EUID=0
GROUPS=()
G_BROKEN_FILENAMES=1
HISTSIZE=1000
HOME=/root
HOSTNAME=localhost.localdomain
HOSTTYPE=i686
IFS=' 	
'
INPUTRC=/etc/inputrc
INSTALL='/usr/bin/install -c'
LANG=en_US.UTF-8
LDFLAGS='-L/work/Trendchip_89741/tpbsp/apps/public/DLNA_MediaServer/libdlna-0.2.3-fixed/src -L/work/Trendchip_89741/tpbsp/apps/private/user/clibs/upnp_libs/libs -L/work/Trendchip_89741/tpbsp/apps/public/DLNA_MediaServer/ffmpeg-0.6/libavcodec/ -L/work/Trendchip_89741/tpbsp/apps/public/DLNA_MediaServer/ffmpeg-0.6/libavformat/ -L/work/Trendchip_89741/tpbsp/apps/public/DLNA_MediaServer/ffmpeg-0.6/libavdevice/ -L/work/Trendchip_89741/tpbsp/apps/public/DLNA_MediaServer/ffmpeg-0.6/libavutil/'
LESSOPEN='|/usr/bin/lesspipe.sh %s'
LOGNAME=root
LS_COLORS='no=00:fi=00:di=00;34:ln=00;36:pi=40;33:so=00;35:bd=40;33;01:cd=40;33;01:or=01;05;37;41:mi=01;05;37;41:ex=00;32:*.cmd=00;32:*.exe=00;32:*.com=00;32:*.btm=00;32:*.bat=00;32:*.sh=00;32:*.csh=00;32:*.tar=00;31:*.tgz=00;31:*.arj=00;31:*.taz=00;31:*.lzh=00;31:*.zip=00;31:*.z=00;31:*.Z=00;31:*.gz=00;31:*.bz2=00;31:*.bz=00;31:*.tz=00;31:*.rpm=00;31:*.cpio=00;31:*.jpg=00;35:*.gif=00;35:*.bmp=00;35:*.xbm=00;35:*.xpm=00;35:*.png=00;35:*.tif=00;35:'
MACHTYPE=i686-redhat-linux-gnu
MAIL=/var/spool/mail/root
MY_KERNEL_SRC=/usr/src/kernels/linux-2.6.22.15/
OPTERR=1
OPTIND=1
OSTYPE=linux-gnu
PATH=/usr/kerberos/sbin:/usr/kerberos/bin:/usr/local/sbin:/usr/local/bin:/sbin:/bin:/usr/sbin:/usr/bin:/usr/bin/:/sbin/:/usr/local/bin:/usr/share/firmware/:/opt/trendchip/mips-linux-uclibc/usr/bin/:/opt/trendchip/mips-linux26/bin/:/root/bin
PIPESTATUS=([0]="0")
POSIXLY_CORRECT=y
PPID=21549
PREFIX=/usr/local
PS4='+ '
PWD=/work/Trendchip_89741/tpbsp/apps/public/DLNA_MediaServer/ushare-1.1a
RANDOM=26372
SHELL=/bin/bash
SHELLOPTS=braceexpand:hashall:interactive-comments:posix
SHLVL=2
SSH_ASKPASS=/usr/libexec/openssh/gnome-ssh-askpass
SSH_CLIENT='192.168.1.111 2232 22'
SSH_CONNECTION='192.168.1.111 2232 192.168.1.100 22'
SSH_TTY=/dev/pts/0
TERM=xterm
TMPC=/tmp/ushare-11312-312-18120.c
TMPDIR1=/tmp
TMPE=/tmp/ushare-27582-312-11706
TMPO=/tmp/ushare-19722-312-3792.o
TMPS=/tmp/ushare-22466-312-26372.S
UID=0
USER=root
VERSION=1.1a
_=--disable-debug
bindir='${PREFIX}/bin'
cc=mips-linux-uclibc-gcc
cpu=x86
cross_compile=yes
cross_prefix=mips-linux-uclibc-
debug=no
dlna=yes
dostrip=yes
extralibs=
installstrip=-s
libdlnadir=/work/Trendchip_89741/tpbsp/apps/public/DLNA_MediaServer/libdlna-0.2.3-fixed/
libupnpdir=/work/Trendchip_89741/tpbsp/apps/private/user/clibs/upnp_libs
localedir='${PREFIX}/share/locale'
logfile=config.log
logging=yes
make=make
nls=no
opt=--disable-debug
optimize=yes
optval=--disable-debug
strip=mips-linux-uclibc-strip
sysconfdir='${PREFIX}/etc'
system_name=Linux
Checking for compiler available...
check_ld
check_cc
BEGIN /tmp/ushare-11312-312-18120.c
     1	int main(){
     2	    return 0;
     3	}
END /tmp/ushare-11312-312-18120.c
mips-linux-uclibc-gcc -I/work/Trendchip_89741/tpbsp/apps/public/DLNA_MediaServer/ushare-1.1a -I/work/Trendchip_89741/tpbsp/apps/public/DLNA_MediaServer/ushare-1.1a/src -I/work/Trendchip_89741/tpbsp/apps/public/DLNA_MediaServer/ffmpeg-0.6/libavcodec/ -I/work/Trendchip_89741/tpbsp/apps/public/DLNA_MediaServer/ffmpeg-0.6/libavformat/ -I/work/Trendchip_89741/tpbsp/apps/public/DLNA_MediaServer/ffmpeg-0.6/libavdevice/ -I/work/Trendchip_89741/tpbsp/apps/public/DLNA_MediaServer/ffmpeg-0.6/libavutil/ -I/work/Trendchip_89741/tpbsp/apps/public/DLNA_MediaServer/libdlna-0.2.3-fixed/src -I/work/Trendchip_89741/tpbsp/apps/private/user/clibs/upnp_libs/inc -c -o /tmp/ushare-19722-312-3792.o /tmp/ushare-11312-312-18120.c
mips-linux-uclibc-gcc -L/work/Trendchip_89741/tpbsp/apps/public/DLNA_MediaServer/libdlna-0.2.3-fixed/src -L/work/Trendchip_89741/tpbsp/apps/private/user/clibs/upnp_libs/libs -L/work/Trendchip_89741/tpbsp/apps/public/DLNA_MediaServer/ffmpeg-0.6/libavcodec/ -L/work/Trendchip_89741/tpbsp/apps/public/DLNA_MediaServer/ffmpeg-0.6/libavformat/ -L/work/Trendchip_89741/tpbsp/apps/public/DLNA_MediaServer/ffmpeg-0.6/libavdevice/ -L/work/Trendchip_89741/tpbsp/apps/public/DLNA_MediaServer/ffmpeg-0.6/libavutil/ -o /tmp/ushare-27582-312-11706 /tmp/ushare-19722-312-3792.o
check_header altivec.h
check_cpp
BEGIN /tmp/ushare-11312-312-18120.c
     1	#include <altivec.h>
     2	int x;
END /tmp/ushare-11312-312-18120.c
mips-linux-uclibc-gcc -I/work/Trendchip_89741/tpbsp/apps/public/DLNA_MediaServer/ushare-1.1a -I/work/Trendchip_89741/tpbsp/apps/public/DLNA_MediaServer/ushare-1.1a/src -I/work/Trendchip_89741/tpbsp/apps/public/DLNA_MediaServer/ffmpeg-0.6/libavcodec/ -I/work/Trendchip_89741/tpbsp/apps/public/DLNA_MediaServer/ffmpeg-0.6/libavformat/ -I/work/Trendchip_89741/tpbsp/apps/public/DLNA_MediaServer/ffmpeg-0.6/libavdevice/ -I/work/Trendchip_89741/tpbsp/apps/public/DLNA_MediaServer/ffmpeg-0.6/libavutil/ -I/work/Trendchip_89741/tpbsp/apps/public/DLNA_MediaServer/libdlna-0.2.3-fixed/src -I/work/Trendchip_89741/tpbsp/apps/private/user/clibs/upnp_libs/inc -E -o /tmp/ushare-19722-312-3792.o /tmp/ushare-11312-312-18120.c
/tmp/ushare-11312-312-18120.c:1:21: error: altivec.h: No such file or directory
check_cc -msse
BEGIN /tmp/ushare-11312-312-18120.c
     1	#include <xmmintrin.h>
     2	int main(void) {
     3	#if __GNUC__ > 3 || (__GNUC__ == 3 && __GNUC_MINOR__ >= 2)
     4	return 0;
     5	#else
     6	#error no vector builtins
     7	#endif
     8	}
END /tmp/ushare-11312-312-18120.c
mips-linux-uclibc-gcc -I/work/Trendchip_89741/tpbsp/apps/public/DLNA_MediaServer/ushare-1.1a -I/work/Trendchip_89741/tpbsp/apps/public/DLNA_MediaServer/ushare-1.1a/src -I/work/Trendchip_89741/tpbsp/apps/public/DLNA_MediaServer/ffmpeg-0.6/libavcodec/ -I/work/Trendchip_89741/tpbsp/apps/public/DLNA_MediaServer/ffmpeg-0.6/libavformat/ -I/work/Trendchip_89741/tpbsp/apps/public/DLNA_MediaServer/ffmpeg-0.6/libavdevice/ -I/work/Trendchip_89741/tpbsp/apps/public/DLNA_MediaServer/ffmpeg-0.6/libavutil/ -I/work/Trendchip_89741/tpbsp/apps/public/DLNA_MediaServer/libdlna-0.2.3-fixed/src -I/work/Trendchip_89741/tpbsp/apps/private/user/clibs/upnp_libs/inc -msse -c -o /tmp/ushare-19722-312-3792.o /tmp/ushare-11312-312-18120.c
cc1: error: unrecognized command line option "-msse"
check_cc -march=athlon
BEGIN /tmp/ushare-11312-312-18120.c
     1	#include <mm3dnow.h>
     2	int main(void) {
     3	__m64 b1;
     4	b1 = _m_pswapd(b1);
     5	_m_femms();
     6	return 0;
     7	}
END /tmp/ushare-11312-312-18120.c
mips-linux-uclibc-gcc -I/work/Trendchip_89741/tpbsp/apps/public/DLNA_MediaServer/ushare-1.1a -I/work/Trendchip_89741/tpbsp/apps/public/DLNA_MediaServer/ushare-1.1a/src -I/work/Trendchip_89741/tpbsp/apps/public/DLNA_MediaServer/ffmpeg-0.6/libavcodec/ -I/work/Trendchip_89741/tpbsp/apps/public/DLNA_MediaServer/ffmpeg-0.6/libavformat/ -I/work/Trendchip_89741/tpbsp/apps/public/DLNA_MediaServer/ffmpeg-0.6/libavdevice/ -I/work/Trendchip_89741/tpbsp/apps/public/DLNA_MediaServer/ffmpeg-0.6/libavutil/ -I/work/Trendchip_89741/tpbsp/apps/public/DLNA_MediaServer/libdlna-0.2.3-fixed/src -I/work/Trendchip_89741/tpbsp/apps/private/user/clibs/upnp_libs/inc -march=athlon -c -o /tmp/ushare-19722-312-3792.o /tmp/ushare-11312-312-18120.c
cc1: error: unrecognized command line option "-march=athlon"
check_cflags -W
check_cc -W
BEGIN /tmp/ushare-11312-312-18120.c
     1	int x;
END /tmp/ushare-11312-312-18120.c
mips-linux-uclibc-gcc -I/work/Trendchip_89741/tpbsp/apps/public/DLNA_MediaServer/ushare-1.1a -I/work/Trendchip_89741/tpbsp/apps/public/DLNA_MediaServer/ushare-1.1a/src -I/work/Trendchip_89741/tpbsp/apps/public/DLNA_MediaServer/ffmpeg-0.6/libavcodec/ -I/work/Trendchip_89741/tpbsp/apps/public/DLNA_MediaServer/ffmpeg-0.6/libavformat/ -I/work/Trendchip_89741/tpbsp/apps/public/DLNA_MediaServer/ffmpeg-0.6/libavdevice/ -I/work/Trendchip_89741/tpbsp/apps/public/DLNA_MediaServer/ffmpeg-0.6/libavutil/ -I/work/Trendchip_89741/tpbsp/apps/public/DLNA_MediaServer/libdlna-0.2.3-fixed/src -I/work/Trendchip_89741/tpbsp/apps/private/user/clibs/upnp_libs/inc -W -c -o /tmp/ushare-19722-312-3792.o /tmp/ushare-11312-312-18120.c
check_cflags -Wall
check_cc -Wall
BEGIN /tmp/ushare-11312-312-18120.c
     1	int x;
END /tmp/ushare-11312-312-18120.c
mips-linux-uclibc-gcc -I/work/Trendchip_89741/tpbsp/apps/public/DLNA_MediaServer/ushare-1.1a -I/work/Trendchip_89741/tpbsp/apps/public/DLNA_MediaServer/ushare-1.1a/src -I/work/Trendchip_89741/tpbsp/apps/public/DLNA_MediaServer/ffmpeg-0.6/libavcodec/ -I/work/Trendchip_89741/tpbsp/apps/public/DLNA_MediaServer/ffmpeg-0.6/libavformat/ -I/work/Trendchip_89741/tpbsp/apps/public/DLNA_MediaServer/ffmpeg-0.6/libavdevice/ -I/work/Trendchip_89741/tpbsp/apps/public/DLNA_MediaServer/ffmpeg-0.6/libavutil/ -I/work/Trendchip_89741/tpbsp/apps/public/DLNA_MediaServer/libdlna-0.2.3-fixed/src -I/work/Trendchip_89741/tpbsp/apps/private/user/clibs/upnp_libs/inc -W -Wall -c -o /tmp/ushare-19722-312-3792.o /tmp/ushare-11312-312-18120.c
check_cflags -D_LARGEFILE_SOURCE
check_cc -D_LARGEFILE_SOURCE
BEGIN /tmp/ushare-11312-312-18120.c
     1	int x;
END /tmp/ushare-11312-312-18120.c
mips-linux-uclibc-gcc -I/work/Trendchip_89741/tpbsp/apps/public/DLNA_MediaServer/ushare-1.1a -I/work/Trendchip_89741/tpbsp/apps/public/DLNA_MediaServer/ushare-1.1a/src -I/work/Trendchip_89741/tpbsp/apps/public/DLNA_MediaServer/ffmpeg-0.6/libavcodec/ -I/work/Trendchip_89741/tpbsp/apps/public/DLNA_MediaServer/ffmpeg-0.6/libavformat/ -I/work/Trendchip_89741/tpbsp/apps/public/DLNA_MediaServer/ffmpeg-0.6/libavdevice/ -I/work/Trendchip_89741/tpbsp/apps/public/DLNA_MediaServer/ffmpeg-0.6/libavutil/ -I/work/Trendchip_89741/tpbsp/apps/public/DLNA_MediaServer/libdlna-0.2.3-fixed/src -I/work/Trendchip_89741/tpbsp/apps/private/user/clibs/upnp_libs/inc -W -Wall -D_LARGEFILE_SOURCE -c -o /tmp/ushare-19722-312-3792.o /tmp/ushare-11312-312-18120.c
check_cflags -D_FILE_OFFSET_BITS=64
check_cc -D_FILE_OFFSET_BITS=64
BEGIN /tmp/ushare-11312-312-18120.c
     1	int x;
END /tmp/ushare-11312-312-18120.c
mips-linux-uclibc-gcc -I/work/Trendchip_89741/tpbsp/apps/public/DLNA_MediaServer/ushare-1.1a -I/work/Trendchip_89741/tpbsp/apps/public/DLNA_MediaServer/ushare-1.1a/src -I/work/Trendchip_89741/tpbsp/apps/public/DLNA_MediaServer/ffmpeg-0.6/libavcodec/ -I/work/Trendchip_89741/tpbsp/apps/public/DLNA_MediaServer/ffmpeg-0.6/libavformat/ -I/work/Trendchip_89741/tpbsp/apps/public/DLNA_MediaServer/ffmpeg-0.6/libavdevice/ -I/work/Trendchip_89741/tpbsp/apps/public/DLNA_MediaServer/ffmpeg-0.6/libavutil/ -I/work/Trendchip_89741/tpbsp/apps/public/DLNA_MediaServer/libdlna-0.2.3-fixed/src -I/work/Trendchip_89741/tpbsp/apps/private/user/clibs/upnp_libs/inc -W -Wall -D_LARGEFILE_SOURCE -D_FILE_OFFSET_BITS=64 -c -o /tmp/ushare-19722-312-3792.o /tmp/ushare-11312-312-18120.c
check_cflags -D_REENTRANT
check_cc -D_REENTRANT
BEGIN /tmp/ushare-11312-312-18120.c
     1	int x;
END /tmp/ushare-11312-312-18120.c
mips-linux-uclibc-gcc -I/work/Trendchip_89741/tpbsp/apps/public/DLNA_MediaServer/ushare-1.1a -I/work/Trendchip_89741/tpbsp/apps/public/DLNA_MediaServer/ushare-1.1a/src -I/work/Trendchip_89741/tpbsp/apps/public/DLNA_MediaServer/ffmpeg-0.6/libavcodec/ -I/work/Trendchip_89741/tpbsp/apps/public/DLNA_MediaServer/ffmpeg-0.6/libavformat/ -I/work/Trendchip_89741/tpbsp/apps/public/DLNA_MediaServer/ffmpeg-0.6/libavdevice/ -I/work/Trendchip_89741/tpbsp/apps/public/DLNA_MediaServer/ffmpeg-0.6/libavutil/ -I/work/Trendchip_89741/tpbsp/apps/public/DLNA_MediaServer/libdlna-0.2.3-fixed/src -I/work/Trendchip_89741/tpbsp/apps/private/user/clibs/upnp_libs/inc -W -Wall -D_LARGEFILE_SOURCE -D_FILE_OFFSET_BITS=64 -D_REENTRANT -c -o /tmp/ushare-19722-312-3792.o /tmp/ushare-11312-312-18120.c
Checking for locales ...
check_header locale.h
check_cpp
BEGIN /tmp/ushare-11312-312-18120.c
     1	#include <locale.h>
     2	int x;
END /tmp/ushare-11312-312-18120.c
mips-linux-uclibc-gcc -I/work/Trendchip_89741/tpbsp/apps/public/DLNA_MediaServer/ushare-1.1a -I/work/Trendchip_89741/tpbsp/apps/public/DLNA_MediaServer/ushare-1.1a/src -I/work/Trendchip_89741/tpbsp/apps/public/DLNA_MediaServer/ffmpeg-0.6/libavcodec/ -I/work/Trendchip_89741/tpbsp/apps/public/DLNA_MediaServer/ffmpeg-0.6/libavformat/ -I/work/Trendchip_89741/tpbsp/apps/public/DLNA_MediaServer/ffmpeg-0.6/libavdevice/ -I/work/Trendchip_89741/tpbsp/apps/public/DLNA_MediaServer/ffmpeg-0.6/libavutil/ -I/work/Trendchip_89741/tpbsp/apps/public/DLNA_MediaServer/libdlna-0.2.3-fixed/src -I/work/Trendchip_89741/tpbsp/apps/private/user/clibs/upnp_libs/inc -W -Wall -D_LARGEFILE_SOURCE -D_FILE_OFFSET_BITS=64 -D_REENTRANT -D_GNU_SOURCE -O3 -E -o /tmp/ushare-19722-312-3792.o /tmp/ushare-11312-312-18120.c
check_lib locale.h setlocale 
check_header locale.h
check_cpp
BEGIN /tmp/ushare-11312-312-18120.c
     1	#include <locale.h>
     2	int x;
END /tmp/ushare-11312-312-18120.c
mips-linux-uclibc-gcc -I/work/Trendchip_89741/tpbsp/apps/public/DLNA_MediaServer/ushare-1.1a -I/work/Trendchip_89741/tpbsp/apps/public/DLNA_MediaServer/ushare-1.1a/src -I/work/Trendchip_89741/tpbsp/apps/public/DLNA_MediaServer/ffmpeg-0.6/libavcodec/ -I/work/Trendchip_89741/tpbsp/apps/public/DLNA_MediaServer/ffmpeg-0.6/libavformat/ -I/work/Trendchip_89741/tpbsp/apps/public/DLNA_MediaServer/ffmpeg-0.6/libavdevice/ -I/work/Trendchip_89741/tpbsp/apps/public/DLNA_MediaServer/ffmpeg-0.6/libavutil/ -I/work/Trendchip_89741/tpbsp/apps/public/DLNA_MediaServer/libdlna-0.2.3-fixed/src -I/work/Trendchip_89741/tpbsp/apps/private/user/clibs/upnp_libs/inc -W -Wall -D_LARGEFILE_SOURCE -D_FILE_OFFSET_BITS=64 -D_REENTRANT -D_GNU_SOURCE -O3 -DHAVE_LOCALE_H -E -o /tmp/ushare-19722-312-3792.o /tmp/ushare-11312-312-18120.c
check_func setlocale
check_ld
check_cc
BEGIN /tmp/ushare-11312-312-18120.c
     1	extern int setlocale();
     2	int main(){
     3	    setlocale();
     4	    return 0;
     5	}
END /tmp/ushare-11312-312-18120.c
mips-linux-uclibc-gcc -I/work/Trendchip_89741/tpbsp/apps/public/DLNA_MediaServer/ushare-1.1a -I/work/Trendchip_89741/tpbsp/apps/public/DLNA_MediaServer/ushare-1.1a/src -I/work/Trendchip_89741/tpbsp/apps/public/DLNA_MediaServer/ffmpeg-0.6/libavcodec/ -I/work/Trendchip_89741/tpbsp/apps/public/DLNA_MediaServer/ffmpeg-0.6/libavformat/ -I/work/Trendchip_89741/tpbsp/apps/public/DLNA_MediaServer/ffmpeg-0.6/libavdevice/ -I/work/Trendchip_89741/tpbsp/apps/public/DLNA_MediaServer/ffmpeg-0.6/libavutil/ -I/work/Trendchip_89741/tpbsp/apps/public/DLNA_MediaServer/libdlna-0.2.3-fixed/src -I/work/Trendchip_89741/tpbsp/apps/private/user/clibs/upnp_libs/inc -W -Wall -D_LARGEFILE_SOURCE -D_FILE_OFFSET_BITS=64 -D_REENTRANT -D_GNU_SOURCE -O3 -DHAVE_LOCALE_H -c -o /tmp/ushare-19722-312-3792.o /tmp/ushare-11312-312-18120.c
mips-linux-uclibc-gcc -L/work/Trendchip_89741/tpbsp/apps/public/DLNA_MediaServer/libdlna-0.2.3-fixed/src -L/work/Trendchip_89741/tpbsp/apps/private/user/clibs/upnp_libs/libs -L/work/Trendchip_89741/tpbsp/apps/public/DLNA_MediaServer/ffmpeg-0.6/libavcodec/ -L/work/Trendchip_89741/tpbsp/apps/public/DLNA_MediaServer/ffmpeg-0.6/libavformat/ -L/work/Trendchip_89741/tpbsp/apps/public/DLNA_MediaServer/ffmpeg-0.6/libavdevice/ -L/work/Trendchip_89741/tpbsp/apps/public/DLNA_MediaServer/ffmpeg-0.6/libavutil/ -o /tmp/ushare-27582-312-11706 /tmp/ushare-19722-312-3792.o
Checking for ifaddrs ...
check_lib ifaddrs.h getifaddrs 
check_header ifaddrs.h
check_cpp
BEGIN /tmp/ushare-11312-312-18120.c
     1	#include <ifaddrs.h>
     2	int x;
END /tmp/ushare-11312-312-18120.c
mips-linux-uclibc-gcc -I/work/Trendchip_89741/tpbsp/apps/public/DLNA_MediaServer/ushare-1.1a -I/work/Trendchip_89741/tpbsp/apps/public/DLNA_MediaServer/ushare-1.1a/src -I/work/Trendchip_89741/tpbsp/apps/public/DLNA_MediaServer/ffmpeg-0.6/libavcodec/ -I/work/Trendchip_89741/tpbsp/apps/public/DLNA_MediaServer/ffmpeg-0.6/libavformat/ -I/work/Trendchip_89741/tpbsp/apps/public/DLNA_MediaServer/ffmpeg-0.6/libavdevice/ -I/work/Trendchip_89741/tpbsp/apps/public/DLNA_MediaServer/ffmpeg-0.6/libavutil/ -I/work/Trendchip_89741/tpbsp/apps/public/DLNA_MediaServer/libdlna-0.2.3-fixed/src -I/work/Trendchip_89741/tpbsp/apps/private/user/clibs/upnp_libs/inc -W -Wall -D_LARGEFILE_SOURCE -D_FILE_OFFSET_BITS=64 -D_REENTRANT -D_GNU_SOURCE -O3 -DHAVE_LOCALE_H -DHAVE_SETLOCALE -E -o /tmp/ushare-19722-312-3792.o /tmp/ushare-11312-312-18120.c
check_func getifaddrs
check_ld
check_cc
BEGIN /tmp/ushare-11312-312-18120.c
     1	extern int getifaddrs();
     2	int main(){
     3	    getifaddrs();
     4	    return 0;
     5	}
END /tmp/ushare-11312-312-18120.c
mips-linux-uclibc-gcc -I/work/Trendchip_89741/tpbsp/apps/public/DLNA_MediaServer/ushare-1.1a -I/work/Trendchip_89741/tpbsp/apps/public/DLNA_MediaServer/ushare-1.1a/src -I/work/Trendchip_89741/tpbsp/apps/public/DLNA_MediaServer/ffmpeg-0.6/libavcodec/ -I/work/Trendchip_89741/tpbsp/apps/public/DLNA_MediaServer/ffmpeg-0.6/libavformat/ -I/work/Trendchip_89741/tpbsp/apps/public/DLNA_MediaServer/ffmpeg-0.6/libavdevice/ -I/work/Trendchip_89741/tpbsp/apps/public/DLNA_MediaServer/ffmpeg-0.6/libavutil/ -I/work/Trendchip_89741/tpbsp/apps/public/DLNA_MediaServer/libdlna-0.2.3-fixed/src -I/work/Trendchip_89741/tpbsp/apps/private/user/clibs/upnp_libs/inc -W -Wall -D_LARGEFILE_SOURCE -D_FILE_OFFSET_BITS=64 -D_REENTRANT -D_GNU_SOURCE -O3 -DHAVE_LOCALE_H -DHAVE_SETLOCALE -c -o /tmp/ushare-19722-312-3792.o /tmp/ushare-11312-312-18120.c
mips-linux-uclibc-gcc -L/work/Trendchip_89741/tpbsp/apps/public/DLNA_MediaServer/libdlna-0.2.3-fixed/src -L/work/Trendchip_89741/tpbsp/apps/private/user/clibs/upnp_libs/libs -L/work/Trendchip_89741/tpbsp/apps/public/DLNA_MediaServer/ffmpeg-0.6/libavcodec/ -L/work/Trendchip_89741/tpbsp/apps/public/DLNA_MediaServer/ffmpeg-0.6/libavformat/ -L/work/Trendchip_89741/tpbsp/apps/public/DLNA_MediaServer/ffmpeg-0.6/libavdevice/ -L/work/Trendchip_89741/tpbsp/apps/public/DLNA_MediaServer/ffmpeg-0.6/libavutil/ -o /tmp/ushare-27582-312-11706 /tmp/ushare-19722-312-3792.o
Checking for langinfo ...
check_header langinfo.h
check_cpp
BEGIN /tmp/ushare-11312-312-18120.c
     1	#include <langinfo.h>
     2	int x;
END /tmp/ushare-11312-312-18120.c
mips-linux-uclibc-gcc -I/work/Trendchip_89741/tpbsp/apps/public/DLNA_MediaServer/ushare-1.1a -I/work/Trendchip_89741/tpbsp/apps/public/DLNA_MediaServer/ushare-1.1a/src -I/work/Trendchip_89741/tpbsp/apps/public/DLNA_MediaServer/ffmpeg-0.6/libavcodec/ -I/work/Trendchip_89741/tpbsp/apps/public/DLNA_MediaServer/ffmpeg-0.6/libavformat/ -I/work/Trendchip_89741/tpbsp/apps/public/DLNA_MediaServer/ffmpeg-0.6/libavdevice/ -I/work/Trendchip_89741/tpbsp/apps/public/DLNA_MediaServer/ffmpeg-0.6/libavutil/ -I/work/Trendchip_89741/tpbsp/apps/public/DLNA_MediaServer/libdlna-0.2.3-fixed/src -I/work/Trendchip_89741/tpbsp/apps/private/user/clibs/upnp_libs/inc -W -Wall -D_LARGEFILE_SOURCE -D_FILE_OFFSET_BITS=64 -D_REENTRANT -D_GNU_SOURCE -O3 -DHAVE_LOCALE_H -DHAVE_SETLOCALE -DHAVE_IFADDRS_H -E -o /tmp/ushare-19722-312-3792.o /tmp/ushare-11312-312-18120.c
check_lib langinfo.h nl_langinfo 
check_header langinfo.h
check_cpp
BEGIN /tmp/ushare-11312-312-18120.c
     1	#include <langinfo.h>
     2	int x;
END /tmp/ushare-11312-312-18120.c
mips-linux-uclibc-gcc -I/work/Trendchip_89741/tpbsp/apps/public/DLNA_MediaServer/ushare-1.1a -I/work/Trendchip_89741/tpbsp/apps/public/DLNA_MediaServer/ushare-1.1a/src -I/work/Trendchip_89741/tpbsp/apps/public/DLNA_MediaServer/ffmpeg-0.6/libavcodec/ -I/work/Trendchip_89741/tpbsp/apps/public/DLNA_MediaServer/ffmpeg-0.6/libavformat/ -I/work/Trendchip_89741/tpbsp/apps/public/DLNA_MediaServer/ffmpeg-0.6/libavdevice/ -I/work/Trendchip_89741/tpbsp/apps/public/DLNA_MediaServer/ffmpeg-0.6/libavutil/ -I/work/Trendchip_89741/tpbsp/apps/public/DLNA_MediaServer/libdlna-0.2.3-fixed/src -I/work/Trendchip_89741/tpbsp/apps/private/user/clibs/upnp_libs/inc -W -Wall -D_LARGEFILE_SOURCE -D_FILE_OFFSET_BITS=64 -D_REENTRANT -D_GNU_SOURCE -O3 -DHAVE_LOCALE_H -DHAVE_SETLOCALE -DHAVE_IFADDRS_H -DHAVE_LANGINFO_H -E -o /tmp/ushare-19722-312-3792.o /tmp/ushare-11312-312-18120.c
check_func nl_langinfo
check_ld
check_cc
BEGIN /tmp/ushare-11312-312-18120.c
     1	extern int nl_langinfo();
     2	int main(){
     3	    nl_langinfo();
     4	    return 0;
     5	}
END /tmp/ushare-11312-312-18120.c
mips-linux-uclibc-gcc -I/work/Trendchip_89741/tpbsp/apps/public/DLNA_MediaServer/ushare-1.1a -I/work/Trendchip_89741/tpbsp/apps/public/DLNA_MediaServer/ushare-1.1a/src -I/work/Trendchip_89741/tpbsp/apps/public/DLNA_MediaServer/ffmpeg-0.6/libavcodec/ -I/work/Trendchip_89741/tpbsp/apps/public/DLNA_MediaServer/ffmpeg-0.6/libavformat/ -I/work/Trendchip_89741/tpbsp/apps/public/DLNA_MediaServer/ffmpeg-0.6/libavdevice/ -I/work/Trendchip_89741/tpbsp/apps/public/DLNA_MediaServer/ffmpeg-0.6/libavutil/ -I/work/Trendchip_89741/tpbsp/apps/public/DLNA_MediaServer/libdlna-0.2.3-fixed/src -I/work/Trendchip_89741/tpbsp/apps/private/user/clibs/upnp_libs/inc -W -Wall -D_LARGEFILE_SOURCE -D_FILE_OFFSET_BITS=64 -D_REENTRANT -D_GNU_SOURCE -O3 -DHAVE_LOCALE_H -DHAVE_SETLOCALE -DHAVE_IFADDRS_H -DHAVE_LANGINFO_H -c -o /tmp/ushare-19722-312-3792.o /tmp/ushare-11312-312-18120.c
mips-linux-uclibc-gcc -L/work/Trendchip_89741/tpbsp/apps/public/DLNA_MediaServer/libdlna-0.2.3-fixed/src -L/work/Trendchip_89741/tpbsp/apps/private/user/clibs/upnp_libs/libs -L/work/Trendchip_89741/tpbsp/apps/public/DLNA_MediaServer/ffmpeg-0.6/libavcodec/ -L/work/Trendchip_89741/tpbsp/apps/public/DLNA_MediaServer/ffmpeg-0.6/libavformat/ -L/work/Trendchip_89741/tpbsp/apps/public/DLNA_MediaServer/ffmpeg-0.6/libavdevice/ -L/work/Trendchip_89741/tpbsp/apps/public/DLNA_MediaServer/ffmpeg-0.6/libavutil/ -o /tmp/ushare-27582-312-11706 /tmp/ushare-19722-312-3792.o
Checking for iconv ...
check_lib iconv.h iconv 
check_header iconv.h
check_cpp
BEGIN /tmp/ushare-11312-312-18120.c
     1	#include <iconv.h>
     2	int x;
END /tmp/ushare-11312-312-18120.c
mips-linux-uclibc-gcc -I/work/Trendchip_89741/tpbsp/apps/public/DLNA_MediaServer/ushare-1.1a -I/work/Trendchip_89741/tpbsp/apps/public/DLNA_MediaServer/ushare-1.1a/src -I/work/Trendchip_89741/tpbsp/apps/public/DLNA_MediaServer/ffmpeg-0.6/libavcodec/ -I/work/Trendchip_89741/tpbsp/apps/public/DLNA_MediaServer/ffmpeg-0.6/libavformat/ -I/work/Trendchip_89741/tpbsp/apps/public/DLNA_MediaServer/ffmpeg-0.6/libavdevice/ -I/work/Trendchip_89741/tpbsp/apps/public/DLNA_MediaServer/ffmpeg-0.6/libavutil/ -I/work/Trendchip_89741/tpbsp/apps/public/DLNA_MediaServer/libdlna-0.2.3-fixed/src -I/work/Trendchip_89741/tpbsp/apps/private/user/clibs/upnp_libs/inc -W -Wall -D_LARGEFILE_SOURCE -D_FILE_OFFSET_BITS=64 -D_REENTRANT -D_GNU_SOURCE -O3 -DHAVE_LOCALE_H -DHAVE_SETLOCALE -DHAVE_IFADDRS_H -DHAVE_LANGINFO_H -DHAVE_LANGINFO_CODESET -E -o /tmp/ushare-19722-312-3792.o /tmp/ushare-11312-312-18120.c
/tmp/ushare-11312-312-18120.c:1:19: error: iconv.h: No such file or directory
check_cflags -I/work/Trendchip_89741/tpbsp/apps/private/user/clibs/upnp_libs
check_cc -I/work/Trendchip_89741/tpbsp/apps/private/user/clibs/upnp_libs
BEGIN /tmp/ushare-11312-312-18120.c
     1	int x;
END /tmp/ushare-11312-312-18120.c
mips-linux-uclibc-gcc -I/work/Trendchip_89741/tpbsp/apps/public/DLNA_MediaServer/ushare-1.1a -I/work/Trendchip_89741/tpbsp/apps/public/DLNA_MediaServer/ushare-1.1a/src -I/work/Trendchip_89741/tpbsp/apps/public/DLNA_MediaServer/ffmpeg-0.6/libavcodec/ -I/work/Trendchip_89741/tpbsp/apps/public/DLNA_MediaServer/ffmpeg-0.6/libavformat/ -I/work/Trendchip_89741/tpbsp/apps/public/DLNA_MediaServer/ffmpeg-0.6/libavdevice/ -I/work/Trendchip_89741/tpbsp/apps/public/DLNA_MediaServer/ffmpeg-0.6/libavutil/ -I/work/Trendchip_89741/tpbsp/apps/public/DLNA_MediaServer/libdlna-0.2.3-fixed/src -I/work/Trendchip_89741/tpbsp/apps/private/user/clibs/upnp_libs/inc -W -Wall -D_LARGEFILE_SOURCE -D_FILE_OFFSET_BITS=64 -D_REENTRANT -D_GNU_SOURCE -O3 -DHAVE_LOCALE_H -DHAVE_SETLOCALE -DHAVE_IFADDRS_H -DHAVE_LANGINFO_H -DHAVE_LANGINFO_CODESET -I/work/Trendchip_89741/tpbsp/apps/private/user/clibs/upnp_libs -c -o /tmp/ushare-19722-312-3792.o /tmp/ushare-11312-312-18120.c
check_ldflags -L/work/Trendchip_89741/tpbsp/apps/private/user/clibs/upnp_libs
check_ld -L/work/Trendchip_89741/tpbsp/apps/private/user/clibs/upnp_libs
check_cc
BEGIN /tmp/ushare-11312-312-18120.c
     1	int main(){
     2	    return 0;
     3	}
END /tmp/ushare-11312-312-18120.c
mips-linux-uclibc-gcc -I/work/Trendchip_89741/tpbsp/apps/public/DLNA_MediaServer/ushare-1.1a -I/work/Trendchip_89741/tpbsp/apps/public/DLNA_MediaServer/ushare-1.1a/src -I/work/Trendchip_89741/tpbsp/apps/public/DLNA_MediaServer/ffmpeg-0.6/libavcodec/ -I/work/Trendchip_89741/tpbsp/apps/public/DLNA_MediaServer/ffmpeg-0.6/libavformat/ -I/work/Trendchip_89741/tpbsp/apps/public/DLNA_MediaServer/ffmpeg-0.6/libavdevice/ -I/work/Trendchip_89741/tpbsp/apps/public/DLNA_MediaServer/ffmpeg-0.6/libavutil/ -I/work/Trendchip_89741/tpbsp/apps/public/DLNA_MediaServer/libdlna-0.2.3-fixed/src -I/work/Trendchip_89741/tpbsp/apps/private/user/clibs/upnp_libs/inc -W -Wall -D_LARGEFILE_SOURCE -D_FILE_OFFSET_BITS=64 -D_REENTRANT -D_GNU_SOURCE -O3 -DHAVE_LOCALE_H -DHAVE_SETLOCALE -DHAVE_IFADDRS_H -DHAVE_LANGINFO_H -DHAVE_LANGINFO_CODESET -c -o /tmp/ushare-19722-312-3792.o /tmp/ushare-11312-312-18120.c
mips-linux-uclibc-gcc -L/work/Trendchip_89741/tpbsp/apps/public/DLNA_MediaServer/libdlna-0.2.3-fixed/src -L/work/Trendchip_89741/tpbsp/apps/private/user/clibs/upnp_libs/libs -L/work/Trendchip_89741/tpbsp/apps/public/DLNA_MediaServer/ffmpeg-0.6/libavcodec/ -L/work/Trendchip_89741/tpbsp/apps/public/DLNA_MediaServer/ffmpeg-0.6/libavformat/ -L/work/Trendchip_89741/tpbsp/apps/public/DLNA_MediaServer/ffmpeg-0.6/libavdevice/ -L/work/Trendchip_89741/tpbsp/apps/public/DLNA_MediaServer/ffmpeg-0.6/libavutil/ -L/work/Trendchip_89741/tpbsp/apps/private/user/clibs/upnp_libs -o /tmp/ushare-27582-312-11706 /tmp/ushare-19722-312-3792.o
Checking for libixml ...
check_lib ixml.h ixmlRelaxParser -lixml
check_header ixml.h
check_cpp
BEGIN /tmp/ushare-11312-312-18120.c
     1	#include <ixml.h>
     2	int x;
END /tmp/ushare-11312-312-18120.c
mips-linux-uclibc-gcc -I/work/Trendchip_89741/tpbsp/apps/public/DLNA_MediaServer/ushare-1.1a -I/work/Trendchip_89741/tpbsp/apps/public/DLNA_MediaServer/ushare-1.1a/src -I/work/Trendchip_89741/tpbsp/apps/public/DLNA_MediaServer/ffmpeg-0.6/libavcodec/ -I/work/Trendchip_89741/tpbsp/apps/public/DLNA_MediaServer/ffmpeg-0.6/libavformat/ -I/work/Trendchip_89741/tpbsp/apps/public/DLNA_MediaServer/ffmpeg-0.6/libavdevice/ -I/work/Trendchip_89741/tpbsp/apps/public/DLNA_MediaServer/ffmpeg-0.6/libavutil/ -I/work/Trendchip_89741/tpbsp/apps/public/DLNA_MediaServer/libdlna-0.2.3-fixed/src -I/work/Trendchip_89741/tpbsp/apps/private/user/clibs/upnp_libs/inc -W -Wall -D_LARGEFILE_SOURCE -D_FILE_OFFSET_BITS=64 -D_REENTRANT -D_GNU_SOURCE -O3 -DHAVE_LOCALE_H -DHAVE_SETLOCALE -DHAVE_IFADDRS_H -DHAVE_LANGINFO_H -DHAVE_LANGINFO_CODESET -E -o /tmp/ushare-19722-312-3792.o /tmp/ushare-11312-312-18120.c
check_func ixmlRelaxParser
check_ld
check_cc
BEGIN /tmp/ushare-11312-312-18120.c
     1	extern int ixmlRelaxParser();
     2	int main(){
     3	    ixmlRelaxParser();
     4	    return 0;
     5	}
END /tmp/ushare-11312-312-18120.c
mips-linux-uclibc-gcc -I/work/Trendchip_89741/tpbsp/apps/public/DLNA_MediaServer/ushare-1.1a -I/work/Trendchip_89741/tpbsp/apps/public/DLNA_MediaServer/ushare-1.1a/src -I/work/Trendchip_89741/tpbsp/apps/public/DLNA_MediaServer/ffmpeg-0.6/libavcodec/ -I/work/Trendchip_89741/tpbsp/apps/public/DLNA_MediaServer/ffmpeg-0.6/libavformat/ -I/work/Trendchip_89741/tpbsp/apps/public/DLNA_MediaServer/ffmpeg-0.6/libavdevice/ -I/work/Trendchip_89741/tpbsp/apps/public/DLNA_MediaServer/ffmpeg-0.6/libavutil/ -I/work/Trendchip_89741/tpbsp/apps/public/DLNA_MediaServer/libdlna-0.2.3-fixed/src -I/work/Trendchip_89741/tpbsp/apps/private/user/clibs/upnp_libs/inc -W -Wall -D_LARGEFILE_SOURCE -D_FILE_OFFSET_BITS=64 -D_REENTRANT -D_GNU_SOURCE -O3 -DHAVE_LOCALE_H -DHAVE_SETLOCALE -DHAVE_IFADDRS_H -DHAVE_LANGINFO_H -DHAVE_LANGINFO_CODESET -c -o /tmp/ushare-19722-312-3792.o /tmp/ushare-11312-312-18120.c
mips-linux-uclibc-gcc -L/work/Trendchip_89741/tpbsp/apps/public/DLNA_MediaServer/libdlna-0.2.3-fixed/src -L/work/Trendchip_89741/tpbsp/apps/private/user/clibs/upnp_libs/libs -L/work/Trendchip_89741/tpbsp/apps/public/DLNA_MediaServer/ffmpeg-0.6/libavcodec/ -L/work/Trendchip_89741/tpbsp/apps/public/DLNA_MediaServer/ffmpeg-0.6/libavformat/ -L/work/Trendchip_89741/tpbsp/apps/public/DLNA_MediaServer/ffmpeg-0.6/libavdevice/ -L/work/Trendchip_89741/tpbsp/apps/public/DLNA_MediaServer/ffmpeg-0.6/libavutil/ -o /tmp/ushare-27582-312-11706 /tmp/ushare-19722-312-3792.o -lixml
Checking for libthreadutil ...
check_lib ThreadPool.h ThreadPoolAdd -lthreadutil -lpthread
check_header ThreadPool.h
check_cpp
BEGIN /tmp/ushare-11312-312-18120.c
     1	#include <ThreadPool.h>
     2	int x;
END /tmp/ushare-11312-312-18120.c
mips-linux-uclibc-gcc -I/work/Trendchip_89741/tpbsp/apps/public/DLNA_MediaServer/ushare-1.1a -I/work/Trendchip_89741/tpbsp/apps/public/DLNA_MediaServer/ushare-1.1a/src -I/work/Trendchip_89741/tpbsp/apps/public/DLNA_MediaServer/ffmpeg-0.6/libavcodec/ -I/work/Trendchip_89741/tpbsp/apps/public/DLNA_MediaServer/ffmpeg-0.6/libavformat/ -I/work/Trendchip_89741/tpbsp/apps/public/DLNA_MediaServer/ffmpeg-0.6/libavdevice/ -I/work/Trendchip_89741/tpbsp/apps/public/DLNA_MediaServer/ffmpeg-0.6/libavutil/ -I/work/Trendchip_89741/tpbsp/apps/public/DLNA_MediaServer/libdlna-0.2.3-fixed/src -I/work/Trendchip_89741/tpbsp/apps/private/user/clibs/upnp_libs/inc -W -Wall -D_LARGEFILE_SOURCE -D_FILE_OFFSET_BITS=64 -D_REENTRANT -D_GNU_SOURCE -O3 -DHAVE_LOCALE_H -DHAVE_SETLOCALE -DHAVE_IFADDRS_H -DHAVE_LANGINFO_H -DHAVE_LANGINFO_CODESET -E -o /tmp/ushare-19722-312-3792.o /tmp/ushare-11312-312-18120.c
check_func ThreadPoolAdd
check_ld
check_cc
BEGIN /tmp/ushare-11312-312-18120.c
     1	extern int ThreadPoolAdd();
     2	int main(){
     3	    ThreadPoolAdd();
     4	    return 0;
     5	}
END /tmp/ushare-11312-312-18120.c
mips-linux-uclibc-gcc -I/work/Trendchip_89741/tpbsp/apps/public/DLNA_MediaServer/ushare-1.1a -I/work/Trendchip_89741/tpbsp/apps/public/DLNA_MediaServer/ushare-1.1a/src -I/work/Trendchip_89741/tpbsp/apps/public/DLNA_MediaServer/ffmpeg-0.6/libavcodec/ -I/work/Trendchip_89741/tpbsp/apps/public/DLNA_MediaServer/ffmpeg-0.6/libavformat/ -I/work/Trendchip_89741/tpbsp/apps/public/DLNA_MediaServer/ffmpeg-0.6/libavdevice/ -I/work/Trendchip_89741/tpbsp/apps/public/DLNA_MediaServer/ffmpeg-0.6/libavutil/ -I/work/Trendchip_89741/tpbsp/apps/public/DLNA_MediaServer/libdlna-0.2.3-fixed/src -I/work/Trendchip_89741/tpbsp/apps/private/user/clibs/upnp_libs/inc -W -Wall -D_LARGEFILE_SOURCE -D_FILE_OFFSET_BITS=64 -D_REENTRANT -D_GNU_SOURCE -O3 -DHAVE_LOCALE_H -DHAVE_SETLOCALE -DHAVE_IFADDRS_H -DHAVE_LANGINFO_H -DHAVE_LANGINFO_CODESET -c -o /tmp/ushare-19722-312-3792.o /tmp/ushare-11312-312-18120.c
mips-linux-uclibc-gcc -L/work/Trendchip_89741/tpbsp/apps/public/DLNA_MediaServer/libdlna-0.2.3-fixed/src -L/work/Trendchip_89741/tpbsp/apps/private/user/clibs/upnp_libs/libs -L/work/Trendchip_89741/tpbsp/apps/public/DLNA_MediaServer/ffmpeg-0.6/libavcodec/ -L/work/Trendchip_89741/tpbsp/apps/public/DLNA_MediaServer/ffmpeg-0.6/libavformat/ -L/work/Trendchip_89741/tpbsp/apps/public/DLNA_MediaServer/ffmpeg-0.6/libavdevice/ -L/work/Trendchip_89741/tpbsp/apps/public/DLNA_MediaServer/ffmpeg-0.6/libavutil/ -o /tmp/ushare-27582-312-11706 /tmp/ushare-19722-312-3792.o -lixml -lthreadutil -lpthread
check_lib upnp.h UpnpSetMaxContentLength -lupnp
check_header upnp.h
check_cpp
BEGIN /tmp/ushare-11312-312-18120.c
     1	#include <upnp.h>
     2	int x;
END /tmp/ushare-11312-312-18120.c
mips-linux-uclibc-gcc -I/work/Trendchip_89741/tpbsp/apps/public/DLNA_MediaServer/ushare-1.1a -I/work/Trendchip_89741/tpbsp/apps/public/DLNA_MediaServer/ushare-1.1a/src -I/work/Trendchip_89741/tpbsp/apps/public/DLNA_MediaServer/ffmpeg-0.6/libavcodec/ -I/work/Trendchip_89741/tpbsp/apps/public/DLNA_MediaServer/ffmpeg-0.6/libavformat/ -I/work/Trendchip_89741/tpbsp/apps/public/DLNA_MediaServer/ffmpeg-0.6/libavdevice/ -I/work/Trendchip_89741/tpbsp/apps/public/DLNA_MediaServer/ffmpeg-0.6/libavutil/ -I/work/Trendchip_89741/tpbsp/apps/public/DLNA_MediaServer/libdlna-0.2.3-fixed/src -I/work/Trendchip_89741/tpbsp/apps/private/user/clibs/upnp_libs/inc -W -Wall -D_LARGEFILE_SOURCE -D_FILE_OFFSET_BITS=64 -D_REENTRANT -D_GNU_SOURCE -O3 -DHAVE_LOCALE_H -DHAVE_SETLOCALE -DHAVE_IFADDRS_H -DHAVE_LANGINFO_H -DHAVE_LANGINFO_CODESET -E -o /tmp/ushare-19722-312-3792.o /tmp/ushare-11312-312-18120.c
check_func UpnpSetMaxContentLength
check_ld
check_cc
BEGIN /tmp/ushare-11312-312-18120.c
     1	extern int UpnpSetMaxContentLength();
     2	int main(){
     3	    UpnpSetMaxContentLength();
     4	    return 0;
     5	}
END /tmp/ushare-11312-312-18120.c
mips-linux-uclibc-gcc -I/work/Trendchip_89741/tpbsp/apps/public/DLNA_MediaServer/ushare-1.1a -I/work/Trendchip_89741/tpbsp/apps/public/DLNA_MediaServer/ushare-1.1a/src -I/work/Trendchip_89741/tpbsp/apps/public/DLNA_MediaServer/ffmpeg-0.6/libavcodec/ -I/work/Trendchip_89741/tpbsp/apps/public/DLNA_MediaServer/ffmpeg-0.6/libavformat/ -I/work/Trendchip_89741/tpbsp/apps/public/DLNA_MediaServer/ffmpeg-0.6/libavdevice/ -I/work/Trendchip_89741/tpbsp/apps/public/DLNA_MediaServer/ffmpeg-0.6/libavutil/ -I/work/Trendchip_89741/tpbsp/apps/public/DLNA_MediaServer/libdlna-0.2.3-fixed/src -I/work/Trendchip_89741/tpbsp/apps/private/user/clibs/upnp_libs/inc -W -Wall -D_LARGEFILE_SOURCE -D_FILE_OFFSET_BITS=64 -D_REENTRANT -D_GNU_SOURCE -O3 -DHAVE_LOCALE_H -DHAVE_SETLOCALE -DHAVE_IFADDRS_H -DHAVE_LANGINFO_H -DHAVE_LANGINFO_CODESET -c -o /tmp/ushare-19722-312-3792.o /tmp/ushare-11312-312-18120.c
mips-linux-uclibc-gcc -L/work/Trendchip_89741/tpbsp/apps/public/DLNA_MediaServer/libdlna-0.2.3-fixed/src -L/work/Trendchip_89741/tpbsp/apps/private/user/clibs/upnp_libs/libs -L/work/Trendchip_89741/tpbsp/apps/public/DLNA_MediaServer/ffmpeg-0.6/libavcodec/ -L/work/Trendchip_89741/tpbsp/apps/public/DLNA_MediaServer/ffmpeg-0.6/libavformat/ -L/work/Trendchip_89741/tpbsp/apps/public/DLNA_MediaServer/ffmpeg-0.6/libavdevice/ -L/work/Trendchip_89741/tpbsp/apps/public/DLNA_MediaServer/ffmpeg-0.6/libavutil/ -o /tmp/ushare-27582-312-11706 /tmp/ushare-19722-312-3792.o -lixml -lthreadutil -lpthread -lupnp
Checking for libdlna >= 0.2.1 ...
check_cflags -I/work/Trendchip_89741/tpbsp/apps/public/DLNA_MediaServer/libdlna-0.2.3-fixed/
check_cc -I/work/Trendchip_89741/tpbsp/apps/public/DLNA_MediaServer/libdlna-0.2.3-fixed/
BEGIN /tmp/ushare-11312-312-18120.c
     1	int x;
END /tmp/ushare-11312-312-18120.c
mips-linux-uclibc-gcc -I/work/Trendchip_89741/tpbsp/apps/public/DLNA_MediaServer/ushare-1.1a -I/work/Trendchip_89741/tpbsp/apps/public/DLNA_MediaServer/ushare-1.1a/src -I/work/Trendchip_89741/tpbsp/apps/public/DLNA_MediaServer/ffmpeg-0.6/libavcodec/ -I/work/Trendchip_89741/tpbsp/apps/public/DLNA_MediaServer/ffmpeg-0.6/libavformat/ -I/work/Trendchip_89741/tpbsp/apps/public/DLNA_MediaServer/ffmpeg-0.6/libavdevice/ -I/work/Trendchip_89741/tpbsp/apps/public/DLNA_MediaServer/ffmpeg-0.6/libavutil/ -I/work/Trendchip_89741/tpbsp/apps/public/DLNA_MediaServer/libdlna-0.2.3-fixed/src -I/work/Trendchip_89741/tpbsp/apps/private/user/clibs/upnp_libs/inc -W -Wall -D_LARGEFILE_SOURCE -D_FILE_OFFSET_BITS=64 -D_REENTRANT -D_GNU_SOURCE -O3 -DHAVE_LOCALE_H -DHAVE_SETLOCALE -DHAVE_IFADDRS_H -DHAVE_LANGINFO_H -DHAVE_LANGINFO_CODESET -I/work/Trendchip_89741/tpbsp/apps/public/DLNA_MediaServer/libdlna-0.2.3-fixed/ -c -o /tmp/ushare-19722-312-3792.o /tmp/ushare-11312-312-18120.c
check_ldflags -L/work/Trendchip_89741/tpbsp/apps/public/DLNA_MediaServer/libdlna-0.2.3-fixed/
check_ld -L/work/Trendchip_89741/tpbsp/apps/public/DLNA_MediaServer/libdlna-0.2.3-fixed/
check_cc
BEGIN /tmp/ushare-11312-312-18120.c
     1	int main(){
     2	    return 0;
     3	}
END /tmp/ushare-11312-312-18120.c
mips-linux-uclibc-gcc -I/work/Trendchip_89741/tpbsp/apps/public/DLNA_MediaServer/ushare-1.1a -I/work/Trendchip_89741/tpbsp/apps/public/DLNA_MediaServer/ushare-1.1a/src -I/work/Trendchip_89741/tpbsp/apps/public/DLNA_MediaServer/ffmpeg-0.6/libavcodec/ -I/work/Trendchip_89741/tpbsp/apps/public/DLNA_MediaServer/ffmpeg-0.6/libavformat/ -I/work/Trendchip_89741/tpbsp/apps/public/DLNA_MediaServer/ffmpeg-0.6/libavdevice/ -I/work/Trendchip_89741/tpbsp/apps/public/DLNA_MediaServer/ffmpeg-0.6/libavutil/ -I/work/Trendchip_89741/tpbsp/apps/public/DLNA_MediaServer/libdlna-0.2.3-fixed/src -I/work/Trendchip_89741/tpbsp/apps/private/user/clibs/upnp_libs/inc -W -Wall -D_LARGEFILE_SOURCE -D_FILE_OFFSET_BITS=64 -D_REENTRANT -D_GNU_SOURCE -O3 -DHAVE_LOCALE_H -DHAVE_SETLOCALE -DHAVE_IFADDRS_H -DHAVE_LANGINFO_H -DHAVE_LANGINFO_CODESET -c -o /tmp/ushare-19722-312-3792.o /tmp/ushare-11312-312-18120.c
mips-linux-uclibc-gcc -L/work/Trendchip_89741/tpbsp/apps/public/DLNA_MediaServer/libdlna-0.2.3-fixed/src -L/work/Trendchip_89741/tpbsp/apps/private/user/clibs/upnp_libs/libs -L/work/Trendchip_89741/tpbsp/apps/public/DLNA_MediaServer/ffmpeg-0.6/libavcodec/ -L/work/Trendchip_89741/tpbsp/apps/public/DLNA_MediaServer/ffmpeg-0.6/libavformat/ -L/work/Trendchip_89741/tpbsp/apps/public/DLNA_MediaServer/ffmpeg-0.6/libavdevice/ -L/work/Trendchip_89741/tpbsp/apps/public/DLNA_MediaServer/ffmpeg-0.6/libavutil/ -L/work/Trendchip_89741/tpbsp/apps/public/DLNA_MediaServer/libdlna-0.2.3-fixed/ -o /tmp/ushare-27582-312-11706 /tmp/ushare-19722-312-3792.o -lixml -lthreadutil -lpthread -lupnp
check_lib dlna.h dlna_register_all_media_profiles -ldlna -lavformat -lavcodec -lavutil -lm
check_header dlna.h
check_cpp
BEGIN /tmp/ushare-11312-312-18120.c
     1	#include <dlna.h>
     2	int x;
END /tmp/ushare-11312-312-18120.c
mips-linux-uclibc-gcc -I/work/Trendchip_89741/tpbsp/apps/public/DLNA_MediaServer/ushare-1.1a -I/work/Trendchip_89741/tpbsp/apps/public/DLNA_MediaServer/ushare-1.1a/src -I/work/Trendchip_89741/tpbsp/apps/public/DLNA_MediaServer/ffmpeg-0.6/libavcodec/ -I/work/Trendchip_89741/tpbsp/apps/public/DLNA_MediaServer/ffmpeg-0.6/libavformat/ -I/work/Trendchip_89741/tpbsp/apps/public/DLNA_MediaServer/ffmpeg-0.6/libavdevice/ -I/work/Trendchip_89741/tpbsp/apps/public/DLNA_MediaServer/ffmpeg-0.6/libavutil/ -I/work/Trendchip_89741/tpbsp/apps/public/DLNA_MediaServer/libdlna-0.2.3-fixed/src -I/work/Trendchip_89741/tpbsp/apps/private/user/clibs/upnp_libs/inc -W -Wall -D_LARGEFILE_SOURCE -D_FILE_OFFSET_BITS=64 -D_REENTRANT -D_GNU_SOURCE -O3 -DHAVE_LOCALE_H -DHAVE_SETLOCALE -DHAVE_IFADDRS_H -DHAVE_LANGINFO_H -DHAVE_LANGINFO_CODESET -E -o /tmp/ushare-19722-312-3792.o /tmp/ushare-11312-312-18120.c
check_func dlna_register_all_media_profiles
check_ld
check_cc
BEGIN /tmp/ushare-11312-312-18120.c
     1	extern int dlna_register_all_media_profiles();
     2	int main(){
     3	    dlna_register_all_media_profiles();
     4	    return 0;
     5	}
END /tmp/ushare-11312-312-18120.c
mips-linux-uclibc-gcc -I/work/Trendchip_89741/tpbsp/apps/public/DLNA_MediaServer/ushare-1.1a -I/work/Trendchip_89741/tpbsp/apps/public/DLNA_MediaServer/ushare-1.1a/src -I/work/Trendchip_89741/tpbsp/apps/public/DLNA_MediaServer/ffmpeg-0.6/libavcodec/ -I/work/Trendchip_89741/tpbsp/apps/public/DLNA_MediaServer/ffmpeg-0.6/libavformat/ -I/work/Trendchip_89741/tpbsp/apps/public/DLNA_MediaServer/ffmpeg-0.6/libavdevice/ -I/work/Trendchip_89741/tpbsp/apps/public/DLNA_MediaServer/ffmpeg-0.6/libavutil/ -I/work/Trendchip_89741/tpbsp/apps/public/DLNA_MediaServer/libdlna-0.2.3-fixed/src -I/work/Trendchip_89741/tpbsp/apps/private/user/clibs/upnp_libs/inc -W -Wall -D_LARGEFILE_SOURCE -D_FILE_OFFSET_BITS=64 -D_REENTRANT -D_GNU_SOURCE -O3 -DHAVE_LOCALE_H -DHAVE_SETLOCALE -DHAVE_IFADDRS_H -DHAVE_LANGINFO_H -DHAVE_LANGINFO_CODESET -c -o /tmp/ushare-19722-312-3792.o /tmp/ushare-11312-312-18120.c
mips-linux-uclibc-gcc -L/work/Trendchip_89741/tpbsp/apps/public/DLNA_MediaServer/libdlna-0.2.3-fixed/src -L/work/Trendchip_89741/tpbsp/apps/private/user/clibs/upnp_libs/libs -L/work/Trendchip_89741/tpbsp/apps/public/DLNA_MediaServer/ffmpeg-0.6/libavcodec/ -L/work/Trendchip_89741/tpbsp/apps/public/DLNA_MediaServer/ffmpeg-0.6/libavformat/ -L/work/Trendchip_89741/tpbsp/apps/public/DLNA_MediaServer/ffmpeg-0.6/libavdevice/ -L/work/Trendchip_89741/tpbsp/apps/public/DLNA_MediaServer/ffmpeg-0.6/libavutil/ -o /tmp/ushare-27582-312-11706 /tmp/ushare-19722-312-3792.o -lixml -lthreadutil -lpthread -lupnp -ldlna -lavformat -lavcodec -lavutil -lm

uShare: configure is OK
  version            1.1a
  using libupnp      
  using libdlna      
configuration:
  install prefix     /usr/local
  configuration dir  ${PREFIX}/etc
  locales dir        ${PREFIX}/share/locale
  NLS support        no
  DLNA support       yes
  C compiler         mips-linux-uclibc-gcc
  STRIP              mips-linux-uclibc-strip
  make               make
  CPU                x86 ()
  debug symbols      no
  strip symbols      yes
  optimize           yes

  CFLAGS             -I/work/Trendchip_89741/tpbsp/apps/public/DLNA_MediaServer/ushare-1.1a -I/work/Trendchip_89741/tpbsp/apps/public/DLNA_MediaServer/ushare-1.1a/src -I/work/Trendchip_89741/tpbsp/apps/public/DLNA_MediaServer/ffmpeg-0.6/libavcodec/ -I/work/Trendchip_89741/tpbsp/apps/public/DLNA_MediaServer/ffmpeg-0.6/libavformat/ -I/work/Trendchip_89741/tpbsp/apps/public/DLNA_MediaServer/ffmpeg-0.6/libavdevice/ -I/work/Trendchip_89741/tpbsp/apps/public/DLNA_MediaServer/ffmpeg-0.6/libavutil/ -I/work/Trendchip_89741/tpbsp/apps/public/DLNA_MediaServer/libdlna-0.2.3-fixed/src -I/work/Trendchip_89741/tpbsp/apps/private/user/clibs/upnp_libs/inc -W -Wall -D_LARGEFILE_SOURCE -D_FILE_OFFSET_BITS=64 -D_REENTRANT -D_GNU_SOURCE -O3 -DHAVE_LOCALE_H -DHAVE_SETLOCALE -DHAVE_IFADDRS_H -DHAVE_LANGINFO_H -DHAVE_LANGINFO_CODESET -DHAVE_DLNA
  LDFLAGS            -L/work/Trendchip_89741/tpbsp/apps/public/DLNA_MediaServer/libdlna-0.2.3-fixed/src -L/work/Trendchip_89741/tpbsp/apps/private/user/clibs/upnp_libs/libs -L/work/Trendchip_89741/tpbsp/apps/public/DLNA_MediaServer/ffmpeg-0.6/libavcodec/ -L/work/Trendchip_89741/tpbsp/apps/public/DLNA_MediaServer/ffmpeg-0.6/libavformat/ -L/work/Trendchip_89741/tpbsp/apps/public/DLNA_MediaServer/ffmpeg-0.6/libavdevice/ -L/work/Trendchip_89741/tpbsp/apps/public/DLNA_MediaServer/ffmpeg-0.6/libavutil/
  extralibs           -lixml -lthreadutil -lpthread -lupnp -ldlna -lavformat -lavcodec -lavutil -lm

Creating config.mak ...
Creating config.h ...
